[ 2023-03-16 22:55:44,280 ] 16 root - INFO - >>>>>>>>>>>>>>>>>>>>>>>>>>>>>>>>>>>>>>>> Data Ingestion <<<<<<<<<<<<<<<<<<<<<<<<<<<<<<<<<<<<<<<<
[ 2023-03-16 22:55:44,280 ] 23 root - INFO - Exporting collection data as pandas dataframe
[ 2023-03-16 22:55:44,280 ] 17 root - INFO - Reading data from database: air_pressure_system and collection: Sensor
[ 2023-03-16 22:55:47,643 ] 19 root - INFO - Found columns: Index(['_id', 'class', 'aa_000', 'ab_000', 'ac_000', 'ad_000', 'ae_000',
       'af_000', 'ag_000', 'ag_001',
       ...
       'ee_002', 'ee_003', 'ee_004', 'ee_005', 'ee_006', 'ee_007', 'ee_008',
       'ee_009', 'ef_000', 'eg_000'],
      dtype='object', length=172)
[ 2023-03-16 22:55:47,643 ] 21 root - INFO - Dropping column: _id 
[ 2023-03-16 22:55:47,852 ] 23 root - INFO - Row and columns in df: (36188, 171)
[ 2023-03-16 22:55:47,853 ] 29 root - INFO - Save data in feature store
[ 2023-03-16 22:55:48,393 ] 35 root - INFO - Create feature store folder if not available
[ 2023-03-16 22:55:48,393 ] 39 root - INFO - Save df to feature store folder
[ 2023-03-16 22:55:50,796 ] 44 root - INFO - split dataset into train and test set
[ 2023-03-16 22:55:51,348 ] 48 root - INFO - create dataset directory folder if not available
[ 2023-03-16 22:55:51,349 ] 53 root - INFO - Save df to feature store folder
[ 2023-03-16 22:55:53,503 ] 65 root - INFO - Data ingestion artifact: DataIngestionArtifact(feature_store_file_path='/config/workspace/artifact/03162023__225544/data_ingestion/feature_store/sensor.csv', train_file_path='/config/workspace/artifact/03162023__225544/data_ingestion/dataset/train.csv', test_file_path='/config/workspace/artifact/03162023__225544/data_ingestion/dataset/test.csv')
[ 2023-03-16 22:55:53,898 ] 17 root - INFO - >>>>>>>>>>>>>>>>>>>>>>>>>>>>>>>>>>>>>>>> Data Validation <<<<<<<<<<<<<<<<<<<<<<<<<<<<<<<<<<<<<<<<
[ 2023-03-16 22:55:53,898 ] 107 root - INFO - Reading base dataframe
[ 2023-03-16 22:55:56,694 ] 110 root - INFO - Replace na value in base df
[ 2023-03-16 22:55:56,694 ] 112 root - INFO - Drop null values colums from base df
[ 2023-03-16 22:55:57,633 ] 42 root - INFO - Selecting Column Names which containing null values above to 0.2
[ 2023-03-16 22:55:57,634 ] 45 root - INFO - Columns to Drop :Index(['ab_000', 'ad_000', 'bk_000', 'bl_000', 'bm_000', 'bn_000', 'bo_000',
       'bp_000', 'bq_000', 'br_000', 'cf_000', 'cg_000', 'ch_000', 'co_000',
       'cr_000', 'ct_000', 'cu_000', 'cv_000', 'cx_000', 'cy_000', 'cz_000',
       'da_000', 'db_000', 'dc_000'],
      dtype='object')
[ 2023-03-16 22:55:57,740 ] 115 root - INFO - Reading train dataframe
[ 2023-03-16 22:55:58,122 ] 117 root - INFO - Reading test dataframe
[ 2023-03-16 22:55:58,222 ] 120 root - INFO - Drop null values colums from train df
[ 2023-03-16 22:55:58,234 ] 42 root - INFO - Selecting Column Names which containing null values above to 0.2
[ 2023-03-16 22:55:58,234 ] 45 root - INFO - Columns to Drop :Index(['ab_000', 'ad_000', 'bk_000', 'bl_000', 'bm_000', 'bn_000', 'bo_000',
       'bp_000', 'bq_000', 'br_000', 'cf_000', 'cg_000', 'ch_000', 'co_000',
       'cr_000', 'ct_000', 'cu_000', 'cv_000', 'cx_000', 'cy_000', 'cz_000',
       'da_000', 'db_000', 'dc_000'],
      dtype='object')
[ 2023-03-16 22:55:58,246 ] 122 root - INFO - Drop null values colums from test df
[ 2023-03-16 22:55:58,250 ] 42 root - INFO - Selecting Column Names which containing null values above to 0.2
[ 2023-03-16 22:55:58,251 ] 45 root - INFO - Columns to Drop :Index(['ab_000', 'ad_000', 'bk_000', 'bl_000', 'bm_000', 'bn_000', 'bo_000',
       'bp_000', 'bq_000', 'br_000', 'cf_000', 'cg_000', 'ch_000', 'co_000',
       'cr_000', 'ct_000', 'cu_000', 'cv_000', 'cx_000', 'cy_000', 'cz_000',
       'da_000', 'db_000', 'dc_000'],
      dtype='object')
[ 2023-03-16 22:55:58,253 ] 125 root - INFO - Is all required columns present in train df
[ 2023-03-16 22:55:58,254 ] 127 root - INFO - Is all required columns present in test df
[ 2023-03-16 22:55:58,254 ] 131 root - INFO - As all column are available in train df hence detecting data drift
