[ 2023-03-16 22:55:01,137 ] 16 root - INFO - >>>>>>>>>>>>>>>>>>>>>>>>>>>>>>>>>>>>>>>> Data Ingestion <<<<<<<<<<<<<<<<<<<<<<<<<<<<<<<<<<<<<<<<
[ 2023-03-16 22:55:01,137 ] 23 root - INFO - Exporting collection data as pandas dataframe
[ 2023-03-16 22:55:01,137 ] 17 root - INFO - Reading data from database: air_pressure_system and collection: Sensor
[ 2023-03-16 22:55:04,604 ] 19 root - INFO - Found columns: Index(['_id', 'class', 'aa_000', 'ab_000', 'ac_000', 'ad_000', 'ae_000',
       'af_000', 'ag_000', 'ag_001',
       ...
       'ee_002', 'ee_003', 'ee_004', 'ee_005', 'ee_006', 'ee_007', 'ee_008',
       'ee_009', 'ef_000', 'eg_000'],
      dtype='object', length=172)
[ 2023-03-16 22:55:04,605 ] 21 root - INFO - Dropping column: _id 
[ 2023-03-16 22:55:04,805 ] 23 root - INFO - Row and columns in df: (36188, 171)
[ 2023-03-16 22:55:04,805 ] 29 root - INFO - Save data in feature store
[ 2023-03-16 22:55:05,331 ] 35 root - INFO - Create feature store folder if not available
[ 2023-03-16 22:55:05,332 ] 39 root - INFO - Save df to feature store folder
[ 2023-03-16 22:55:07,766 ] 44 root - INFO - split dataset into train and test set
[ 2023-03-16 22:55:08,277 ] 48 root - INFO - create dataset directory folder if not available
[ 2023-03-16 22:55:08,278 ] 53 root - INFO - Save df to feature store folder
[ 2023-03-16 22:55:10,414 ] 65 root - INFO - Data ingestion artifact: DataIngestionArtifact(feature_store_file_path='/config/workspace/artifact/03162023__225501/data_ingestion/feature_store/sensor.csv', train_file_path='/config/workspace/artifact/03162023__225501/data_ingestion/dataset/train.csv', test_file_path='/config/workspace/artifact/03162023__225501/data_ingestion/dataset/test.csv')
[ 2023-03-16 22:55:10,822 ] 17 root - INFO - >>>>>>>>>>>>>>>>>>>>>>>>>>>>>>>>>>>>>>>> Data Validation <<<<<<<<<<<<<<<<<<<<<<<<<<<<<<<<<<<<<<<<
[ 2023-03-16 22:55:10,822 ] 107 root - INFO - Reading base dataframe
[ 2023-03-16 22:55:13,678 ] 110 root - INFO - Replace na value in base df
[ 2023-03-16 22:55:13,678 ] 112 root - INFO - Drop null values colums from base df
[ 2023-03-16 22:55:14,613 ] 42 root - INFO - Selecting Column Names which containing null values above to 0.2
[ 2023-03-16 22:55:14,614 ] 45 root - INFO - Columns to Drop :Index(['ab_000', 'ad_000', 'bk_000', 'bl_000', 'bm_000', 'bn_000', 'bo_000',
       'bp_000', 'bq_000', 'br_000', 'cf_000', 'cg_000', 'ch_000', 'co_000',
       'cr_000', 'ct_000', 'cu_000', 'cv_000', 'cx_000', 'cy_000', 'cz_000',
       'da_000', 'db_000', 'dc_000'],
      dtype='object')
[ 2023-03-16 22:55:14,694 ] 115 root - INFO - Reading train dataframe
[ 2023-03-16 22:55:15,085 ] 117 root - INFO - Reading test dataframe
[ 2023-03-16 22:55:15,193 ] 120 root - INFO - Drop null values colums from train df
[ 2023-03-16 22:55:15,205 ] 42 root - INFO - Selecting Column Names which containing null values above to 0.2
[ 2023-03-16 22:55:15,205 ] 45 root - INFO - Columns to Drop :Index(['ab_000', 'ad_000', 'bk_000', 'bl_000', 'bm_000', 'bn_000', 'bo_000',
       'bp_000', 'bq_000', 'br_000', 'cf_000', 'cg_000', 'ch_000', 'co_000',
       'cr_000', 'ct_000', 'cu_000', 'cv_000', 'cx_000', 'cy_000', 'cz_000',
       'da_000', 'db_000', 'dc_000'],
      dtype='object')
[ 2023-03-16 22:55:15,217 ] 122 root - INFO - Drop null values colums from test df
[ 2023-03-16 22:55:15,222 ] 42 root - INFO - Selecting Column Names which containing null values above to 0.2
[ 2023-03-16 22:55:15,222 ] 45 root - INFO - Columns to Drop :Index(['ab_000', 'ad_000', 'bk_000', 'bl_000', 'bm_000', 'bn_000', 'bo_000',
       'bp_000', 'bq_000', 'br_000', 'cf_000', 'cg_000', 'ch_000', 'co_000',
       'cr_000', 'ct_000', 'cu_000', 'cv_000', 'cx_000', 'cy_000', 'cz_000',
       'da_000', 'db_000', 'dc_000'],
      dtype='object')
[ 2023-03-16 22:55:15,226 ] 125 root - INFO - Is all required columns present in train df
[ 2023-03-16 22:55:15,226 ] 127 root - INFO - Is all required columns present in test df
[ 2023-03-16 22:55:15,227 ] 131 root - INFO - As all column are available in train df hence detecting data drift
