[ 2023-03-16 22:44:46,325 ] 16 root - INFO - >>>>>>>>>>>>>>>>>>>>>>>>>>>>>>>>>>>>>>>> Data Ingestion <<<<<<<<<<<<<<<<<<<<<<<<<<<<<<<<<<<<<<<<
[ 2023-03-16 22:44:46,325 ] 23 root - INFO - Exporting collection data as pandas dataframe
[ 2023-03-16 22:44:46,325 ] 17 root - INFO - Reading data from database: air_pressure_system and collection: Sensor
[ 2023-03-16 22:44:49,712 ] 19 root - INFO - Found columns: Index(['_id', 'class', 'aa_000', 'ab_000', 'ac_000', 'ad_000', 'ae_000',
       'af_000', 'ag_000', 'ag_001',
       ...
       'ee_002', 'ee_003', 'ee_004', 'ee_005', 'ee_006', 'ee_007', 'ee_008',
       'ee_009', 'ef_000', 'eg_000'],
      dtype='object', length=172)
[ 2023-03-16 22:44:49,712 ] 21 root - INFO - Dropping column: _id 
[ 2023-03-16 22:44:49,926 ] 23 root - INFO - Row and columns in df: (36188, 171)
[ 2023-03-16 22:44:49,927 ] 29 root - INFO - Save data in feature store
[ 2023-03-16 22:44:50,727 ] 35 root - INFO - Create feature store folder if not available
[ 2023-03-16 22:44:50,728 ] 39 root - INFO - Save df to feature store folder
[ 2023-03-16 22:44:53,261 ] 44 root - INFO - split dataset into train and test set
[ 2023-03-16 22:44:53,971 ] 48 root - INFO - create dataset directory folder if not available
[ 2023-03-16 22:44:53,972 ] 53 root - INFO - Save df to feature store folder
[ 2023-03-16 22:44:56,246 ] 65 root - INFO - Data ingestion artifact: DataIngestionArtifact(feature_store_file_path='/config/workspace/artifact/03162023__224446/data_ingestion/feature_store/sensor.csv', train_file_path='/config/workspace/artifact/03162023__224446/data_ingestion/dataset/train.csv', test_file_path='/config/workspace/artifact/03162023__224446/data_ingestion/dataset/test.csv')
[ 2023-03-16 22:44:56,739 ] 17 root - INFO - >>>>>>>>>>>>>>>>>>>>>>>>>>>>>>>>>>>>>>>> Data Validation <<<<<<<<<<<<<<<<<<<<<<<<<<<<<<<<<<<<<<<<
[ 2023-03-16 22:44:56,740 ] 107 root - INFO - Reading base dataframe
[ 2023-03-16 22:44:59,709 ] 110 root - INFO - Replace na value in base df
[ 2023-03-16 22:44:59,709 ] 112 root - INFO - Drop null values colums from base df
