[ 2023-03-17 00:00:58,254 ] 16 root - INFO - >>>>>>>>>>>>>>>>>>>>>>>>>>>>>>>>>>>>>>>> Data Ingestion <<<<<<<<<<<<<<<<<<<<<<<<<<<<<<<<<<<<<<<<
[ 2023-03-17 00:00:58,254 ] 23 root - INFO - Exporting collection data as pandas dataframe
[ 2023-03-17 00:00:58,254 ] 17 root - INFO - Reading data from database: air_pressure_system and collection: Sensor
[ 2023-03-17 00:01:01,603 ] 19 root - INFO - Found columns: Index(['_id', 'class', 'aa_000', 'ab_000', 'ac_000', 'ad_000', 'ae_000',
       'af_000', 'ag_000', 'ag_001',
       ...
       'ee_002', 'ee_003', 'ee_004', 'ee_005', 'ee_006', 'ee_007', 'ee_008',
       'ee_009', 'ef_000', 'eg_000'],
      dtype='object', length=172)
[ 2023-03-17 00:01:01,604 ] 21 root - INFO - Dropping column: _id 
[ 2023-03-17 00:01:01,825 ] 23 root - INFO - Row and columns in df: (36188, 171)
[ 2023-03-17 00:01:01,826 ] 29 root - INFO - Save data in feature store
[ 2023-03-17 00:01:02,381 ] 35 root - INFO - Create feature store folder if not available
[ 2023-03-17 00:01:02,382 ] 39 root - INFO - Save df to feature store folder
[ 2023-03-17 00:01:04,820 ] 44 root - INFO - split dataset into train and test set
[ 2023-03-17 00:01:05,343 ] 48 root - INFO - create dataset directory folder if not available
[ 2023-03-17 00:01:05,344 ] 53 root - INFO - Save df to feature store folder
[ 2023-03-17 00:01:07,506 ] 65 root - INFO - Data ingestion artifact: DataIngestionArtifact(feature_store_file_path='/config/workspace/artifact/03172023__000058/data_ingestion/feature_store/sensor.csv', train_file_path='/config/workspace/artifact/03172023__000058/data_ingestion/dataset/train.csv', test_file_path='/config/workspace/artifact/03172023__000058/data_ingestion/dataset/test.csv')
[ 2023-03-17 00:01:07,903 ] 17 root - INFO - >>>>>>>>>>>>>>>>>>>>>>>>>>>>>>>>>>>>>>>> Data Validation <<<<<<<<<<<<<<<<<<<<<<<<<<<<<<<<<<<<<<<<
[ 2023-03-17 00:01:07,904 ] 113 root - INFO - Reading base dataframe
[ 2023-03-17 00:01:10,782 ] 116 root - INFO - Replace na value in base df
[ 2023-03-17 00:01:10,782 ] 118 root - INFO - Drop null values colums from base df
[ 2023-03-17 00:01:11,679 ] 42 root - INFO - Selecting Column Names which containing null values above to 0.2
[ 2023-03-17 00:01:11,680 ] 45 root - INFO - Columns to Drop :Index(['ab_000', 'ad_000', 'bk_000', 'bl_000', 'bm_000', 'bn_000', 'bo_000',
       'bp_000', 'bq_000', 'br_000', 'cf_000', 'cg_000', 'ch_000', 'co_000',
       'cr_000', 'ct_000', 'cu_000', 'cv_000', 'cx_000', 'cy_000', 'cz_000',
       'da_000', 'db_000', 'dc_000'],
      dtype='object')
[ 2023-03-17 00:01:11,761 ] 121 root - INFO - Reading train dataframe
[ 2023-03-17 00:01:12,147 ] 123 root - INFO - Reading test dataframe
[ 2023-03-17 00:01:12,247 ] 126 root - INFO - Drop null values colums from train df
[ 2023-03-17 00:01:12,259 ] 42 root - INFO - Selecting Column Names which containing null values above to 0.2
[ 2023-03-17 00:01:12,260 ] 45 root - INFO - Columns to Drop :Index(['ab_000', 'ad_000', 'bk_000', 'bl_000', 'bm_000', 'bn_000', 'bo_000',
       'bp_000', 'bq_000', 'br_000', 'cf_000', 'cg_000', 'ch_000', 'co_000',
       'cr_000', 'ct_000', 'cu_000', 'cv_000', 'cx_000', 'cy_000', 'cz_000',
       'da_000', 'db_000', 'dc_000'],
      dtype='object')
[ 2023-03-17 00:01:12,269 ] 128 root - INFO - Drop null values colums from test df
[ 2023-03-17 00:01:12,273 ] 42 root - INFO - Selecting Column Names which containing null values above to 0.2
[ 2023-03-17 00:01:12,274 ] 45 root - INFO - Columns to Drop :Index(['ab_000', 'ad_000', 'bk_000', 'bl_000', 'bm_000', 'bn_000', 'bo_000',
       'bp_000', 'bq_000', 'br_000', 'cf_000', 'cg_000', 'ch_000', 'co_000',
       'cr_000', 'ct_000', 'cu_000', 'cv_000', 'cx_000', 'cy_000', 'cz_000',
       'da_000', 'db_000', 'dc_000'],
      dtype='object')
[ 2023-03-17 00:01:18,323 ] 136 root - INFO - Is all required columns present in train df
[ 2023-03-17 00:01:18,324 ] 138 root - INFO - Is all required columns present in test df
[ 2023-03-17 00:01:18,324 ] 142 root - INFO - As all column are available in train df hence detecting data drift
[ 2023-03-17 00:01:18,324 ] 87 root - INFO - Hypothesis class: object, object 
[ 2023-03-17 00:01:18,458 ] 87 root - INFO - Hypothesis aa_000: float64, float64 
[ 2023-03-17 00:01:18,468 ] 87 root - INFO - Hypothesis ac_000: float64, float64 
[ 2023-03-17 00:01:18,508 ] 87 root - INFO - Hypothesis ae_000: float64, float64 
[ 2023-03-17 00:01:18,546 ] 87 root - INFO - Hypothesis af_000: float64, float64 
[ 2023-03-17 00:01:18,583 ] 87 root - INFO - Hypothesis ag_000: float64, float64 
[ 2023-03-17 00:01:18,619 ] 87 root - INFO - Hypothesis ag_001: float64, float64 
[ 2023-03-17 00:01:18,655 ] 87 root - INFO - Hypothesis ag_002: float64, float64 
[ 2023-03-17 00:01:18,692 ] 87 root - INFO - Hypothesis ag_003: float64, float64 
[ 2023-03-17 00:01:18,698 ] 87 root - INFO - Hypothesis ag_004: float64, float64 
[ 2023-03-17 00:01:18,708 ] 87 root - INFO - Hypothesis ag_005: float64, float64 
[ 2023-03-17 00:01:18,719 ] 87 root - INFO - Hypothesis ag_006: float64, float64 
[ 2023-03-17 00:01:18,729 ] 87 root - INFO - Hypothesis ag_007: float64, float64 
[ 2023-03-17 00:01:18,739 ] 87 root - INFO - Hypothesis ag_008: float64, float64 
[ 2023-03-17 00:01:18,747 ] 87 root - INFO - Hypothesis ag_009: float64, float64 
[ 2023-03-17 00:01:18,754 ] 87 root - INFO - Hypothesis ah_000: float64, float64 
[ 2023-03-17 00:01:18,765 ] 87 root - INFO - Hypothesis ai_000: float64, float64 
[ 2023-03-17 00:01:18,801 ] 87 root - INFO - Hypothesis aj_000: float64, float64 
[ 2023-03-17 00:01:18,807 ] 87 root - INFO - Hypothesis ak_000: float64, float64 
[ 2023-03-17 00:01:18,844 ] 87 root - INFO - Hypothesis al_000: float64, float64 
[ 2023-03-17 00:01:18,852 ] 87 root - INFO - Hypothesis am_0: float64, float64 
[ 2023-03-17 00:01:18,859 ] 87 root - INFO - Hypothesis an_000: float64, float64 
[ 2023-03-17 00:01:18,870 ] 87 root - INFO - Hypothesis ao_000: float64, float64 
[ 2023-03-17 00:01:18,880 ] 87 root - INFO - Hypothesis ap_000: float64, float64 
[ 2023-03-17 00:01:18,891 ] 87 root - INFO - Hypothesis aq_000: float64, float64 
[ 2023-03-17 00:01:18,901 ] 87 root - INFO - Hypothesis ar_000: float64, float64 
[ 2023-03-17 00:01:18,938 ] 87 root - INFO - Hypothesis as_000: float64, float64 
[ 2023-03-17 00:01:18,974 ] 87 root - INFO - Hypothesis at_000: float64, float64 
[ 2023-03-17 00:01:19,011 ] 87 root - INFO - Hypothesis au_000: float64, float64 
[ 2023-03-17 00:01:19,048 ] 87 root - INFO - Hypothesis av_000: float64, float64 
[ 2023-03-17 00:01:19,057 ] 87 root - INFO - Hypothesis ax_000: float64, float64 
[ 2023-03-17 00:01:19,065 ] 87 root - INFO - Hypothesis ay_000: float64, float64 
[ 2023-03-17 00:01:19,102 ] 87 root - INFO - Hypothesis ay_001: float64, float64 
[ 2023-03-17 00:01:19,138 ] 87 root - INFO - Hypothesis ay_002: float64, float64 
[ 2023-03-17 00:01:19,174 ] 87 root - INFO - Hypothesis ay_003: float64, float64 
[ 2023-03-17 00:01:19,210 ] 87 root - INFO - Hypothesis ay_004: float64, float64 
[ 2023-03-17 00:01:19,247 ] 87 root - INFO - Hypothesis ay_005: float64, float64 
[ 2023-03-17 00:01:19,288 ] 87 root - INFO - Hypothesis ay_006: float64, float64 
[ 2023-03-17 00:01:19,297 ] 87 root - INFO - Hypothesis ay_007: float64, float64 
[ 2023-03-17 00:01:19,308 ] 87 root - INFO - Hypothesis ay_008: float64, float64 
[ 2023-03-17 00:01:19,318 ] 87 root - INFO - Hypothesis ay_009: float64, float64 
[ 2023-03-17 00:01:19,353 ] 87 root - INFO - Hypothesis az_000: float64, float64 
[ 2023-03-17 00:01:19,363 ] 87 root - INFO - Hypothesis az_001: float64, float64 
[ 2023-03-17 00:01:19,372 ] 87 root - INFO - Hypothesis az_002: float64, float64 
[ 2023-03-17 00:01:19,382 ] 87 root - INFO - Hypothesis az_003: float64, float64 
[ 2023-03-17 00:01:19,392 ] 87 root - INFO - Hypothesis az_004: float64, float64 
[ 2023-03-17 00:01:19,402 ] 87 root - INFO - Hypothesis az_005: float64, float64 
[ 2023-03-17 00:01:19,413 ] 87 root - INFO - Hypothesis az_006: float64, float64 
[ 2023-03-17 00:01:19,454 ] 87 root - INFO - Hypothesis az_007: float64, float64 
[ 2023-03-17 00:01:19,492 ] 87 root - INFO - Hypothesis az_008: float64, float64 
[ 2023-03-17 00:01:19,531 ] 87 root - INFO - Hypothesis az_009: float64, float64 
[ 2023-03-17 00:01:19,568 ] 87 root - INFO - Hypothesis ba_000: float64, float64 
[ 2023-03-17 00:01:19,578 ] 87 root - INFO - Hypothesis ba_001: float64, float64 
[ 2023-03-17 00:01:19,593 ] 87 root - INFO - Hypothesis ba_002: float64, float64 
[ 2023-03-17 00:01:19,604 ] 87 root - INFO - Hypothesis ba_003: float64, float64 
[ 2023-03-17 00:01:19,615 ] 87 root - INFO - Hypothesis ba_004: float64, float64 
[ 2023-03-17 00:01:19,625 ] 87 root - INFO - Hypothesis ba_005: float64, float64 
[ 2023-03-17 00:01:19,635 ] 87 root - INFO - Hypothesis ba_006: float64, float64 
[ 2023-03-17 00:01:19,645 ] 87 root - INFO - Hypothesis ba_007: float64, float64 
[ 2023-03-17 00:01:19,655 ] 87 root - INFO - Hypothesis ba_008: float64, float64 
[ 2023-03-17 00:01:19,696 ] 87 root - INFO - Hypothesis ba_009: float64, float64 
[ 2023-03-17 00:01:19,739 ] 87 root - INFO - Hypothesis bb_000: float64, float64 
[ 2023-03-17 00:01:19,750 ] 87 root - INFO - Hypothesis bc_000: float64, float64 
[ 2023-03-17 00:01:19,791 ] 87 root - INFO - Hypothesis bd_000: float64, float64 
[ 2023-03-17 00:01:19,799 ] 87 root - INFO - Hypothesis be_000: float64, float64 
[ 2023-03-17 00:01:19,808 ] 87 root - INFO - Hypothesis bf_000: float64, float64 
[ 2023-03-17 00:01:19,815 ] 87 root - INFO - Hypothesis bg_000: float64, float64 
[ 2023-03-17 00:01:19,825 ] 87 root - INFO - Hypothesis bh_000: float64, float64 
[ 2023-03-17 00:01:19,836 ] 87 root - INFO - Hypothesis bi_000: float64, float64 
[ 2023-03-17 00:01:19,847 ] 87 root - INFO - Hypothesis bj_000: float64, float64 
[ 2023-03-17 00:01:19,858 ] 87 root - INFO - Hypothesis bs_000: float64, float64 
[ 2023-03-17 00:01:19,868 ] 87 root - INFO - Hypothesis bt_000: float64, float64 
[ 2023-03-17 00:01:19,960 ] 87 root - INFO - Hypothesis bu_000: float64, float64 
[ 2023-03-17 00:01:19,971 ] 87 root - INFO - Hypothesis bv_000: float64, float64 
[ 2023-03-17 00:01:19,982 ] 87 root - INFO - Hypothesis bx_000: float64, float64 
[ 2023-03-17 00:01:19,992 ] 87 root - INFO - Hypothesis by_000: float64, float64 
[ 2023-03-17 00:01:20,002 ] 87 root - INFO - Hypothesis bz_000: float64, float64 
[ 2023-03-17 00:01:20,012 ] 87 root - INFO - Hypothesis ca_000: float64, float64 
[ 2023-03-17 00:01:20,023 ] 87 root - INFO - Hypothesis cb_000: float64, float64 
[ 2023-03-17 00:01:20,034 ] 87 root - INFO - Hypothesis cc_000: float64, float64 
[ 2023-03-17 00:01:20,045 ] 87 root - INFO - Hypothesis cd_000: float64, float64 
[ 2023-03-17 00:01:20,082 ] 87 root - INFO - Hypothesis ce_000: float64, float64 
[ 2023-03-17 00:01:20,091 ] 87 root - INFO - Hypothesis ci_000: float64, float64 
[ 2023-03-17 00:01:20,102 ] 87 root - INFO - Hypothesis cj_000: float64, float64 
[ 2023-03-17 00:01:20,139 ] 87 root - INFO - Hypothesis ck_000: float64, float64 
[ 2023-03-17 00:01:20,151 ] 87 root - INFO - Hypothesis cl_000: float64, float64 
[ 2023-03-17 00:01:20,157 ] 87 root - INFO - Hypothesis cm_000: float64, float64 
[ 2023-03-17 00:01:20,165 ] 87 root - INFO - Hypothesis cn_000: float64, float64 
[ 2023-03-17 00:01:20,201 ] 87 root - INFO - Hypothesis cn_001: float64, float64 
[ 2023-03-17 00:01:20,245 ] 87 root - INFO - Hypothesis cn_002: float64, float64 
[ 2023-03-17 00:01:20,253 ] 87 root - INFO - Hypothesis cn_003: float64, float64 
[ 2023-03-17 00:01:20,264 ] 87 root - INFO - Hypothesis cn_004: float64, float64 
[ 2023-03-17 00:01:20,276 ] 87 root - INFO - Hypothesis cn_005: float64, float64 
[ 2023-03-17 00:01:20,287 ] 87 root - INFO - Hypothesis cn_006: float64, float64 
[ 2023-03-17 00:01:20,297 ] 87 root - INFO - Hypothesis cn_007: float64, float64 
[ 2023-03-17 00:01:20,308 ] 87 root - INFO - Hypothesis cn_008: float64, float64 
[ 2023-03-17 00:01:20,317 ] 87 root - INFO - Hypothesis cn_009: float64, float64 
[ 2023-03-17 00:01:20,358 ] 87 root - INFO - Hypothesis cp_000: float64, float64 
[ 2023-03-17 00:01:20,399 ] 87 root - INFO - Hypothesis cq_000: float64, float64 
[ 2023-03-17 00:01:20,410 ] 87 root - INFO - Hypothesis cs_000: float64, float64 
[ 2023-03-17 00:01:20,421 ] 87 root - INFO - Hypothesis cs_001: float64, float64 
[ 2023-03-17 00:01:20,430 ] 87 root - INFO - Hypothesis cs_002: float64, float64 
[ 2023-03-17 00:01:20,440 ] 87 root - INFO - Hypothesis cs_003: float64, float64 
[ 2023-03-17 00:01:20,451 ] 87 root - INFO - Hypothesis cs_004: float64, float64 
[ 2023-03-17 00:01:20,464 ] 87 root - INFO - Hypothesis cs_005: float64, float64 
[ 2023-03-17 00:01:20,475 ] 87 root - INFO - Hypothesis cs_006: float64, float64 
[ 2023-03-17 00:01:20,486 ] 87 root - INFO - Hypothesis cs_007: float64, float64 
[ 2023-03-17 00:01:20,497 ] 87 root - INFO - Hypothesis cs_008: float64, float64 
[ 2023-03-17 00:01:20,537 ] 87 root - INFO - Hypothesis cs_009: float64, float64 
[ 2023-03-17 00:01:20,574 ] 87 root - INFO - Hypothesis dd_000: float64, float64 
[ 2023-03-17 00:01:20,584 ] 87 root - INFO - Hypothesis de_000: float64, float64 
[ 2023-03-17 00:01:20,593 ] 87 root - INFO - Hypothesis df_000: float64, float64 
[ 2023-03-17 00:01:20,630 ] 87 root - INFO - Hypothesis dg_000: float64, float64 
[ 2023-03-17 00:01:20,667 ] 87 root - INFO - Hypothesis dh_000: float64, float64 
[ 2023-03-17 00:01:20,673 ] 87 root - INFO - Hypothesis di_000: float64, float64 
[ 2023-03-17 00:01:20,712 ] 87 root - INFO - Hypothesis dj_000: float64, float64 
[ 2023-03-17 00:01:20,748 ] 87 root - INFO - Hypothesis dk_000: float64, float64 
[ 2023-03-17 00:01:20,784 ] 87 root - INFO - Hypothesis dl_000: float64, float64 
[ 2023-03-17 00:01:20,821 ] 87 root - INFO - Hypothesis dm_000: float64, float64 
[ 2023-03-17 00:01:20,858 ] 87 root - INFO - Hypothesis dn_000: float64, float64 
[ 2023-03-17 00:01:20,869 ] 87 root - INFO - Hypothesis do_000: float64, float64 
[ 2023-03-17 00:01:20,878 ] 87 root - INFO - Hypothesis dp_000: float64, float64 
[ 2023-03-17 00:01:20,887 ] 87 root - INFO - Hypothesis dq_000: float64, float64 
[ 2023-03-17 00:01:20,926 ] 87 root - INFO - Hypothesis dr_000: float64, float64 
[ 2023-03-17 00:01:20,964 ] 87 root - INFO - Hypothesis ds_000: float64, float64 
[ 2023-03-17 00:01:20,975 ] 87 root - INFO - Hypothesis dt_000: float64, float64 
[ 2023-03-17 00:01:20,985 ] 87 root - INFO - Hypothesis du_000: float64, float64 
[ 2023-03-17 00:01:20,995 ] 87 root - INFO - Hypothesis dv_000: float64, float64 
[ 2023-03-17 00:01:21,005 ] 87 root - INFO - Hypothesis dx_000: float64, float64 
[ 2023-03-17 00:01:21,044 ] 87 root - INFO - Hypothesis dy_000: float64, float64 
[ 2023-03-17 00:01:21,083 ] 87 root - INFO - Hypothesis dz_000: float64, float64 
[ 2023-03-17 00:01:21,119 ] 87 root - INFO - Hypothesis ea_000: float64, float64 
[ 2023-03-17 00:01:21,156 ] 87 root - INFO - Hypothesis eb_000: float64, float64 
[ 2023-03-17 00:01:21,165 ] 87 root - INFO - Hypothesis ec_00: float64, float64 
[ 2023-03-17 00:01:21,175 ] 87 root - INFO - Hypothesis ed_000: float64, float64 
[ 2023-03-17 00:01:21,184 ] 87 root - INFO - Hypothesis ee_000: float64, float64 
[ 2023-03-17 00:01:21,194 ] 87 root - INFO - Hypothesis ee_001: float64, float64 
[ 2023-03-17 00:01:21,205 ] 87 root - INFO - Hypothesis ee_002: float64, float64 
[ 2023-03-17 00:01:21,215 ] 87 root - INFO - Hypothesis ee_003: float64, float64 
[ 2023-03-17 00:01:21,226 ] 87 root - INFO - Hypothesis ee_004: float64, float64 
[ 2023-03-17 00:01:21,236 ] 87 root - INFO - Hypothesis ee_005: float64, float64 
[ 2023-03-17 00:01:21,246 ] 87 root - INFO - Hypothesis ee_006: float64, float64 
[ 2023-03-17 00:01:21,256 ] 87 root - INFO - Hypothesis ee_007: float64, float64 
[ 2023-03-17 00:01:21,266 ] 87 root - INFO - Hypothesis ee_008: float64, float64 
[ 2023-03-17 00:01:21,275 ] 87 root - INFO - Hypothesis ee_009: float64, float64 
[ 2023-03-17 00:01:21,283 ] 87 root - INFO - Hypothesis ef_000: float64, float64 
[ 2023-03-17 00:01:21,319 ] 87 root - INFO - Hypothesis eg_000: float64, float64 
[ 2023-03-17 00:01:21,355 ] 146 root - INFO - As all column are available in test df hence detecting data drift
[ 2023-03-17 00:01:21,355 ] 87 root - INFO - Hypothesis class: object, object 
[ 2023-03-17 00:01:21,429 ] 87 root - INFO - Hypothesis aa_000: float64, float64 
[ 2023-03-17 00:01:21,437 ] 87 root - INFO - Hypothesis ac_000: float64, float64 
[ 2023-03-17 00:01:21,442 ] 87 root - INFO - Hypothesis ae_000: float64, float64 
[ 2023-03-17 00:01:21,458 ] 87 root - INFO - Hypothesis af_000: float64, float64 
[ 2023-03-17 00:01:21,474 ] 87 root - INFO - Hypothesis ag_000: float64, float64 
[ 2023-03-17 00:01:21,490 ] 87 root - INFO - Hypothesis ag_001: float64, float64 
[ 2023-03-17 00:01:21,506 ] 87 root - INFO - Hypothesis ag_002: float64, float64 
[ 2023-03-17 00:01:21,509 ] 87 root - INFO - Hypothesis ag_003: float64, float64 
[ 2023-03-17 00:01:21,513 ] 87 root - INFO - Hypothesis ag_004: float64, float64 
[ 2023-03-17 00:01:21,520 ] 87 root - INFO - Hypothesis ag_005: float64, float64 
[ 2023-03-17 00:01:21,527 ] 87 root - INFO - Hypothesis ag_006: float64, float64 
[ 2023-03-17 00:01:21,535 ] 87 root - INFO - Hypothesis ag_007: float64, float64 
[ 2023-03-17 00:01:21,541 ] 87 root - INFO - Hypothesis ag_008: float64, float64 
[ 2023-03-17 00:01:21,547 ] 87 root - INFO - Hypothesis ag_009: float64, float64 
[ 2023-03-17 00:01:21,551 ] 87 root - INFO - Hypothesis ah_000: float64, float64 
[ 2023-03-17 00:01:21,559 ] 87 root - INFO - Hypothesis ai_000: float64, float64 
[ 2023-03-17 00:01:21,562 ] 87 root - INFO - Hypothesis aj_000: float64, float64 
[ 2023-03-17 00:01:21,566 ] 87 root - INFO - Hypothesis ak_000: float64, float64 
[ 2023-03-17 00:01:21,569 ] 87 root - INFO - Hypothesis al_000: float64, float64 
[ 2023-03-17 00:01:21,576 ] 87 root - INFO - Hypothesis am_0: float64, float64 
[ 2023-03-17 00:01:21,582 ] 87 root - INFO - Hypothesis an_000: float64, float64 
[ 2023-03-17 00:01:21,589 ] 87 root - INFO - Hypothesis ao_000: float64, float64 
[ 2023-03-17 00:01:21,596 ] 87 root - INFO - Hypothesis ap_000: float64, float64 
[ 2023-03-17 00:01:21,603 ] 87 root - INFO - Hypothesis aq_000: float64, float64 
[ 2023-03-17 00:01:21,610 ] 87 root - INFO - Hypothesis ar_000: float64, float64 
[ 2023-03-17 00:01:21,626 ] 87 root - INFO - Hypothesis as_000: float64, float64 
[ 2023-03-17 00:01:21,641 ] 87 root - INFO - Hypothesis at_000: float64, float64 
[ 2023-03-17 00:01:21,657 ] 87 root - INFO - Hypothesis au_000: float64, float64 
[ 2023-03-17 00:01:21,672 ] 87 root - INFO - Hypothesis av_000: float64, float64 
[ 2023-03-17 00:01:21,677 ] 87 root - INFO - Hypothesis ax_000: float64, float64 
[ 2023-03-17 00:01:21,683 ] 87 root - INFO - Hypothesis ay_000: float64, float64 
[ 2023-03-17 00:01:21,698 ] 87 root - INFO - Hypothesis ay_001: float64, float64 
[ 2023-03-17 00:01:21,713 ] 87 root - INFO - Hypothesis ay_002: float64, float64 
[ 2023-03-17 00:01:21,729 ] 87 root - INFO - Hypothesis ay_003: float64, float64 
[ 2023-03-17 00:01:21,745 ] 87 root - INFO - Hypothesis ay_004: float64, float64 
[ 2023-03-17 00:01:21,760 ] 87 root - INFO - Hypothesis ay_005: float64, float64 
[ 2023-03-17 00:01:21,766 ] 87 root - INFO - Hypothesis ay_006: float64, float64 
[ 2023-03-17 00:01:21,772 ] 87 root - INFO - Hypothesis ay_007: float64, float64 
[ 2023-03-17 00:01:21,779 ] 87 root - INFO - Hypothesis ay_008: float64, float64 
[ 2023-03-17 00:01:21,786 ] 87 root - INFO - Hypothesis ay_009: float64, float64 
[ 2023-03-17 00:01:21,801 ] 87 root - INFO - Hypothesis az_000: float64, float64 
[ 2023-03-17 00:01:21,807 ] 87 root - INFO - Hypothesis az_001: float64, float64 
[ 2023-03-17 00:01:21,814 ] 87 root - INFO - Hypothesis az_002: float64, float64 
[ 2023-03-17 00:01:21,820 ] 87 root - INFO - Hypothesis az_003: float64, float64 
[ 2023-03-17 00:01:21,827 ] 87 root - INFO - Hypothesis az_004: float64, float64 
[ 2023-03-17 00:01:21,834 ] 87 root - INFO - Hypothesis az_005: float64, float64 
[ 2023-03-17 00:01:21,841 ] 87 root - INFO - Hypothesis az_006: float64, float64 
[ 2023-03-17 00:01:21,847 ] 87 root - INFO - Hypothesis az_007: float64, float64 
[ 2023-03-17 00:01:21,851 ] 87 root - INFO - Hypothesis az_008: float64, float64 
[ 2023-03-17 00:01:21,866 ] 87 root - INFO - Hypothesis az_009: float64, float64 
[ 2023-03-17 00:01:21,882 ] 87 root - INFO - Hypothesis ba_000: float64, float64 
[ 2023-03-17 00:01:21,889 ] 87 root - INFO - Hypothesis ba_001: float64, float64 
[ 2023-03-17 00:01:21,896 ] 87 root - INFO - Hypothesis ba_002: float64, float64 
[ 2023-03-17 00:01:21,903 ] 87 root - INFO - Hypothesis ba_003: float64, float64 
[ 2023-03-17 00:01:21,910 ] 87 root - INFO - Hypothesis ba_004: float64, float64 
[ 2023-03-17 00:01:21,917 ] 87 root - INFO - Hypothesis ba_005: float64, float64 
[ 2023-03-17 00:01:21,923 ] 87 root - INFO - Hypothesis ba_006: float64, float64 
[ 2023-03-17 00:01:21,930 ] 87 root - INFO - Hypothesis ba_007: float64, float64 
[ 2023-03-17 00:01:21,936 ] 87 root - INFO - Hypothesis ba_008: float64, float64 
[ 2023-03-17 00:01:21,942 ] 87 root - INFO - Hypothesis ba_009: float64, float64 
[ 2023-03-17 00:01:21,946 ] 87 root - INFO - Hypothesis bb_000: float64, float64 
[ 2023-03-17 00:01:21,953 ] 87 root - INFO - Hypothesis bc_000: float64, float64 
[ 2023-03-17 00:01:21,959 ] 87 root - INFO - Hypothesis bd_000: float64, float64 
[ 2023-03-17 00:01:21,964 ] 87 root - INFO - Hypothesis be_000: float64, float64 
[ 2023-03-17 00:01:21,970 ] 87 root - INFO - Hypothesis bf_000: float64, float64 
[ 2023-03-17 00:01:21,975 ] 87 root - INFO - Hypothesis bg_000: float64, float64 
[ 2023-03-17 00:01:21,982 ] 87 root - INFO - Hypothesis bh_000: float64, float64 
[ 2023-03-17 00:01:21,989 ] 87 root - INFO - Hypothesis bi_000: float64, float64 
[ 2023-03-17 00:01:21,996 ] 87 root - INFO - Hypothesis bj_000: float64, float64 
[ 2023-03-17 00:01:22,003 ] 87 root - INFO - Hypothesis bs_000: float64, float64 
[ 2023-03-17 00:01:22,010 ] 87 root - INFO - Hypothesis bt_000: float64, float64 
[ 2023-03-17 00:01:22,017 ] 87 root - INFO - Hypothesis bu_000: float64, float64 
[ 2023-03-17 00:01:22,025 ] 87 root - INFO - Hypothesis bv_000: float64, float64 
[ 2023-03-17 00:01:22,032 ] 87 root - INFO - Hypothesis bx_000: float64, float64 
[ 2023-03-17 00:01:22,038 ] 87 root - INFO - Hypothesis by_000: float64, float64 
[ 2023-03-17 00:01:22,045 ] 87 root - INFO - Hypothesis bz_000: float64, float64 
[ 2023-03-17 00:01:22,051 ] 87 root - INFO - Hypothesis ca_000: float64, float64 
[ 2023-03-17 00:01:22,058 ] 87 root - INFO - Hypothesis cb_000: float64, float64 
[ 2023-03-17 00:01:22,065 ] 87 root - INFO - Hypothesis cc_000: float64, float64 
[ 2023-03-17 00:01:22,073 ] 87 root - INFO - Hypothesis cd_000: float64, float64 
[ 2023-03-17 00:01:22,088 ] 87 root - INFO - Hypothesis ce_000: float64, float64 
[ 2023-03-17 00:01:22,094 ] 87 root - INFO - Hypothesis ci_000: float64, float64 
[ 2023-03-17 00:01:22,101 ] 87 root - INFO - Hypothesis cj_000: float64, float64 
[ 2023-03-17 00:01:22,105 ] 87 root - INFO - Hypothesis ck_000: float64, float64 
[ 2023-03-17 00:01:22,112 ] 87 root - INFO - Hypothesis cl_000: float64, float64 
[ 2023-03-17 00:01:22,116 ] 87 root - INFO - Hypothesis cm_000: float64, float64 
[ 2023-03-17 00:01:22,121 ] 87 root - INFO - Hypothesis cn_000: float64, float64 
[ 2023-03-17 00:01:22,136 ] 87 root - INFO - Hypothesis cn_001: float64, float64 
[ 2023-03-17 00:01:22,145 ] 87 root - INFO - Hypothesis cn_002: float64, float64 
[ 2023-03-17 00:01:22,150 ] 87 root - INFO - Hypothesis cn_003: float64, float64 
[ 2023-03-17 00:01:22,157 ] 87 root - INFO - Hypothesis cn_004: float64, float64 
[ 2023-03-17 00:01:22,165 ] 87 root - INFO - Hypothesis cn_005: float64, float64 
[ 2023-03-17 00:01:22,172 ] 87 root - INFO - Hypothesis cn_006: float64, float64 
[ 2023-03-17 00:01:22,179 ] 87 root - INFO - Hypothesis cn_007: float64, float64 
[ 2023-03-17 00:01:22,185 ] 87 root - INFO - Hypothesis cn_008: float64, float64 
[ 2023-03-17 00:01:22,192 ] 87 root - INFO - Hypothesis cn_009: float64, float64 
[ 2023-03-17 00:01:22,197 ] 87 root - INFO - Hypothesis cp_000: float64, float64 
[ 2023-03-17 00:01:22,202 ] 87 root - INFO - Hypothesis cq_000: float64, float64 
[ 2023-03-17 00:01:22,209 ] 87 root - INFO - Hypothesis cs_000: float64, float64 
[ 2023-03-17 00:01:22,216 ] 87 root - INFO - Hypothesis cs_001: float64, float64 
[ 2023-03-17 00:01:22,221 ] 87 root - INFO - Hypothesis cs_002: float64, float64 
[ 2023-03-17 00:01:22,228 ] 87 root - INFO - Hypothesis cs_003: float64, float64 
[ 2023-03-17 00:01:22,235 ] 87 root - INFO - Hypothesis cs_004: float64, float64 
[ 2023-03-17 00:01:22,242 ] 87 root - INFO - Hypothesis cs_005: float64, float64 
[ 2023-03-17 00:01:22,249 ] 87 root - INFO - Hypothesis cs_006: float64, float64 
[ 2023-03-17 00:01:22,256 ] 87 root - INFO - Hypothesis cs_007: float64, float64 
[ 2023-03-17 00:01:22,263 ] 87 root - INFO - Hypothesis cs_008: float64, float64 
[ 2023-03-17 00:01:22,268 ] 87 root - INFO - Hypothesis cs_009: float64, float64 
[ 2023-03-17 00:01:22,284 ] 87 root - INFO - Hypothesis dd_000: float64, float64 
[ 2023-03-17 00:01:22,290 ] 87 root - INFO - Hypothesis de_000: float64, float64 
[ 2023-03-17 00:01:22,296 ] 87 root - INFO - Hypothesis df_000: float64, float64 
[ 2023-03-17 00:01:22,299 ] 87 root - INFO - Hypothesis dg_000: float64, float64 
[ 2023-03-17 00:01:22,302 ] 87 root - INFO - Hypothesis dh_000: float64, float64 
[ 2023-03-17 00:01:22,306 ] 87 root - INFO - Hypothesis di_000: float64, float64 
[ 2023-03-17 00:01:22,310 ] 87 root - INFO - Hypothesis dj_000: float64, float64 
[ 2023-03-17 00:01:22,325 ] 87 root - INFO - Hypothesis dk_000: float64, float64 
[ 2023-03-17 00:01:22,328 ] 87 root - INFO - Hypothesis dl_000: float64, float64 
[ 2023-03-17 00:01:22,344 ] 87 root - INFO - Hypothesis dm_000: float64, float64 
[ 2023-03-17 00:01:22,360 ] 87 root - INFO - Hypothesis dn_000: float64, float64 
[ 2023-03-17 00:01:22,367 ] 87 root - INFO - Hypothesis do_000: float64, float64 
[ 2023-03-17 00:01:22,373 ] 87 root - INFO - Hypothesis dp_000: float64, float64 
[ 2023-03-17 00:01:22,379 ] 87 root - INFO - Hypothesis dq_000: float64, float64 
[ 2023-03-17 00:01:22,384 ] 87 root - INFO - Hypothesis dr_000: float64, float64 
[ 2023-03-17 00:01:22,388 ] 87 root - INFO - Hypothesis ds_000: float64, float64 
[ 2023-03-17 00:01:22,395 ] 87 root - INFO - Hypothesis dt_000: float64, float64 
[ 2023-03-17 00:01:22,401 ] 87 root - INFO - Hypothesis du_000: float64, float64 
[ 2023-03-17 00:01:22,408 ] 87 root - INFO - Hypothesis dv_000: float64, float64 
[ 2023-03-17 00:01:22,415 ] 87 root - INFO - Hypothesis dx_000: float64, float64 
[ 2023-03-17 00:01:22,420 ] 87 root - INFO - Hypothesis dy_000: float64, float64 
[ 2023-03-17 00:01:22,424 ] 87 root - INFO - Hypothesis dz_000: float64, float64 
[ 2023-03-17 00:01:22,439 ] 87 root - INFO - Hypothesis ea_000: float64, float64 
[ 2023-03-17 00:01:22,455 ] 87 root - INFO - Hypothesis eb_000: float64, float64 
[ 2023-03-17 00:01:22,461 ] 87 root - INFO - Hypothesis ec_00: float64, float64 
[ 2023-03-17 00:01:22,467 ] 87 root - INFO - Hypothesis ed_000: float64, float64 
[ 2023-03-17 00:01:22,474 ] 87 root - INFO - Hypothesis ee_000: float64, float64 
[ 2023-03-17 00:01:22,481 ] 87 root - INFO - Hypothesis ee_001: float64, float64 
[ 2023-03-17 00:01:22,488 ] 87 root - INFO - Hypothesis ee_002: float64, float64 
[ 2023-03-17 00:01:22,495 ] 87 root - INFO - Hypothesis ee_003: float64, float64 
[ 2023-03-17 00:01:22,502 ] 87 root - INFO - Hypothesis ee_004: float64, float64 
[ 2023-03-17 00:01:22,509 ] 87 root - INFO - Hypothesis ee_005: float64, float64 
[ 2023-03-17 00:01:22,515 ] 87 root - INFO - Hypothesis ee_006: float64, float64 
[ 2023-03-17 00:01:22,522 ] 87 root - INFO - Hypothesis ee_007: float64, float64 
[ 2023-03-17 00:01:22,529 ] 87 root - INFO - Hypothesis ee_008: float64, float64 
[ 2023-03-17 00:01:22,538 ] 87 root - INFO - Hypothesis ee_009: float64, float64 
[ 2023-03-17 00:01:22,543 ] 87 root - INFO - Hypothesis ef_000: float64, float64 
[ 2023-03-17 00:01:22,558 ] 87 root - INFO - Hypothesis eg_000: float64, float64 
[ 2023-03-17 00:01:22,574 ] 150 root - INFO - Write reprt in yaml file
