[ 2023-03-17 00:04:35,478 ] 16 root - INFO - >>>>>>>>>>>>>>>>>>>>>>>>>>>>>>>>>>>>>>>> Data Ingestion <<<<<<<<<<<<<<<<<<<<<<<<<<<<<<<<<<<<<<<<
[ 2023-03-17 00:04:35,478 ] 23 root - INFO - Exporting collection data as pandas dataframe
[ 2023-03-17 00:04:35,478 ] 17 root - INFO - Reading data from database: air_pressure_system and collection: Sensor
[ 2023-03-17 00:04:38,845 ] 19 root - INFO - Found columns: Index(['_id', 'class', 'aa_000', 'ab_000', 'ac_000', 'ad_000', 'ae_000',
       'af_000', 'ag_000', 'ag_001',
       ...
       'ee_002', 'ee_003', 'ee_004', 'ee_005', 'ee_006', 'ee_007', 'ee_008',
       'ee_009', 'ef_000', 'eg_000'],
      dtype='object', length=172)
[ 2023-03-17 00:04:38,845 ] 21 root - INFO - Dropping column: _id 
[ 2023-03-17 00:04:39,059 ] 23 root - INFO - Row and columns in df: (36188, 171)
[ 2023-03-17 00:04:39,059 ] 29 root - INFO - Save data in feature store
[ 2023-03-17 00:04:39,597 ] 35 root - INFO - Create feature store folder if not available
[ 2023-03-17 00:04:39,598 ] 39 root - INFO - Save df to feature store folder
[ 2023-03-17 00:04:41,951 ] 44 root - INFO - split dataset into train and test set
[ 2023-03-17 00:04:42,465 ] 48 root - INFO - create dataset directory folder if not available
[ 2023-03-17 00:04:42,466 ] 53 root - INFO - Save df to feature store folder
[ 2023-03-17 00:04:44,583 ] 65 root - INFO - Data ingestion artifact: DataIngestionArtifact(feature_store_file_path='/config/workspace/artifact/03172023__000435/data_ingestion/feature_store/sensor.csv', train_file_path='/config/workspace/artifact/03172023__000435/data_ingestion/dataset/train.csv', test_file_path='/config/workspace/artifact/03172023__000435/data_ingestion/dataset/test.csv')
[ 2023-03-17 00:04:44,956 ] 17 root - INFO - >>>>>>>>>>>>>>>>>>>>>>>>>>>>>>>>>>>>>>>> Data Validation <<<<<<<<<<<<<<<<<<<<<<<<<<<<<<<<<<<<<<<<
[ 2023-03-17 00:04:44,956 ] 113 root - INFO - Reading base dataframe
[ 2023-03-17 00:04:47,779 ] 116 root - INFO - Replace na value in base df
[ 2023-03-17 00:04:47,779 ] 118 root - INFO - Drop null values colums from base df
[ 2023-03-17 00:04:48,708 ] 42 root - INFO - Selecting Column Names which containing null values above to 0.2
[ 2023-03-17 00:04:48,710 ] 45 root - INFO - Columns to Drop :Index(['ab_000', 'ad_000', 'bk_000', 'bl_000', 'bm_000', 'bn_000', 'bo_000',
       'bp_000', 'bq_000', 'br_000', 'cf_000', 'cg_000', 'ch_000', 'co_000',
       'cr_000', 'ct_000', 'cu_000', 'cv_000', 'cx_000', 'cy_000', 'cz_000',
       'da_000', 'db_000', 'dc_000'],
      dtype='object')
[ 2023-03-17 00:04:48,791 ] 121 root - INFO - Reading train dataframe
[ 2023-03-17 00:04:49,170 ] 123 root - INFO - Reading test dataframe
[ 2023-03-17 00:04:49,270 ] 126 root - INFO - Drop null values colums from train df
[ 2023-03-17 00:04:49,281 ] 42 root - INFO - Selecting Column Names which containing null values above to 0.2
[ 2023-03-17 00:04:49,282 ] 45 root - INFO - Columns to Drop :Index(['ab_000', 'ad_000', 'bk_000', 'bl_000', 'bm_000', 'bn_000', 'bo_000',
       'bp_000', 'bq_000', 'br_000', 'cf_000', 'cg_000', 'ch_000', 'co_000',
       'cr_000', 'ct_000', 'cu_000', 'cv_000', 'cx_000', 'cy_000', 'cz_000',
       'da_000', 'db_000', 'dc_000'],
      dtype='object')
[ 2023-03-17 00:04:49,291 ] 128 root - INFO - Drop null values colums from test df
[ 2023-03-17 00:04:49,295 ] 42 root - INFO - Selecting Column Names which containing null values above to 0.2
[ 2023-03-17 00:04:49,296 ] 45 root - INFO - Columns to Drop :Index(['ab_000', 'ad_000', 'bk_000', 'bl_000', 'bm_000', 'bn_000', 'bo_000',
       'bp_000', 'bq_000', 'br_000', 'cf_000', 'cg_000', 'ch_000', 'co_000',
       'cr_000', 'ct_000', 'cu_000', 'cv_000', 'cx_000', 'cy_000', 'cz_000',
       'da_000', 'db_000', 'dc_000'],
      dtype='object')
[ 2023-03-17 00:04:55,328 ] 136 root - INFO - Is all required columns present in train df
[ 2023-03-17 00:04:55,329 ] 138 root - INFO - Is all required columns present in test df
[ 2023-03-17 00:04:55,329 ] 142 root - INFO - As all column are available in train df hence detecting data drift
[ 2023-03-17 00:04:55,329 ] 87 root - INFO - Hypothesis class: object, object 
[ 2023-03-17 00:04:55,463 ] 87 root - INFO - Hypothesis aa_000: float64, float64 
[ 2023-03-17 00:04:55,474 ] 87 root - INFO - Hypothesis ac_000: float64, float64 
[ 2023-03-17 00:04:55,515 ] 87 root - INFO - Hypothesis ae_000: float64, float64 
[ 2023-03-17 00:04:55,561 ] 87 root - INFO - Hypothesis af_000: float64, float64 
[ 2023-03-17 00:04:55,599 ] 87 root - INFO - Hypothesis ag_000: float64, float64 
[ 2023-03-17 00:04:55,635 ] 87 root - INFO - Hypothesis ag_001: float64, float64 
[ 2023-03-17 00:04:55,671 ] 87 root - INFO - Hypothesis ag_002: float64, float64 
[ 2023-03-17 00:04:55,709 ] 87 root - INFO - Hypothesis ag_003: float64, float64 
[ 2023-03-17 00:04:55,716 ] 87 root - INFO - Hypothesis ag_004: float64, float64 
[ 2023-03-17 00:04:55,726 ] 87 root - INFO - Hypothesis ag_005: float64, float64 
[ 2023-03-17 00:04:55,737 ] 87 root - INFO - Hypothesis ag_006: float64, float64 
[ 2023-03-17 00:04:55,748 ] 87 root - INFO - Hypothesis ag_007: float64, float64 
[ 2023-03-17 00:04:55,757 ] 87 root - INFO - Hypothesis ag_008: float64, float64 
[ 2023-03-17 00:04:55,766 ] 87 root - INFO - Hypothesis ag_009: float64, float64 
[ 2023-03-17 00:04:55,773 ] 87 root - INFO - Hypothesis ah_000: float64, float64 
[ 2023-03-17 00:04:55,783 ] 87 root - INFO - Hypothesis ai_000: float64, float64 
[ 2023-03-17 00:04:55,821 ] 87 root - INFO - Hypothesis aj_000: float64, float64 
[ 2023-03-17 00:04:55,827 ] 87 root - INFO - Hypothesis ak_000: float64, float64 
[ 2023-03-17 00:04:55,867 ] 87 root - INFO - Hypothesis al_000: float64, float64 
[ 2023-03-17 00:04:55,875 ] 87 root - INFO - Hypothesis am_0: float64, float64 
[ 2023-03-17 00:04:55,883 ] 87 root - INFO - Hypothesis an_000: float64, float64 
[ 2023-03-17 00:04:55,895 ] 87 root - INFO - Hypothesis ao_000: float64, float64 
[ 2023-03-17 00:04:55,905 ] 87 root - INFO - Hypothesis ap_000: float64, float64 
[ 2023-03-17 00:04:55,916 ] 87 root - INFO - Hypothesis aq_000: float64, float64 
[ 2023-03-17 00:04:55,927 ] 87 root - INFO - Hypothesis ar_000: float64, float64 
[ 2023-03-17 00:04:55,964 ] 87 root - INFO - Hypothesis as_000: float64, float64 
[ 2023-03-17 00:04:56,001 ] 87 root - INFO - Hypothesis at_000: float64, float64 
[ 2023-03-17 00:04:56,039 ] 87 root - INFO - Hypothesis au_000: float64, float64 
[ 2023-03-17 00:04:56,076 ] 87 root - INFO - Hypothesis av_000: float64, float64 
[ 2023-03-17 00:04:56,084 ] 87 root - INFO - Hypothesis ax_000: float64, float64 
[ 2023-03-17 00:04:56,092 ] 87 root - INFO - Hypothesis ay_000: float64, float64 
[ 2023-03-17 00:04:56,129 ] 87 root - INFO - Hypothesis ay_001: float64, float64 
[ 2023-03-17 00:04:56,166 ] 87 root - INFO - Hypothesis ay_002: float64, float64 
[ 2023-03-17 00:04:56,202 ] 87 root - INFO - Hypothesis ay_003: float64, float64 
[ 2023-03-17 00:04:56,238 ] 87 root - INFO - Hypothesis ay_004: float64, float64 
[ 2023-03-17 00:04:56,276 ] 87 root - INFO - Hypothesis ay_005: float64, float64 
[ 2023-03-17 00:04:56,318 ] 87 root - INFO - Hypothesis ay_006: float64, float64 
[ 2023-03-17 00:04:56,327 ] 87 root - INFO - Hypothesis ay_007: float64, float64 
[ 2023-03-17 00:04:56,337 ] 87 root - INFO - Hypothesis ay_008: float64, float64 
[ 2023-03-17 00:04:56,347 ] 87 root - INFO - Hypothesis ay_009: float64, float64 
[ 2023-03-17 00:04:56,384 ] 87 root - INFO - Hypothesis az_000: float64, float64 
[ 2023-03-17 00:04:56,394 ] 87 root - INFO - Hypothesis az_001: float64, float64 
[ 2023-03-17 00:04:56,403 ] 87 root - INFO - Hypothesis az_002: float64, float64 
[ 2023-03-17 00:04:56,413 ] 87 root - INFO - Hypothesis az_003: float64, float64 
[ 2023-03-17 00:04:56,423 ] 87 root - INFO - Hypothesis az_004: float64, float64 
[ 2023-03-17 00:04:56,433 ] 87 root - INFO - Hypothesis az_005: float64, float64 
[ 2023-03-17 00:04:56,444 ] 87 root - INFO - Hypothesis az_006: float64, float64 
[ 2023-03-17 00:04:56,486 ] 87 root - INFO - Hypothesis az_007: float64, float64 
[ 2023-03-17 00:04:56,526 ] 87 root - INFO - Hypothesis az_008: float64, float64 
[ 2023-03-17 00:04:56,564 ] 87 root - INFO - Hypothesis az_009: float64, float64 
[ 2023-03-17 00:04:56,605 ] 87 root - INFO - Hypothesis ba_000: float64, float64 
[ 2023-03-17 00:04:56,616 ] 87 root - INFO - Hypothesis ba_001: float64, float64 
[ 2023-03-17 00:04:56,628 ] 87 root - INFO - Hypothesis ba_002: float64, float64 
[ 2023-03-17 00:04:56,639 ] 87 root - INFO - Hypothesis ba_003: float64, float64 
[ 2023-03-17 00:04:56,650 ] 87 root - INFO - Hypothesis ba_004: float64, float64 
[ 2023-03-17 00:04:56,661 ] 87 root - INFO - Hypothesis ba_005: float64, float64 
[ 2023-03-17 00:04:56,671 ] 87 root - INFO - Hypothesis ba_006: float64, float64 
[ 2023-03-17 00:04:56,682 ] 87 root - INFO - Hypothesis ba_007: float64, float64 
[ 2023-03-17 00:04:56,692 ] 87 root - INFO - Hypothesis ba_008: float64, float64 
[ 2023-03-17 00:04:56,733 ] 87 root - INFO - Hypothesis ba_009: float64, float64 
[ 2023-03-17 00:04:56,773 ] 87 root - INFO - Hypothesis bb_000: float64, float64 
[ 2023-03-17 00:04:56,783 ] 87 root - INFO - Hypothesis bc_000: float64, float64 
[ 2023-03-17 00:04:56,825 ] 87 root - INFO - Hypothesis bd_000: float64, float64 
[ 2023-03-17 00:04:56,833 ] 87 root - INFO - Hypothesis be_000: float64, float64 
[ 2023-03-17 00:04:56,842 ] 87 root - INFO - Hypothesis bf_000: float64, float64 
[ 2023-03-17 00:04:56,848 ] 87 root - INFO - Hypothesis bg_000: float64, float64 
[ 2023-03-17 00:04:56,859 ] 87 root - INFO - Hypothesis bh_000: float64, float64 
[ 2023-03-17 00:04:56,869 ] 87 root - INFO - Hypothesis bi_000: float64, float64 
[ 2023-03-17 00:04:56,880 ] 87 root - INFO - Hypothesis bj_000: float64, float64 
[ 2023-03-17 00:04:56,891 ] 87 root - INFO - Hypothesis bs_000: float64, float64 
[ 2023-03-17 00:04:56,902 ] 87 root - INFO - Hypothesis bt_000: float64, float64 
[ 2023-03-17 00:04:56,991 ] 87 root - INFO - Hypothesis bu_000: float64, float64 
[ 2023-03-17 00:04:57,002 ] 87 root - INFO - Hypothesis bv_000: float64, float64 
[ 2023-03-17 00:04:57,013 ] 87 root - INFO - Hypothesis bx_000: float64, float64 
[ 2023-03-17 00:04:57,023 ] 87 root - INFO - Hypothesis by_000: float64, float64 
[ 2023-03-17 00:04:57,034 ] 87 root - INFO - Hypothesis bz_000: float64, float64 
[ 2023-03-17 00:04:57,043 ] 87 root - INFO - Hypothesis ca_000: float64, float64 
[ 2023-03-17 00:04:57,053 ] 87 root - INFO - Hypothesis cb_000: float64, float64 
[ 2023-03-17 00:04:57,064 ] 87 root - INFO - Hypothesis cc_000: float64, float64 
[ 2023-03-17 00:04:57,075 ] 87 root - INFO - Hypothesis cd_000: float64, float64 
[ 2023-03-17 00:04:57,111 ] 87 root - INFO - Hypothesis ce_000: float64, float64 
[ 2023-03-17 00:04:57,121 ] 87 root - INFO - Hypothesis ci_000: float64, float64 
[ 2023-03-17 00:04:57,131 ] 87 root - INFO - Hypothesis cj_000: float64, float64 
[ 2023-03-17 00:04:57,171 ] 87 root - INFO - Hypothesis ck_000: float64, float64 
[ 2023-03-17 00:04:57,181 ] 87 root - INFO - Hypothesis cl_000: float64, float64 
[ 2023-03-17 00:04:57,187 ] 87 root - INFO - Hypothesis cm_000: float64, float64 
[ 2023-03-17 00:04:57,195 ] 87 root - INFO - Hypothesis cn_000: float64, float64 
[ 2023-03-17 00:04:57,231 ] 87 root - INFO - Hypothesis cn_001: float64, float64 
[ 2023-03-17 00:04:57,270 ] 87 root - INFO - Hypothesis cn_002: float64, float64 
[ 2023-03-17 00:04:57,278 ] 87 root - INFO - Hypothesis cn_003: float64, float64 
[ 2023-03-17 00:04:57,289 ] 87 root - INFO - Hypothesis cn_004: float64, float64 
[ 2023-03-17 00:04:57,300 ] 87 root - INFO - Hypothesis cn_005: float64, float64 
[ 2023-03-17 00:04:57,310 ] 87 root - INFO - Hypothesis cn_006: float64, float64 
[ 2023-03-17 00:04:57,320 ] 87 root - INFO - Hypothesis cn_007: float64, float64 
[ 2023-03-17 00:04:57,330 ] 87 root - INFO - Hypothesis cn_008: float64, float64 
[ 2023-03-17 00:04:57,339 ] 87 root - INFO - Hypothesis cn_009: float64, float64 
[ 2023-03-17 00:04:57,380 ] 87 root - INFO - Hypothesis cp_000: float64, float64 
[ 2023-03-17 00:04:57,421 ] 87 root - INFO - Hypothesis cq_000: float64, float64 
[ 2023-03-17 00:04:57,431 ] 87 root - INFO - Hypothesis cs_000: float64, float64 
[ 2023-03-17 00:04:57,441 ] 87 root - INFO - Hypothesis cs_001: float64, float64 
[ 2023-03-17 00:04:57,450 ] 87 root - INFO - Hypothesis cs_002: float64, float64 
[ 2023-03-17 00:04:57,460 ] 87 root - INFO - Hypothesis cs_003: float64, float64 
[ 2023-03-17 00:04:57,471 ] 87 root - INFO - Hypothesis cs_004: float64, float64 
[ 2023-03-17 00:04:57,481 ] 87 root - INFO - Hypothesis cs_005: float64, float64 
[ 2023-03-17 00:04:57,492 ] 87 root - INFO - Hypothesis cs_006: float64, float64 
[ 2023-03-17 00:04:57,503 ] 87 root - INFO - Hypothesis cs_007: float64, float64 
[ 2023-03-17 00:04:57,513 ] 87 root - INFO - Hypothesis cs_008: float64, float64 
[ 2023-03-17 00:04:57,555 ] 87 root - INFO - Hypothesis cs_009: float64, float64 
[ 2023-03-17 00:04:57,594 ] 87 root - INFO - Hypothesis dd_000: float64, float64 
[ 2023-03-17 00:04:57,603 ] 87 root - INFO - Hypothesis de_000: float64, float64 
[ 2023-03-17 00:04:57,612 ] 87 root - INFO - Hypothesis df_000: float64, float64 
[ 2023-03-17 00:04:57,650 ] 87 root - INFO - Hypothesis dg_000: float64, float64 
[ 2023-03-17 00:04:57,689 ] 87 root - INFO - Hypothesis dh_000: float64, float64 
[ 2023-03-17 00:04:57,694 ] 87 root - INFO - Hypothesis di_000: float64, float64 
[ 2023-03-17 00:04:57,733 ] 87 root - INFO - Hypothesis dj_000: float64, float64 
[ 2023-03-17 00:04:57,771 ] 87 root - INFO - Hypothesis dk_000: float64, float64 
[ 2023-03-17 00:04:57,810 ] 87 root - INFO - Hypothesis dl_000: float64, float64 
[ 2023-03-17 00:04:57,847 ] 87 root - INFO - Hypothesis dm_000: float64, float64 
[ 2023-03-17 00:04:57,884 ] 87 root - INFO - Hypothesis dn_000: float64, float64 
[ 2023-03-17 00:04:57,894 ] 87 root - INFO - Hypothesis do_000: float64, float64 
[ 2023-03-17 00:04:57,903 ] 87 root - INFO - Hypothesis dp_000: float64, float64 
[ 2023-03-17 00:04:57,913 ] 87 root - INFO - Hypothesis dq_000: float64, float64 
[ 2023-03-17 00:04:57,952 ] 87 root - INFO - Hypothesis dr_000: float64, float64 
[ 2023-03-17 00:04:57,992 ] 87 root - INFO - Hypothesis ds_000: float64, float64 
[ 2023-03-17 00:04:58,002 ] 87 root - INFO - Hypothesis dt_000: float64, float64 
[ 2023-03-17 00:04:58,012 ] 87 root - INFO - Hypothesis du_000: float64, float64 
[ 2023-03-17 00:04:58,023 ] 87 root - INFO - Hypothesis dv_000: float64, float64 
[ 2023-03-17 00:04:58,033 ] 87 root - INFO - Hypothesis dx_000: float64, float64 
[ 2023-03-17 00:04:58,072 ] 87 root - INFO - Hypothesis dy_000: float64, float64 
[ 2023-03-17 00:04:58,112 ] 87 root - INFO - Hypothesis dz_000: float64, float64 
[ 2023-03-17 00:04:58,153 ] 87 root - INFO - Hypothesis ea_000: float64, float64 
[ 2023-03-17 00:04:58,192 ] 87 root - INFO - Hypothesis eb_000: float64, float64 
[ 2023-03-17 00:04:58,201 ] 87 root - INFO - Hypothesis ec_00: float64, float64 
[ 2023-03-17 00:04:58,211 ] 87 root - INFO - Hypothesis ed_000: float64, float64 
[ 2023-03-17 00:04:58,220 ] 87 root - INFO - Hypothesis ee_000: float64, float64 
[ 2023-03-17 00:04:58,230 ] 87 root - INFO - Hypothesis ee_001: float64, float64 
[ 2023-03-17 00:04:58,241 ] 87 root - INFO - Hypothesis ee_002: float64, float64 
[ 2023-03-17 00:04:58,251 ] 87 root - INFO - Hypothesis ee_003: float64, float64 
[ 2023-03-17 00:04:58,262 ] 87 root - INFO - Hypothesis ee_004: float64, float64 
[ 2023-03-17 00:04:58,272 ] 87 root - INFO - Hypothesis ee_005: float64, float64 
[ 2023-03-17 00:04:58,282 ] 87 root - INFO - Hypothesis ee_006: float64, float64 
[ 2023-03-17 00:04:58,292 ] 87 root - INFO - Hypothesis ee_007: float64, float64 
[ 2023-03-17 00:04:58,302 ] 87 root - INFO - Hypothesis ee_008: float64, float64 
[ 2023-03-17 00:04:58,312 ] 87 root - INFO - Hypothesis ee_009: float64, float64 
[ 2023-03-17 00:04:58,319 ] 87 root - INFO - Hypothesis ef_000: float64, float64 
[ 2023-03-17 00:04:58,356 ] 87 root - INFO - Hypothesis eg_000: float64, float64 
[ 2023-03-17 00:04:58,393 ] 146 root - INFO - As all column are available in test df hence detecting data drift
[ 2023-03-17 00:04:58,394 ] 87 root - INFO - Hypothesis class: object, object 
[ 2023-03-17 00:04:58,468 ] 87 root - INFO - Hypothesis aa_000: float64, float64 
[ 2023-03-17 00:04:58,475 ] 87 root - INFO - Hypothesis ac_000: float64, float64 
[ 2023-03-17 00:04:58,481 ] 87 root - INFO - Hypothesis ae_000: float64, float64 
[ 2023-03-17 00:04:58,497 ] 87 root - INFO - Hypothesis af_000: float64, float64 
[ 2023-03-17 00:04:58,513 ] 87 root - INFO - Hypothesis ag_000: float64, float64 
[ 2023-03-17 00:04:58,528 ] 87 root - INFO - Hypothesis ag_001: float64, float64 
[ 2023-03-17 00:04:58,543 ] 87 root - INFO - Hypothesis ag_002: float64, float64 
[ 2023-03-17 00:04:58,547 ] 87 root - INFO - Hypothesis ag_003: float64, float64 
[ 2023-03-17 00:04:58,551 ] 87 root - INFO - Hypothesis ag_004: float64, float64 
[ 2023-03-17 00:04:58,558 ] 87 root - INFO - Hypothesis ag_005: float64, float64 
[ 2023-03-17 00:04:58,565 ] 87 root - INFO - Hypothesis ag_006: float64, float64 
[ 2023-03-17 00:04:58,572 ] 87 root - INFO - Hypothesis ag_007: float64, float64 
[ 2023-03-17 00:04:58,579 ] 87 root - INFO - Hypothesis ag_008: float64, float64 
[ 2023-03-17 00:04:58,585 ] 87 root - INFO - Hypothesis ag_009: float64, float64 
[ 2023-03-17 00:04:58,592 ] 87 root - INFO - Hypothesis ah_000: float64, float64 
[ 2023-03-17 00:04:58,602 ] 87 root - INFO - Hypothesis ai_000: float64, float64 
[ 2023-03-17 00:04:58,606 ] 87 root - INFO - Hypothesis aj_000: float64, float64 
[ 2023-03-17 00:04:58,610 ] 87 root - INFO - Hypothesis ak_000: float64, float64 
[ 2023-03-17 00:04:58,614 ] 87 root - INFO - Hypothesis al_000: float64, float64 
[ 2023-03-17 00:04:58,620 ] 87 root - INFO - Hypothesis am_0: float64, float64 
[ 2023-03-17 00:04:58,625 ] 87 root - INFO - Hypothesis an_000: float64, float64 
[ 2023-03-17 00:04:58,632 ] 87 root - INFO - Hypothesis ao_000: float64, float64 
[ 2023-03-17 00:04:58,640 ] 87 root - INFO - Hypothesis ap_000: float64, float64 
[ 2023-03-17 00:04:58,648 ] 87 root - INFO - Hypothesis aq_000: float64, float64 
[ 2023-03-17 00:04:58,655 ] 87 root - INFO - Hypothesis ar_000: float64, float64 
[ 2023-03-17 00:04:58,671 ] 87 root - INFO - Hypothesis as_000: float64, float64 
[ 2023-03-17 00:04:58,686 ] 87 root - INFO - Hypothesis at_000: float64, float64 
[ 2023-03-17 00:04:58,706 ] 87 root - INFO - Hypothesis au_000: float64, float64 
[ 2023-03-17 00:04:58,723 ] 87 root - INFO - Hypothesis av_000: float64, float64 
[ 2023-03-17 00:04:58,730 ] 87 root - INFO - Hypothesis ax_000: float64, float64 
[ 2023-03-17 00:04:58,735 ] 87 root - INFO - Hypothesis ay_000: float64, float64 
[ 2023-03-17 00:04:58,750 ] 87 root - INFO - Hypothesis ay_001: float64, float64 
[ 2023-03-17 00:04:58,766 ] 87 root - INFO - Hypothesis ay_002: float64, float64 
[ 2023-03-17 00:04:58,781 ] 87 root - INFO - Hypothesis ay_003: float64, float64 
[ 2023-03-17 00:04:58,796 ] 87 root - INFO - Hypothesis ay_004: float64, float64 
[ 2023-03-17 00:04:58,812 ] 87 root - INFO - Hypothesis ay_005: float64, float64 
[ 2023-03-17 00:04:58,817 ] 87 root - INFO - Hypothesis ay_006: float64, float64 
[ 2023-03-17 00:04:58,823 ] 87 root - INFO - Hypothesis ay_007: float64, float64 
[ 2023-03-17 00:04:58,830 ] 87 root - INFO - Hypothesis ay_008: float64, float64 
[ 2023-03-17 00:04:58,837 ] 87 root - INFO - Hypothesis ay_009: float64, float64 
[ 2023-03-17 00:04:58,853 ] 87 root - INFO - Hypothesis az_000: float64, float64 
[ 2023-03-17 00:04:58,860 ] 87 root - INFO - Hypothesis az_001: float64, float64 
[ 2023-03-17 00:04:58,866 ] 87 root - INFO - Hypothesis az_002: float64, float64 
[ 2023-03-17 00:04:58,872 ] 87 root - INFO - Hypothesis az_003: float64, float64 
[ 2023-03-17 00:04:58,879 ] 87 root - INFO - Hypothesis az_004: float64, float64 
[ 2023-03-17 00:04:58,886 ] 87 root - INFO - Hypothesis az_005: float64, float64 
[ 2023-03-17 00:04:58,893 ] 87 root - INFO - Hypothesis az_006: float64, float64 
[ 2023-03-17 00:04:58,899 ] 87 root - INFO - Hypothesis az_007: float64, float64 
[ 2023-03-17 00:04:58,903 ] 87 root - INFO - Hypothesis az_008: float64, float64 
[ 2023-03-17 00:04:58,919 ] 87 root - INFO - Hypothesis az_009: float64, float64 
[ 2023-03-17 00:04:58,934 ] 87 root - INFO - Hypothesis ba_000: float64, float64 
[ 2023-03-17 00:04:58,942 ] 87 root - INFO - Hypothesis ba_001: float64, float64 
[ 2023-03-17 00:04:58,949 ] 87 root - INFO - Hypothesis ba_002: float64, float64 
[ 2023-03-17 00:04:58,956 ] 87 root - INFO - Hypothesis ba_003: float64, float64 
[ 2023-03-17 00:04:58,963 ] 87 root - INFO - Hypothesis ba_004: float64, float64 
[ 2023-03-17 00:04:58,970 ] 87 root - INFO - Hypothesis ba_005: float64, float64 
[ 2023-03-17 00:04:58,977 ] 87 root - INFO - Hypothesis ba_006: float64, float64 
[ 2023-03-17 00:04:58,984 ] 87 root - INFO - Hypothesis ba_007: float64, float64 
[ 2023-03-17 00:04:58,990 ] 87 root - INFO - Hypothesis ba_008: float64, float64 
[ 2023-03-17 00:04:58,995 ] 87 root - INFO - Hypothesis ba_009: float64, float64 
[ 2023-03-17 00:04:59,000 ] 87 root - INFO - Hypothesis bb_000: float64, float64 
[ 2023-03-17 00:04:59,007 ] 87 root - INFO - Hypothesis bc_000: float64, float64 
[ 2023-03-17 00:04:59,012 ] 87 root - INFO - Hypothesis bd_000: float64, float64 
[ 2023-03-17 00:04:59,018 ] 87 root - INFO - Hypothesis be_000: float64, float64 
[ 2023-03-17 00:04:59,024 ] 87 root - INFO - Hypothesis bf_000: float64, float64 
[ 2023-03-17 00:04:59,029 ] 87 root - INFO - Hypothesis bg_000: float64, float64 
[ 2023-03-17 00:04:59,036 ] 87 root - INFO - Hypothesis bh_000: float64, float64 
[ 2023-03-17 00:04:59,043 ] 87 root - INFO - Hypothesis bi_000: float64, float64 
[ 2023-03-17 00:04:59,050 ] 87 root - INFO - Hypothesis bj_000: float64, float64 
[ 2023-03-17 00:04:59,058 ] 87 root - INFO - Hypothesis bs_000: float64, float64 
[ 2023-03-17 00:04:59,065 ] 87 root - INFO - Hypothesis bt_000: float64, float64 
[ 2023-03-17 00:04:59,072 ] 87 root - INFO - Hypothesis bu_000: float64, float64 
[ 2023-03-17 00:04:59,079 ] 87 root - INFO - Hypothesis bv_000: float64, float64 
[ 2023-03-17 00:04:59,086 ] 87 root - INFO - Hypothesis bx_000: float64, float64 
[ 2023-03-17 00:04:59,093 ] 87 root - INFO - Hypothesis by_000: float64, float64 
[ 2023-03-17 00:04:59,100 ] 87 root - INFO - Hypothesis bz_000: float64, float64 
[ 2023-03-17 00:04:59,106 ] 87 root - INFO - Hypothesis ca_000: float64, float64 
[ 2023-03-17 00:04:59,113 ] 87 root - INFO - Hypothesis cb_000: float64, float64 
[ 2023-03-17 00:04:59,120 ] 87 root - INFO - Hypothesis cc_000: float64, float64 
[ 2023-03-17 00:04:59,127 ] 87 root - INFO - Hypothesis cd_000: float64, float64 
[ 2023-03-17 00:04:59,143 ] 87 root - INFO - Hypothesis ce_000: float64, float64 
[ 2023-03-17 00:04:59,149 ] 87 root - INFO - Hypothesis ci_000: float64, float64 
[ 2023-03-17 00:04:59,156 ] 87 root - INFO - Hypothesis cj_000: float64, float64 
[ 2023-03-17 00:04:59,160 ] 87 root - INFO - Hypothesis ck_000: float64, float64 
[ 2023-03-17 00:04:59,167 ] 87 root - INFO - Hypothesis cl_000: float64, float64 
[ 2023-03-17 00:04:59,171 ] 87 root - INFO - Hypothesis cm_000: float64, float64 
[ 2023-03-17 00:04:59,176 ] 87 root - INFO - Hypothesis cn_000: float64, float64 
[ 2023-03-17 00:04:59,192 ] 87 root - INFO - Hypothesis cn_001: float64, float64 
[ 2023-03-17 00:04:59,196 ] 87 root - INFO - Hypothesis cn_002: float64, float64 
[ 2023-03-17 00:04:59,202 ] 87 root - INFO - Hypothesis cn_003: float64, float64 
[ 2023-03-17 00:04:59,209 ] 87 root - INFO - Hypothesis cn_004: float64, float64 
[ 2023-03-17 00:04:59,216 ] 87 root - INFO - Hypothesis cn_005: float64, float64 
[ 2023-03-17 00:04:59,223 ] 87 root - INFO - Hypothesis cn_006: float64, float64 
[ 2023-03-17 00:04:59,230 ] 87 root - INFO - Hypothesis cn_007: float64, float64 
[ 2023-03-17 00:04:59,237 ] 87 root - INFO - Hypothesis cn_008: float64, float64 
[ 2023-03-17 00:04:59,243 ] 87 root - INFO - Hypothesis cn_009: float64, float64 
[ 2023-03-17 00:04:59,248 ] 87 root - INFO - Hypothesis cp_000: float64, float64 
[ 2023-03-17 00:04:59,253 ] 87 root - INFO - Hypothesis cq_000: float64, float64 
[ 2023-03-17 00:04:59,260 ] 87 root - INFO - Hypothesis cs_000: float64, float64 
[ 2023-03-17 00:04:59,267 ] 87 root - INFO - Hypothesis cs_001: float64, float64 
[ 2023-03-17 00:04:59,273 ] 87 root - INFO - Hypothesis cs_002: float64, float64 
[ 2023-03-17 00:04:59,280 ] 87 root - INFO - Hypothesis cs_003: float64, float64 
[ 2023-03-17 00:04:59,287 ] 87 root - INFO - Hypothesis cs_004: float64, float64 
[ 2023-03-17 00:04:59,294 ] 87 root - INFO - Hypothesis cs_005: float64, float64 
[ 2023-03-17 00:04:59,301 ] 87 root - INFO - Hypothesis cs_006: float64, float64 
[ 2023-03-17 00:04:59,308 ] 87 root - INFO - Hypothesis cs_007: float64, float64 
[ 2023-03-17 00:04:59,315 ] 87 root - INFO - Hypothesis cs_008: float64, float64 
[ 2023-03-17 00:04:59,320 ] 87 root - INFO - Hypothesis cs_009: float64, float64 
[ 2023-03-17 00:04:59,336 ] 87 root - INFO - Hypothesis dd_000: float64, float64 
[ 2023-03-17 00:04:59,342 ] 87 root - INFO - Hypothesis de_000: float64, float64 
[ 2023-03-17 00:04:59,348 ] 87 root - INFO - Hypothesis df_000: float64, float64 
[ 2023-03-17 00:04:59,351 ] 87 root - INFO - Hypothesis dg_000: float64, float64 
[ 2023-03-17 00:04:59,354 ] 87 root - INFO - Hypothesis dh_000: float64, float64 
[ 2023-03-17 00:04:59,358 ] 87 root - INFO - Hypothesis di_000: float64, float64 
[ 2023-03-17 00:04:59,362 ] 87 root - INFO - Hypothesis dj_000: float64, float64 
[ 2023-03-17 00:04:59,378 ] 87 root - INFO - Hypothesis dk_000: float64, float64 
[ 2023-03-17 00:04:59,381 ] 87 root - INFO - Hypothesis dl_000: float64, float64 
[ 2023-03-17 00:04:59,397 ] 87 root - INFO - Hypothesis dm_000: float64, float64 
[ 2023-03-17 00:04:59,413 ] 87 root - INFO - Hypothesis dn_000: float64, float64 
[ 2023-03-17 00:04:59,420 ] 87 root - INFO - Hypothesis do_000: float64, float64 
[ 2023-03-17 00:04:59,426 ] 87 root - INFO - Hypothesis dp_000: float64, float64 
[ 2023-03-17 00:04:59,433 ] 87 root - INFO - Hypothesis dq_000: float64, float64 
[ 2023-03-17 00:04:59,437 ] 87 root - INFO - Hypothesis dr_000: float64, float64 
[ 2023-03-17 00:04:59,441 ] 87 root - INFO - Hypothesis ds_000: float64, float64 
[ 2023-03-17 00:04:59,448 ] 87 root - INFO - Hypothesis dt_000: float64, float64 
[ 2023-03-17 00:04:59,455 ] 87 root - INFO - Hypothesis du_000: float64, float64 
[ 2023-03-17 00:04:59,462 ] 87 root - INFO - Hypothesis dv_000: float64, float64 
[ 2023-03-17 00:04:59,469 ] 87 root - INFO - Hypothesis dx_000: float64, float64 
[ 2023-03-17 00:04:59,473 ] 87 root - INFO - Hypothesis dy_000: float64, float64 
[ 2023-03-17 00:04:59,478 ] 87 root - INFO - Hypothesis dz_000: float64, float64 
[ 2023-03-17 00:04:59,494 ] 87 root - INFO - Hypothesis ea_000: float64, float64 
[ 2023-03-17 00:04:59,509 ] 87 root - INFO - Hypothesis eb_000: float64, float64 
[ 2023-03-17 00:04:59,515 ] 87 root - INFO - Hypothesis ec_00: float64, float64 
[ 2023-03-17 00:04:59,522 ] 87 root - INFO - Hypothesis ed_000: float64, float64 
[ 2023-03-17 00:04:59,528 ] 87 root - INFO - Hypothesis ee_000: float64, float64 
[ 2023-03-17 00:04:59,535 ] 87 root - INFO - Hypothesis ee_001: float64, float64 
[ 2023-03-17 00:04:59,542 ] 87 root - INFO - Hypothesis ee_002: float64, float64 
[ 2023-03-17 00:04:59,552 ] 87 root - INFO - Hypothesis ee_003: float64, float64 
[ 2023-03-17 00:04:59,559 ] 87 root - INFO - Hypothesis ee_004: float64, float64 
[ 2023-03-17 00:04:59,566 ] 87 root - INFO - Hypothesis ee_005: float64, float64 
[ 2023-03-17 00:04:59,573 ] 87 root - INFO - Hypothesis ee_006: float64, float64 
[ 2023-03-17 00:04:59,579 ] 87 root - INFO - Hypothesis ee_007: float64, float64 
[ 2023-03-17 00:04:59,586 ] 87 root - INFO - Hypothesis ee_008: float64, float64 
[ 2023-03-17 00:04:59,592 ] 87 root - INFO - Hypothesis ee_009: float64, float64 
[ 2023-03-17 00:04:59,597 ] 87 root - INFO - Hypothesis ef_000: float64, float64 
[ 2023-03-17 00:04:59,613 ] 87 root - INFO - Hypothesis eg_000: float64, float64 
[ 2023-03-17 00:04:59,628 ] 150 root - INFO - Write reprt in yaml file
[ 2023-03-17 00:04:59,635 ] 154 root - INFO - Data validation artifact: DataValidationArtifact(report_file_path='/config/workspace/artifact/03172023__000435/data_validation/report.yaml')
