[ 2023-03-17 00:00:04,415 ] 16 root - INFO - >>>>>>>>>>>>>>>>>>>>>>>>>>>>>>>>>>>>>>>> Data Ingestion <<<<<<<<<<<<<<<<<<<<<<<<<<<<<<<<<<<<<<<<
[ 2023-03-17 00:00:04,415 ] 23 root - INFO - Exporting collection data as pandas dataframe
[ 2023-03-17 00:00:04,415 ] 17 root - INFO - Reading data from database: air_pressure_system and collection: Sensor
[ 2023-03-17 00:00:07,832 ] 19 root - INFO - Found columns: Index(['_id', 'class', 'aa_000', 'ab_000', 'ac_000', 'ad_000', 'ae_000',
       'af_000', 'ag_000', 'ag_001',
       ...
       'ee_002', 'ee_003', 'ee_004', 'ee_005', 'ee_006', 'ee_007', 'ee_008',
       'ee_009', 'ef_000', 'eg_000'],
      dtype='object', length=172)
[ 2023-03-17 00:00:07,833 ] 21 root - INFO - Dropping column: _id 
[ 2023-03-17 00:00:08,034 ] 23 root - INFO - Row and columns in df: (36188, 171)
[ 2023-03-17 00:00:08,034 ] 29 root - INFO - Save data in feature store
[ 2023-03-17 00:00:08,566 ] 35 root - INFO - Create feature store folder if not available
[ 2023-03-17 00:00:08,566 ] 39 root - INFO - Save df to feature store folder
[ 2023-03-17 00:00:10,934 ] 44 root - INFO - split dataset into train and test set
[ 2023-03-17 00:00:11,449 ] 48 root - INFO - create dataset directory folder if not available
[ 2023-03-17 00:00:11,449 ] 53 root - INFO - Save df to feature store folder
[ 2023-03-17 00:00:13,572 ] 65 root - INFO - Data ingestion artifact: DataIngestionArtifact(feature_store_file_path='/config/workspace/artifact/03172023__000004/data_ingestion/feature_store/sensor.csv', train_file_path='/config/workspace/artifact/03172023__000004/data_ingestion/dataset/train.csv', test_file_path='/config/workspace/artifact/03172023__000004/data_ingestion/dataset/test.csv')
[ 2023-03-17 00:00:13,949 ] 17 root - INFO - >>>>>>>>>>>>>>>>>>>>>>>>>>>>>>>>>>>>>>>> Data Validation <<<<<<<<<<<<<<<<<<<<<<<<<<<<<<<<<<<<<<<<
[ 2023-03-17 00:00:13,949 ] 113 root - INFO - Reading base dataframe
[ 2023-03-17 00:00:16,792 ] 116 root - INFO - Replace na value in base df
[ 2023-03-17 00:00:16,793 ] 118 root - INFO - Drop null values colums from base df
[ 2023-03-17 00:00:17,721 ] 42 root - INFO - Selecting Column Names which containing null values above to 0.2
[ 2023-03-17 00:00:17,721 ] 45 root - INFO - Columns to Drop :Index(['ab_000', 'ad_000', 'bk_000', 'bl_000', 'bm_000', 'bn_000', 'bo_000',
       'bp_000', 'bq_000', 'br_000', 'cf_000', 'cg_000', 'ch_000', 'co_000',
       'cr_000', 'ct_000', 'cu_000', 'cv_000', 'cx_000', 'cy_000', 'cz_000',
       'da_000', 'db_000', 'dc_000'],
      dtype='object')
[ 2023-03-17 00:00:17,802 ] 121 root - INFO - Reading train dataframe
[ 2023-03-17 00:00:18,187 ] 123 root - INFO - Reading test dataframe
[ 2023-03-17 00:00:18,287 ] 126 root - INFO - Drop null values colums from train df
[ 2023-03-17 00:00:18,299 ] 42 root - INFO - Selecting Column Names which containing null values above to 0.2
[ 2023-03-17 00:00:18,299 ] 45 root - INFO - Columns to Drop :Index(['ab_000', 'ad_000', 'bk_000', 'bl_000', 'bm_000', 'bn_000', 'bo_000',
       'bp_000', 'bq_000', 'br_000', 'cf_000', 'cg_000', 'ch_000', 'co_000',
       'cr_000', 'ct_000', 'cu_000', 'cv_000', 'cx_000', 'cy_000', 'cz_000',
       'da_000', 'db_000', 'dc_000'],
      dtype='object')
[ 2023-03-17 00:00:18,308 ] 128 root - INFO - Drop null values colums from test df
[ 2023-03-17 00:00:18,312 ] 42 root - INFO - Selecting Column Names which containing null values above to 0.2
[ 2023-03-17 00:00:18,313 ] 45 root - INFO - Columns to Drop :Index(['ab_000', 'ad_000', 'bk_000', 'bl_000', 'bm_000', 'bn_000', 'bo_000',
       'bp_000', 'bq_000', 'br_000', 'cf_000', 'cg_000', 'ch_000', 'co_000',
       'cr_000', 'ct_000', 'cu_000', 'cv_000', 'cx_000', 'cy_000', 'cz_000',
       'da_000', 'db_000', 'dc_000'],
      dtype='object')
[ 2023-03-17 00:00:24,338 ] 136 root - INFO - Is all required columns present in train df
[ 2023-03-17 00:00:24,338 ] 138 root - INFO - Is all required columns present in test df
[ 2023-03-17 00:00:24,338 ] 142 root - INFO - As all column are available in train df hence detecting data drift
[ 2023-03-17 00:00:24,338 ] 87 root - INFO - Hypothesis class: object, object 
[ 2023-03-17 00:00:24,472 ] 87 root - INFO - Hypothesis aa_000: float64, float64 
[ 2023-03-17 00:00:24,482 ] 87 root - INFO - Hypothesis ac_000: float64, float64 
[ 2023-03-17 00:00:24,522 ] 87 root - INFO - Hypothesis ae_000: float64, float64 
[ 2023-03-17 00:00:24,561 ] 87 root - INFO - Hypothesis af_000: float64, float64 
[ 2023-03-17 00:00:24,597 ] 87 root - INFO - Hypothesis ag_000: float64, float64 
[ 2023-03-17 00:00:24,632 ] 87 root - INFO - Hypothesis ag_001: float64, float64 
[ 2023-03-17 00:00:24,667 ] 87 root - INFO - Hypothesis ag_002: float64, float64 
[ 2023-03-17 00:00:24,703 ] 87 root - INFO - Hypothesis ag_003: float64, float64 
[ 2023-03-17 00:00:24,709 ] 87 root - INFO - Hypothesis ag_004: float64, float64 
[ 2023-03-17 00:00:24,720 ] 87 root - INFO - Hypothesis ag_005: float64, float64 
[ 2023-03-17 00:00:24,730 ] 87 root - INFO - Hypothesis ag_006: float64, float64 
[ 2023-03-17 00:00:24,741 ] 87 root - INFO - Hypothesis ag_007: float64, float64 
[ 2023-03-17 00:00:24,750 ] 87 root - INFO - Hypothesis ag_008: float64, float64 
[ 2023-03-17 00:00:24,759 ] 87 root - INFO - Hypothesis ag_009: float64, float64 
[ 2023-03-17 00:00:24,765 ] 87 root - INFO - Hypothesis ah_000: float64, float64 
[ 2023-03-17 00:00:24,776 ] 87 root - INFO - Hypothesis ai_000: float64, float64 
[ 2023-03-17 00:00:24,813 ] 87 root - INFO - Hypothesis aj_000: float64, float64 
[ 2023-03-17 00:00:24,819 ] 87 root - INFO - Hypothesis ak_000: float64, float64 
[ 2023-03-17 00:00:24,856 ] 87 root - INFO - Hypothesis al_000: float64, float64 
[ 2023-03-17 00:00:24,863 ] 87 root - INFO - Hypothesis am_0: float64, float64 
[ 2023-03-17 00:00:24,871 ] 87 root - INFO - Hypothesis an_000: float64, float64 
[ 2023-03-17 00:00:24,881 ] 87 root - INFO - Hypothesis ao_000: float64, float64 
[ 2023-03-17 00:00:24,892 ] 87 root - INFO - Hypothesis ap_000: float64, float64 
[ 2023-03-17 00:00:24,902 ] 87 root - INFO - Hypothesis aq_000: float64, float64 
[ 2023-03-17 00:00:24,913 ] 87 root - INFO - Hypothesis ar_000: float64, float64 
[ 2023-03-17 00:00:24,949 ] 87 root - INFO - Hypothesis as_000: float64, float64 
[ 2023-03-17 00:00:24,984 ] 87 root - INFO - Hypothesis at_000: float64, float64 
[ 2023-03-17 00:00:25,021 ] 87 root - INFO - Hypothesis au_000: float64, float64 
[ 2023-03-17 00:00:25,056 ] 87 root - INFO - Hypothesis av_000: float64, float64 
[ 2023-03-17 00:00:25,065 ] 87 root - INFO - Hypothesis ax_000: float64, float64 
[ 2023-03-17 00:00:25,073 ] 87 root - INFO - Hypothesis ay_000: float64, float64 
[ 2023-03-17 00:00:25,108 ] 87 root - INFO - Hypothesis ay_001: float64, float64 
[ 2023-03-17 00:00:25,143 ] 87 root - INFO - Hypothesis ay_002: float64, float64 
[ 2023-03-17 00:00:25,180 ] 87 root - INFO - Hypothesis ay_003: float64, float64 
[ 2023-03-17 00:00:25,216 ] 87 root - INFO - Hypothesis ay_004: float64, float64 
[ 2023-03-17 00:00:25,251 ] 87 root - INFO - Hypothesis ay_005: float64, float64 
[ 2023-03-17 00:00:25,291 ] 87 root - INFO - Hypothesis ay_006: float64, float64 
[ 2023-03-17 00:00:25,300 ] 87 root - INFO - Hypothesis ay_007: float64, float64 
[ 2023-03-17 00:00:25,310 ] 87 root - INFO - Hypothesis ay_008: float64, float64 
[ 2023-03-17 00:00:25,320 ] 87 root - INFO - Hypothesis ay_009: float64, float64 
[ 2023-03-17 00:00:25,355 ] 87 root - INFO - Hypothesis az_000: float64, float64 
[ 2023-03-17 00:00:25,365 ] 87 root - INFO - Hypothesis az_001: float64, float64 
[ 2023-03-17 00:00:25,374 ] 87 root - INFO - Hypothesis az_002: float64, float64 
[ 2023-03-17 00:00:25,383 ] 87 root - INFO - Hypothesis az_003: float64, float64 
[ 2023-03-17 00:00:25,393 ] 87 root - INFO - Hypothesis az_004: float64, float64 
[ 2023-03-17 00:00:25,403 ] 87 root - INFO - Hypothesis az_005: float64, float64 
[ 2023-03-17 00:00:25,414 ] 87 root - INFO - Hypothesis az_006: float64, float64 
[ 2023-03-17 00:00:25,454 ] 87 root - INFO - Hypothesis az_007: float64, float64 
[ 2023-03-17 00:00:25,492 ] 87 root - INFO - Hypothesis az_008: float64, float64 
[ 2023-03-17 00:00:25,527 ] 87 root - INFO - Hypothesis az_009: float64, float64 
[ 2023-03-17 00:00:25,563 ] 87 root - INFO - Hypothesis ba_000: float64, float64 
[ 2023-03-17 00:00:25,574 ] 87 root - INFO - Hypothesis ba_001: float64, float64 
[ 2023-03-17 00:00:25,586 ] 87 root - INFO - Hypothesis ba_002: float64, float64 
[ 2023-03-17 00:00:25,598 ] 87 root - INFO - Hypothesis ba_003: float64, float64 
[ 2023-03-17 00:00:25,608 ] 87 root - INFO - Hypothesis ba_004: float64, float64 
[ 2023-03-17 00:00:25,618 ] 87 root - INFO - Hypothesis ba_005: float64, float64 
[ 2023-03-17 00:00:25,628 ] 87 root - INFO - Hypothesis ba_006: float64, float64 
[ 2023-03-17 00:00:25,638 ] 87 root - INFO - Hypothesis ba_007: float64, float64 
[ 2023-03-17 00:00:25,648 ] 87 root - INFO - Hypothesis ba_008: float64, float64 
[ 2023-03-17 00:00:25,687 ] 87 root - INFO - Hypothesis ba_009: float64, float64 
[ 2023-03-17 00:00:25,725 ] 87 root - INFO - Hypothesis bb_000: float64, float64 
[ 2023-03-17 00:00:25,735 ] 87 root - INFO - Hypothesis bc_000: float64, float64 
[ 2023-03-17 00:00:25,775 ] 87 root - INFO - Hypothesis bd_000: float64, float64 
[ 2023-03-17 00:00:25,783 ] 87 root - INFO - Hypothesis be_000: float64, float64 
[ 2023-03-17 00:00:25,792 ] 87 root - INFO - Hypothesis bf_000: float64, float64 
[ 2023-03-17 00:00:25,798 ] 87 root - INFO - Hypothesis bg_000: float64, float64 
[ 2023-03-17 00:00:25,809 ] 87 root - INFO - Hypothesis bh_000: float64, float64 
[ 2023-03-17 00:00:25,819 ] 87 root - INFO - Hypothesis bi_000: float64, float64 
[ 2023-03-17 00:00:25,830 ] 87 root - INFO - Hypothesis bj_000: float64, float64 
[ 2023-03-17 00:00:25,841 ] 87 root - INFO - Hypothesis bs_000: float64, float64 
[ 2023-03-17 00:00:25,851 ] 87 root - INFO - Hypothesis bt_000: float64, float64 
[ 2023-03-17 00:00:25,936 ] 87 root - INFO - Hypothesis bu_000: float64, float64 
[ 2023-03-17 00:00:25,947 ] 87 root - INFO - Hypothesis bv_000: float64, float64 
[ 2023-03-17 00:00:25,957 ] 87 root - INFO - Hypothesis bx_000: float64, float64 
[ 2023-03-17 00:00:25,968 ] 87 root - INFO - Hypothesis by_000: float64, float64 
[ 2023-03-17 00:00:25,978 ] 87 root - INFO - Hypothesis bz_000: float64, float64 
[ 2023-03-17 00:00:25,987 ] 87 root - INFO - Hypothesis ca_000: float64, float64 
[ 2023-03-17 00:00:25,997 ] 87 root - INFO - Hypothesis cb_000: float64, float64 
[ 2023-03-17 00:00:26,008 ] 87 root - INFO - Hypothesis cc_000: float64, float64 
[ 2023-03-17 00:00:26,024 ] 87 root - INFO - Hypothesis cd_000: float64, float64 
[ 2023-03-17 00:00:26,060 ] 87 root - INFO - Hypothesis ce_000: float64, float64 
[ 2023-03-17 00:00:26,070 ] 87 root - INFO - Hypothesis ci_000: float64, float64 
[ 2023-03-17 00:00:26,080 ] 87 root - INFO - Hypothesis cj_000: float64, float64 
[ 2023-03-17 00:00:26,117 ] 87 root - INFO - Hypothesis ck_000: float64, float64 
[ 2023-03-17 00:00:26,128 ] 87 root - INFO - Hypothesis cl_000: float64, float64 
[ 2023-03-17 00:00:26,134 ] 87 root - INFO - Hypothesis cm_000: float64, float64 
[ 2023-03-17 00:00:26,141 ] 87 root - INFO - Hypothesis cn_000: float64, float64 
[ 2023-03-17 00:00:26,176 ] 87 root - INFO - Hypothesis cn_001: float64, float64 
[ 2023-03-17 00:00:26,214 ] 87 root - INFO - Hypothesis cn_002: float64, float64 
[ 2023-03-17 00:00:26,222 ] 87 root - INFO - Hypothesis cn_003: float64, float64 
[ 2023-03-17 00:00:26,233 ] 87 root - INFO - Hypothesis cn_004: float64, float64 
[ 2023-03-17 00:00:26,244 ] 87 root - INFO - Hypothesis cn_005: float64, float64 
[ 2023-03-17 00:00:26,254 ] 87 root - INFO - Hypothesis cn_006: float64, float64 
[ 2023-03-17 00:00:26,264 ] 87 root - INFO - Hypothesis cn_007: float64, float64 
[ 2023-03-17 00:00:26,274 ] 87 root - INFO - Hypothesis cn_008: float64, float64 
[ 2023-03-17 00:00:26,283 ] 87 root - INFO - Hypothesis cn_009: float64, float64 
[ 2023-03-17 00:00:26,323 ] 87 root - INFO - Hypothesis cp_000: float64, float64 
[ 2023-03-17 00:00:26,362 ] 87 root - INFO - Hypothesis cq_000: float64, float64 
[ 2023-03-17 00:00:26,373 ] 87 root - INFO - Hypothesis cs_000: float64, float64 
[ 2023-03-17 00:00:26,383 ] 87 root - INFO - Hypothesis cs_001: float64, float64 
[ 2023-03-17 00:00:26,392 ] 87 root - INFO - Hypothesis cs_002: float64, float64 
[ 2023-03-17 00:00:26,402 ] 87 root - INFO - Hypothesis cs_003: float64, float64 
[ 2023-03-17 00:00:26,412 ] 87 root - INFO - Hypothesis cs_004: float64, float64 
[ 2023-03-17 00:00:26,423 ] 87 root - INFO - Hypothesis cs_005: float64, float64 
[ 2023-03-17 00:00:26,434 ] 87 root - INFO - Hypothesis cs_006: float64, float64 
[ 2023-03-17 00:00:26,444 ] 87 root - INFO - Hypothesis cs_007: float64, float64 
[ 2023-03-17 00:00:26,455 ] 87 root - INFO - Hypothesis cs_008: float64, float64 
[ 2023-03-17 00:00:26,493 ] 87 root - INFO - Hypothesis cs_009: float64, float64 
[ 2023-03-17 00:00:26,529 ] 87 root - INFO - Hypothesis dd_000: float64, float64 
[ 2023-03-17 00:00:26,538 ] 87 root - INFO - Hypothesis de_000: float64, float64 
[ 2023-03-17 00:00:26,547 ] 87 root - INFO - Hypothesis df_000: float64, float64 
[ 2023-03-17 00:00:26,583 ] 87 root - INFO - Hypothesis dg_000: float64, float64 
[ 2023-03-17 00:00:26,620 ] 87 root - INFO - Hypothesis dh_000: float64, float64 
[ 2023-03-17 00:00:26,625 ] 87 root - INFO - Hypothesis di_000: float64, float64 
[ 2023-03-17 00:00:26,662 ] 87 root - INFO - Hypothesis dj_000: float64, float64 
[ 2023-03-17 00:00:26,698 ] 87 root - INFO - Hypothesis dk_000: float64, float64 
[ 2023-03-17 00:00:26,735 ] 87 root - INFO - Hypothesis dl_000: float64, float64 
[ 2023-03-17 00:00:26,772 ] 87 root - INFO - Hypothesis dm_000: float64, float64 
[ 2023-03-17 00:00:26,808 ] 87 root - INFO - Hypothesis dn_000: float64, float64 
[ 2023-03-17 00:00:26,818 ] 87 root - INFO - Hypothesis do_000: float64, float64 
[ 2023-03-17 00:00:26,828 ] 87 root - INFO - Hypothesis dp_000: float64, float64 
[ 2023-03-17 00:00:26,837 ] 87 root - INFO - Hypothesis dq_000: float64, float64 
[ 2023-03-17 00:00:26,875 ] 87 root - INFO - Hypothesis dr_000: float64, float64 
[ 2023-03-17 00:00:26,913 ] 87 root - INFO - Hypothesis ds_000: float64, float64 
[ 2023-03-17 00:00:26,924 ] 87 root - INFO - Hypothesis dt_000: float64, float64 
[ 2023-03-17 00:00:26,933 ] 87 root - INFO - Hypothesis du_000: float64, float64 
[ 2023-03-17 00:00:26,944 ] 87 root - INFO - Hypothesis dv_000: float64, float64 
[ 2023-03-17 00:00:26,955 ] 87 root - INFO - Hypothesis dx_000: float64, float64 
[ 2023-03-17 00:00:26,992 ] 87 root - INFO - Hypothesis dy_000: float64, float64 
[ 2023-03-17 00:00:27,030 ] 87 root - INFO - Hypothesis dz_000: float64, float64 
[ 2023-03-17 00:00:27,066 ] 87 root - INFO - Hypothesis ea_000: float64, float64 
[ 2023-03-17 00:00:27,102 ] 87 root - INFO - Hypothesis eb_000: float64, float64 
[ 2023-03-17 00:00:27,111 ] 87 root - INFO - Hypothesis ec_00: float64, float64 
[ 2023-03-17 00:00:27,121 ] 87 root - INFO - Hypothesis ed_000: float64, float64 
[ 2023-03-17 00:00:27,130 ] 87 root - INFO - Hypothesis ee_000: float64, float64 
[ 2023-03-17 00:00:27,140 ] 87 root - INFO - Hypothesis ee_001: float64, float64 
[ 2023-03-17 00:00:27,151 ] 87 root - INFO - Hypothesis ee_002: float64, float64 
[ 2023-03-17 00:00:27,162 ] 87 root - INFO - Hypothesis ee_003: float64, float64 
[ 2023-03-17 00:00:27,172 ] 87 root - INFO - Hypothesis ee_004: float64, float64 
[ 2023-03-17 00:00:27,182 ] 87 root - INFO - Hypothesis ee_005: float64, float64 
[ 2023-03-17 00:00:27,192 ] 87 root - INFO - Hypothesis ee_006: float64, float64 
[ 2023-03-17 00:00:27,202 ] 87 root - INFO - Hypothesis ee_007: float64, float64 
[ 2023-03-17 00:00:27,212 ] 87 root - INFO - Hypothesis ee_008: float64, float64 
[ 2023-03-17 00:00:27,221 ] 87 root - INFO - Hypothesis ee_009: float64, float64 
[ 2023-03-17 00:00:27,229 ] 87 root - INFO - Hypothesis ef_000: float64, float64 
[ 2023-03-17 00:00:27,265 ] 87 root - INFO - Hypothesis eg_000: float64, float64 
[ 2023-03-17 00:00:27,300 ] 146 root - INFO - As all column are available in test df hence detecting data drift
[ 2023-03-17 00:00:27,301 ] 87 root - INFO - Hypothesis class: object, object 
[ 2023-03-17 00:00:27,375 ] 87 root - INFO - Hypothesis aa_000: float64, float64 
[ 2023-03-17 00:00:27,382 ] 87 root - INFO - Hypothesis ac_000: float64, float64 
[ 2023-03-17 00:00:27,387 ] 87 root - INFO - Hypothesis ae_000: float64, float64 
[ 2023-03-17 00:00:27,403 ] 87 root - INFO - Hypothesis af_000: float64, float64 
[ 2023-03-17 00:00:27,418 ] 87 root - INFO - Hypothesis ag_000: float64, float64 
[ 2023-03-17 00:00:27,433 ] 87 root - INFO - Hypothesis ag_001: float64, float64 
[ 2023-03-17 00:00:27,448 ] 87 root - INFO - Hypothesis ag_002: float64, float64 
[ 2023-03-17 00:00:27,452 ] 87 root - INFO - Hypothesis ag_003: float64, float64 
[ 2023-03-17 00:00:27,456 ] 87 root - INFO - Hypothesis ag_004: float64, float64 
[ 2023-03-17 00:00:27,463 ] 87 root - INFO - Hypothesis ag_005: float64, float64 
[ 2023-03-17 00:00:27,470 ] 87 root - INFO - Hypothesis ag_006: float64, float64 
[ 2023-03-17 00:00:27,477 ] 87 root - INFO - Hypothesis ag_007: float64, float64 
[ 2023-03-17 00:00:27,483 ] 87 root - INFO - Hypothesis ag_008: float64, float64 
[ 2023-03-17 00:00:27,489 ] 87 root - INFO - Hypothesis ag_009: float64, float64 
[ 2023-03-17 00:00:27,493 ] 87 root - INFO - Hypothesis ah_000: float64, float64 
[ 2023-03-17 00:00:27,501 ] 87 root - INFO - Hypothesis ai_000: float64, float64 
[ 2023-03-17 00:00:27,505 ] 87 root - INFO - Hypothesis aj_000: float64, float64 
[ 2023-03-17 00:00:27,509 ] 87 root - INFO - Hypothesis ak_000: float64, float64 
[ 2023-03-17 00:00:27,512 ] 87 root - INFO - Hypothesis al_000: float64, float64 
[ 2023-03-17 00:00:27,517 ] 87 root - INFO - Hypothesis am_0: float64, float64 
[ 2023-03-17 00:00:27,522 ] 87 root - INFO - Hypothesis an_000: float64, float64 
[ 2023-03-17 00:00:27,530 ] 87 root - INFO - Hypothesis ao_000: float64, float64 
[ 2023-03-17 00:00:27,537 ] 87 root - INFO - Hypothesis ap_000: float64, float64 
[ 2023-03-17 00:00:27,544 ] 87 root - INFO - Hypothesis aq_000: float64, float64 
[ 2023-03-17 00:00:27,551 ] 87 root - INFO - Hypothesis ar_000: float64, float64 
[ 2023-03-17 00:00:27,566 ] 87 root - INFO - Hypothesis as_000: float64, float64 
[ 2023-03-17 00:00:27,582 ] 87 root - INFO - Hypothesis at_000: float64, float64 
[ 2023-03-17 00:00:27,601 ] 87 root - INFO - Hypothesis au_000: float64, float64 
[ 2023-03-17 00:00:27,616 ] 87 root - INFO - Hypothesis av_000: float64, float64 
[ 2023-03-17 00:00:27,622 ] 87 root - INFO - Hypothesis ax_000: float64, float64 
[ 2023-03-17 00:00:27,627 ] 87 root - INFO - Hypothesis ay_000: float64, float64 
[ 2023-03-17 00:00:27,642 ] 87 root - INFO - Hypothesis ay_001: float64, float64 
[ 2023-03-17 00:00:27,657 ] 87 root - INFO - Hypothesis ay_002: float64, float64 
[ 2023-03-17 00:00:27,672 ] 87 root - INFO - Hypothesis ay_003: float64, float64 
[ 2023-03-17 00:00:27,687 ] 87 root - INFO - Hypothesis ay_004: float64, float64 
[ 2023-03-17 00:00:27,702 ] 87 root - INFO - Hypothesis ay_005: float64, float64 
[ 2023-03-17 00:00:27,707 ] 87 root - INFO - Hypothesis ay_006: float64, float64 
[ 2023-03-17 00:00:27,714 ] 87 root - INFO - Hypothesis ay_007: float64, float64 
[ 2023-03-17 00:00:27,721 ] 87 root - INFO - Hypothesis ay_008: float64, float64 
[ 2023-03-17 00:00:27,728 ] 87 root - INFO - Hypothesis ay_009: float64, float64 
[ 2023-03-17 00:00:27,742 ] 87 root - INFO - Hypothesis az_000: float64, float64 
[ 2023-03-17 00:00:27,749 ] 87 root - INFO - Hypothesis az_001: float64, float64 
[ 2023-03-17 00:00:27,755 ] 87 root - INFO - Hypothesis az_002: float64, float64 
[ 2023-03-17 00:00:27,762 ] 87 root - INFO - Hypothesis az_003: float64, float64 
[ 2023-03-17 00:00:27,768 ] 87 root - INFO - Hypothesis az_004: float64, float64 
[ 2023-03-17 00:00:27,775 ] 87 root - INFO - Hypothesis az_005: float64, float64 
[ 2023-03-17 00:00:27,782 ] 87 root - INFO - Hypothesis az_006: float64, float64 
[ 2023-03-17 00:00:27,788 ] 87 root - INFO - Hypothesis az_007: float64, float64 
[ 2023-03-17 00:00:27,792 ] 87 root - INFO - Hypothesis az_008: float64, float64 
[ 2023-03-17 00:00:27,808 ] 87 root - INFO - Hypothesis az_009: float64, float64 
[ 2023-03-17 00:00:27,823 ] 87 root - INFO - Hypothesis ba_000: float64, float64 
[ 2023-03-17 00:00:27,830 ] 87 root - INFO - Hypothesis ba_001: float64, float64 
[ 2023-03-17 00:00:27,837 ] 87 root - INFO - Hypothesis ba_002: float64, float64 
[ 2023-03-17 00:00:27,844 ] 87 root - INFO - Hypothesis ba_003: float64, float64 
[ 2023-03-17 00:00:27,851 ] 87 root - INFO - Hypothesis ba_004: float64, float64 
[ 2023-03-17 00:00:27,857 ] 87 root - INFO - Hypothesis ba_005: float64, float64 
[ 2023-03-17 00:00:27,864 ] 87 root - INFO - Hypothesis ba_006: float64, float64 
[ 2023-03-17 00:00:27,871 ] 87 root - INFO - Hypothesis ba_007: float64, float64 
[ 2023-03-17 00:00:27,878 ] 87 root - INFO - Hypothesis ba_008: float64, float64 
[ 2023-03-17 00:00:27,883 ] 87 root - INFO - Hypothesis ba_009: float64, float64 
[ 2023-03-17 00:00:27,888 ] 87 root - INFO - Hypothesis bb_000: float64, float64 
[ 2023-03-17 00:00:27,895 ] 87 root - INFO - Hypothesis bc_000: float64, float64 
[ 2023-03-17 00:00:27,900 ] 87 root - INFO - Hypothesis bd_000: float64, float64 
[ 2023-03-17 00:00:27,905 ] 87 root - INFO - Hypothesis be_000: float64, float64 
[ 2023-03-17 00:00:27,912 ] 87 root - INFO - Hypothesis bf_000: float64, float64 
[ 2023-03-17 00:00:27,916 ] 87 root - INFO - Hypothesis bg_000: float64, float64 
[ 2023-03-17 00:00:27,923 ] 87 root - INFO - Hypothesis bh_000: float64, float64 
[ 2023-03-17 00:00:27,930 ] 87 root - INFO - Hypothesis bi_000: float64, float64 
[ 2023-03-17 00:00:27,938 ] 87 root - INFO - Hypothesis bj_000: float64, float64 
[ 2023-03-17 00:00:27,945 ] 87 root - INFO - Hypothesis bs_000: float64, float64 
[ 2023-03-17 00:00:27,952 ] 87 root - INFO - Hypothesis bt_000: float64, float64 
[ 2023-03-17 00:00:27,959 ] 87 root - INFO - Hypothesis bu_000: float64, float64 
[ 2023-03-17 00:00:27,966 ] 87 root - INFO - Hypothesis bv_000: float64, float64 
[ 2023-03-17 00:00:27,973 ] 87 root - INFO - Hypothesis bx_000: float64, float64 
[ 2023-03-17 00:00:27,980 ] 87 root - INFO - Hypothesis by_000: float64, float64 
[ 2023-03-17 00:00:27,987 ] 87 root - INFO - Hypothesis bz_000: float64, float64 
[ 2023-03-17 00:00:27,993 ] 87 root - INFO - Hypothesis ca_000: float64, float64 
[ 2023-03-17 00:00:28,000 ] 87 root - INFO - Hypothesis cb_000: float64, float64 
[ 2023-03-17 00:00:28,007 ] 87 root - INFO - Hypothesis cc_000: float64, float64 
[ 2023-03-17 00:00:28,015 ] 87 root - INFO - Hypothesis cd_000: float64, float64 
[ 2023-03-17 00:00:28,030 ] 87 root - INFO - Hypothesis ce_000: float64, float64 
[ 2023-03-17 00:00:28,036 ] 87 root - INFO - Hypothesis ci_000: float64, float64 
[ 2023-03-17 00:00:28,043 ] 87 root - INFO - Hypothesis cj_000: float64, float64 
[ 2023-03-17 00:00:28,047 ] 87 root - INFO - Hypothesis ck_000: float64, float64 
[ 2023-03-17 00:00:28,055 ] 87 root - INFO - Hypothesis cl_000: float64, float64 
[ 2023-03-17 00:00:28,059 ] 87 root - INFO - Hypothesis cm_000: float64, float64 
[ 2023-03-17 00:00:28,063 ] 87 root - INFO - Hypothesis cn_000: float64, float64 
[ 2023-03-17 00:00:28,078 ] 87 root - INFO - Hypothesis cn_001: float64, float64 
[ 2023-03-17 00:00:28,082 ] 87 root - INFO - Hypothesis cn_002: float64, float64 
[ 2023-03-17 00:00:28,087 ] 87 root - INFO - Hypothesis cn_003: float64, float64 
[ 2023-03-17 00:00:28,094 ] 87 root - INFO - Hypothesis cn_004: float64, float64 
[ 2023-03-17 00:00:28,102 ] 87 root - INFO - Hypothesis cn_005: float64, float64 
[ 2023-03-17 00:00:28,109 ] 87 root - INFO - Hypothesis cn_006: float64, float64 
[ 2023-03-17 00:00:28,115 ] 87 root - INFO - Hypothesis cn_007: float64, float64 
[ 2023-03-17 00:00:28,122 ] 87 root - INFO - Hypothesis cn_008: float64, float64 
[ 2023-03-17 00:00:28,128 ] 87 root - INFO - Hypothesis cn_009: float64, float64 
[ 2023-03-17 00:00:28,133 ] 87 root - INFO - Hypothesis cp_000: float64, float64 
[ 2023-03-17 00:00:28,138 ] 87 root - INFO - Hypothesis cq_000: float64, float64 
[ 2023-03-17 00:00:28,145 ] 87 root - INFO - Hypothesis cs_000: float64, float64 
[ 2023-03-17 00:00:28,152 ] 87 root - INFO - Hypothesis cs_001: float64, float64 
[ 2023-03-17 00:00:28,157 ] 87 root - INFO - Hypothesis cs_002: float64, float64 
[ 2023-03-17 00:00:28,164 ] 87 root - INFO - Hypothesis cs_003: float64, float64 
[ 2023-03-17 00:00:28,171 ] 87 root - INFO - Hypothesis cs_004: float64, float64 
[ 2023-03-17 00:00:28,178 ] 87 root - INFO - Hypothesis cs_005: float64, float64 
[ 2023-03-17 00:00:28,185 ] 87 root - INFO - Hypothesis cs_006: float64, float64 
[ 2023-03-17 00:00:28,192 ] 87 root - INFO - Hypothesis cs_007: float64, float64 
[ 2023-03-17 00:00:28,199 ] 87 root - INFO - Hypothesis cs_008: float64, float64 
[ 2023-03-17 00:00:28,204 ] 87 root - INFO - Hypothesis cs_009: float64, float64 
[ 2023-03-17 00:00:28,219 ] 87 root - INFO - Hypothesis dd_000: float64, float64 
[ 2023-03-17 00:00:28,225 ] 87 root - INFO - Hypothesis de_000: float64, float64 
[ 2023-03-17 00:00:28,231 ] 87 root - INFO - Hypothesis df_000: float64, float64 
[ 2023-03-17 00:00:28,235 ] 87 root - INFO - Hypothesis dg_000: float64, float64 
[ 2023-03-17 00:00:28,238 ] 87 root - INFO - Hypothesis dh_000: float64, float64 
[ 2023-03-17 00:00:28,242 ] 87 root - INFO - Hypothesis di_000: float64, float64 
[ 2023-03-17 00:00:28,246 ] 87 root - INFO - Hypothesis dj_000: float64, float64 
[ 2023-03-17 00:00:28,261 ] 87 root - INFO - Hypothesis dk_000: float64, float64 
[ 2023-03-17 00:00:28,264 ] 87 root - INFO - Hypothesis dl_000: float64, float64 
[ 2023-03-17 00:00:28,279 ] 87 root - INFO - Hypothesis dm_000: float64, float64 
[ 2023-03-17 00:00:28,294 ] 87 root - INFO - Hypothesis dn_000: float64, float64 
[ 2023-03-17 00:00:28,301 ] 87 root - INFO - Hypothesis do_000: float64, float64 
[ 2023-03-17 00:00:28,307 ] 87 root - INFO - Hypothesis dp_000: float64, float64 
[ 2023-03-17 00:00:28,313 ] 87 root - INFO - Hypothesis dq_000: float64, float64 
[ 2023-03-17 00:00:28,318 ] 87 root - INFO - Hypothesis dr_000: float64, float64 
[ 2023-03-17 00:00:28,322 ] 87 root - INFO - Hypothesis ds_000: float64, float64 
[ 2023-03-17 00:00:28,328 ] 87 root - INFO - Hypothesis dt_000: float64, float64 
[ 2023-03-17 00:00:28,335 ] 87 root - INFO - Hypothesis du_000: float64, float64 
[ 2023-03-17 00:00:28,342 ] 87 root - INFO - Hypothesis dv_000: float64, float64 
[ 2023-03-17 00:00:28,349 ] 87 root - INFO - Hypothesis dx_000: float64, float64 
[ 2023-03-17 00:00:28,353 ] 87 root - INFO - Hypothesis dy_000: float64, float64 
[ 2023-03-17 00:00:28,358 ] 87 root - INFO - Hypothesis dz_000: float64, float64 
[ 2023-03-17 00:00:28,373 ] 87 root - INFO - Hypothesis ea_000: float64, float64 
[ 2023-03-17 00:00:28,388 ] 87 root - INFO - Hypothesis eb_000: float64, float64 
[ 2023-03-17 00:00:28,394 ] 87 root - INFO - Hypothesis ec_00: float64, float64 
[ 2023-03-17 00:00:28,401 ] 87 root - INFO - Hypothesis ed_000: float64, float64 
[ 2023-03-17 00:00:28,411 ] 87 root - INFO - Hypothesis ee_000: float64, float64 
[ 2023-03-17 00:00:28,419 ] 87 root - INFO - Hypothesis ee_001: float64, float64 
[ 2023-03-17 00:00:28,426 ] 87 root - INFO - Hypothesis ee_002: float64, float64 
[ 2023-03-17 00:00:28,433 ] 87 root - INFO - Hypothesis ee_003: float64, float64 
[ 2023-03-17 00:00:28,440 ] 87 root - INFO - Hypothesis ee_004: float64, float64 
[ 2023-03-17 00:00:28,447 ] 87 root - INFO - Hypothesis ee_005: float64, float64 
[ 2023-03-17 00:00:28,453 ] 87 root - INFO - Hypothesis ee_006: float64, float64 
[ 2023-03-17 00:00:28,460 ] 87 root - INFO - Hypothesis ee_007: float64, float64 
[ 2023-03-17 00:00:28,466 ] 87 root - INFO - Hypothesis ee_008: float64, float64 
[ 2023-03-17 00:00:28,473 ] 87 root - INFO - Hypothesis ee_009: float64, float64 
[ 2023-03-17 00:00:28,478 ] 87 root - INFO - Hypothesis ef_000: float64, float64 
[ 2023-03-17 00:00:28,493 ] 87 root - INFO - Hypothesis eg_000: float64, float64 
[ 2023-03-17 00:00:28,508 ] 150 root - INFO - Write reprt in yaml file
