[ 2023-03-18 08:01:58,225 ] 16 root - INFO - >>>>>>>>>>>>>>>>>>>>>>>>>>>>>>>>>>>>>>>> Data Ingestion <<<<<<<<<<<<<<<<<<<<<<<<<<<<<<<<<<<<<<<<
[ 2023-03-18 08:01:58,225 ] 23 root - INFO - Exporting collection data as pandas dataframe
[ 2023-03-18 08:01:58,225 ] 17 root - INFO - Reading data from database: air_pressure_system and collection: Sensor
[ 2023-03-18 08:02:01,748 ] 19 root - INFO - Found columns: Index(['_id', 'class', 'aa_000', 'ab_000', 'ac_000', 'ad_000', 'ae_000',
       'af_000', 'ag_000', 'ag_001',
       ...
       'ee_002', 'ee_003', 'ee_004', 'ee_005', 'ee_006', 'ee_007', 'ee_008',
       'ee_009', 'ef_000', 'eg_000'],
      dtype='object', length=172)
[ 2023-03-18 08:02:01,749 ] 21 root - INFO - Dropping column: _id 
[ 2023-03-18 08:02:01,966 ] 23 root - INFO - Row and columns in df: (36188, 171)
[ 2023-03-18 08:02:01,967 ] 29 root - INFO - Save data in feature store
[ 2023-03-18 08:02:02,529 ] 35 root - INFO - Create feature store folder if not available
[ 2023-03-18 08:02:02,529 ] 39 root - INFO - Save df to feature store folder
[ 2023-03-18 08:02:04,890 ] 44 root - INFO - split dataset into train and test set
[ 2023-03-18 08:02:05,442 ] 48 root - INFO - create dataset directory folder if not available
[ 2023-03-18 08:02:05,442 ] 53 root - INFO - Save df to feature store folder
[ 2023-03-18 08:02:07,584 ] 65 root - INFO - Data ingestion artifact: DataIngestionArtifact(feature_store_file_path='/config/workspace/artifact/03182023__080158/data_ingestion/feature_store/sensor.csv', train_file_path='/config/workspace/artifact/03182023__080158/data_ingestion/dataset/train.csv', test_file_path='/config/workspace/artifact/03182023__080158/data_ingestion/dataset/test.csv')
[ 2023-03-18 08:02:07,998 ] 17 root - INFO - >>>>>>>>>>>>>>>>>>>>>>>>>>>>>>>>>>>>>>>> Data Validation <<<<<<<<<<<<<<<<<<<<<<<<<<<<<<<<<<<<<<<<
[ 2023-03-18 08:02:07,998 ] 113 root - INFO - Reading base dataframe
[ 2023-03-18 08:02:10,809 ] 116 root - INFO - Replace na value in base df
[ 2023-03-18 08:02:10,809 ] 118 root - INFO - Drop null values colums from base df
[ 2023-03-18 08:02:11,755 ] 42 root - INFO - Selecting Column Names which containing null values above to 0.2
[ 2023-03-18 08:02:11,756 ] 45 root - INFO - Columns to Drop :['ab_000', 'ad_000', 'bk_000', 'bl_000', 'bm_000', 'bn_000', 'bo_000', 'bp_000', 'bq_000', 'br_000', 'cf_000', 'cg_000', 'ch_000', 'co_000', 'cr_000', 'ct_000', 'cu_000', 'cv_000', 'cx_000', 'cy_000', 'cz_000', 'da_000', 'db_000', 'dc_000']
[ 2023-03-18 08:02:11,867 ] 121 root - INFO - Reading train dataframe
[ 2023-03-18 08:02:12,253 ] 123 root - INFO - Reading test dataframe
[ 2023-03-18 08:02:12,352 ] 126 root - INFO - Drop null values colums from train df
[ 2023-03-18 08:02:12,364 ] 42 root - INFO - Selecting Column Names which containing null values above to 0.2
[ 2023-03-18 08:02:12,364 ] 45 root - INFO - Columns to Drop :['ab_000', 'ad_000', 'bk_000', 'bl_000', 'bm_000', 'bn_000', 'bo_000', 'bp_000', 'bq_000', 'br_000', 'cf_000', 'cg_000', 'ch_000', 'co_000', 'cr_000', 'ct_000', 'cu_000', 'cv_000', 'cx_000', 'cy_000', 'cz_000', 'da_000', 'db_000', 'dc_000']
[ 2023-03-18 08:02:12,373 ] 128 root - INFO - Drop null values colums from test df
[ 2023-03-18 08:02:12,377 ] 42 root - INFO - Selecting Column Names which containing null values above to 0.2
[ 2023-03-18 08:02:12,378 ] 45 root - INFO - Columns to Drop :['ab_000', 'ad_000', 'bk_000', 'bl_000', 'bm_000', 'bn_000', 'bo_000', 'bp_000', 'bq_000', 'br_000', 'cf_000', 'cg_000', 'ch_000', 'co_000', 'cr_000', 'ct_000', 'cu_000', 'cv_000', 'cx_000', 'cy_000', 'cz_000', 'da_000', 'db_000', 'dc_000']
[ 2023-03-18 08:02:18,327 ] 136 root - INFO - Is all required columns present in train df
[ 2023-03-18 08:02:18,328 ] 138 root - INFO - Is all required columns present in test df
[ 2023-03-18 08:02:18,328 ] 142 root - INFO - As all column are available in train df hence detecting data drift
[ 2023-03-18 08:02:18,328 ] 87 root - INFO - Hypothesis class: object, object 
[ 2023-03-18 08:02:18,461 ] 87 root - INFO - Hypothesis aa_000: float64, float64 
[ 2023-03-18 08:02:18,471 ] 87 root - INFO - Hypothesis ac_000: float64, float64 
[ 2023-03-18 08:02:18,510 ] 87 root - INFO - Hypothesis ae_000: float64, float64 
[ 2023-03-18 08:02:18,546 ] 87 root - INFO - Hypothesis af_000: float64, float64 
[ 2023-03-18 08:02:18,582 ] 87 root - INFO - Hypothesis ag_000: float64, float64 
[ 2023-03-18 08:02:18,617 ] 87 root - INFO - Hypothesis ag_001: float64, float64 
[ 2023-03-18 08:02:18,653 ] 87 root - INFO - Hypothesis ag_002: float64, float64 
[ 2023-03-18 08:02:18,689 ] 87 root - INFO - Hypothesis ag_003: float64, float64 
[ 2023-03-18 08:02:18,696 ] 87 root - INFO - Hypothesis ag_004: float64, float64 
[ 2023-03-18 08:02:18,705 ] 87 root - INFO - Hypothesis ag_005: float64, float64 
[ 2023-03-18 08:02:18,716 ] 87 root - INFO - Hypothesis ag_006: float64, float64 
[ 2023-03-18 08:02:18,726 ] 87 root - INFO - Hypothesis ag_007: float64, float64 
[ 2023-03-18 08:02:18,736 ] 87 root - INFO - Hypothesis ag_008: float64, float64 
[ 2023-03-18 08:02:18,744 ] 87 root - INFO - Hypothesis ag_009: float64, float64 
[ 2023-03-18 08:02:18,751 ] 87 root - INFO - Hypothesis ah_000: float64, float64 
[ 2023-03-18 08:02:18,761 ] 87 root - INFO - Hypothesis ai_000: float64, float64 
[ 2023-03-18 08:02:18,798 ] 87 root - INFO - Hypothesis aj_000: float64, float64 
[ 2023-03-18 08:02:18,803 ] 87 root - INFO - Hypothesis ak_000: float64, float64 
[ 2023-03-18 08:02:18,840 ] 87 root - INFO - Hypothesis al_000: float64, float64 
[ 2023-03-18 08:02:18,847 ] 87 root - INFO - Hypothesis am_0: float64, float64 
[ 2023-03-18 08:02:18,854 ] 87 root - INFO - Hypothesis an_000: float64, float64 
[ 2023-03-18 08:02:18,864 ] 87 root - INFO - Hypothesis ao_000: float64, float64 
[ 2023-03-18 08:02:18,875 ] 87 root - INFO - Hypothesis ap_000: float64, float64 
[ 2023-03-18 08:02:18,885 ] 87 root - INFO - Hypothesis aq_000: float64, float64 
[ 2023-03-18 08:02:18,896 ] 87 root - INFO - Hypothesis ar_000: float64, float64 
[ 2023-03-18 08:02:18,932 ] 87 root - INFO - Hypothesis as_000: float64, float64 
[ 2023-03-18 08:02:18,967 ] 87 root - INFO - Hypothesis at_000: float64, float64 
[ 2023-03-18 08:02:19,004 ] 87 root - INFO - Hypothesis au_000: float64, float64 
[ 2023-03-18 08:02:19,042 ] 87 root - INFO - Hypothesis av_000: float64, float64 
[ 2023-03-18 08:02:19,051 ] 87 root - INFO - Hypothesis ax_000: float64, float64 
[ 2023-03-18 08:02:19,059 ] 87 root - INFO - Hypothesis ay_000: float64, float64 
[ 2023-03-18 08:02:19,094 ] 87 root - INFO - Hypothesis ay_001: float64, float64 
[ 2023-03-18 08:02:19,130 ] 87 root - INFO - Hypothesis ay_002: float64, float64 
[ 2023-03-18 08:02:19,166 ] 87 root - INFO - Hypothesis ay_003: float64, float64 
[ 2023-03-18 08:02:19,201 ] 87 root - INFO - Hypothesis ay_004: float64, float64 
[ 2023-03-18 08:02:19,237 ] 87 root - INFO - Hypothesis ay_005: float64, float64 
[ 2023-03-18 08:02:19,277 ] 87 root - INFO - Hypothesis ay_006: float64, float64 
[ 2023-03-18 08:02:19,286 ] 87 root - INFO - Hypothesis ay_007: float64, float64 
[ 2023-03-18 08:02:19,296 ] 87 root - INFO - Hypothesis ay_008: float64, float64 
[ 2023-03-18 08:02:19,306 ] 87 root - INFO - Hypothesis ay_009: float64, float64 
[ 2023-03-18 08:02:19,343 ] 87 root - INFO - Hypothesis az_000: float64, float64 
[ 2023-03-18 08:02:19,353 ] 87 root - INFO - Hypothesis az_001: float64, float64 
[ 2023-03-18 08:02:19,362 ] 87 root - INFO - Hypothesis az_002: float64, float64 
[ 2023-03-18 08:02:19,371 ] 87 root - INFO - Hypothesis az_003: float64, float64 
[ 2023-03-18 08:02:19,381 ] 87 root - INFO - Hypothesis az_004: float64, float64 
[ 2023-03-18 08:02:19,392 ] 87 root - INFO - Hypothesis az_005: float64, float64 
[ 2023-03-18 08:02:19,402 ] 87 root - INFO - Hypothesis az_006: float64, float64 
[ 2023-03-18 08:02:19,443 ] 87 root - INFO - Hypothesis az_007: float64, float64 
[ 2023-03-18 08:02:19,480 ] 87 root - INFO - Hypothesis az_008: float64, float64 
[ 2023-03-18 08:02:19,516 ] 87 root - INFO - Hypothesis az_009: float64, float64 
[ 2023-03-18 08:02:19,552 ] 87 root - INFO - Hypothesis ba_000: float64, float64 
[ 2023-03-18 08:02:19,562 ] 87 root - INFO - Hypothesis ba_001: float64, float64 
[ 2023-03-18 08:02:19,572 ] 87 root - INFO - Hypothesis ba_002: float64, float64 
[ 2023-03-18 08:02:19,583 ] 87 root - INFO - Hypothesis ba_003: float64, float64 
[ 2023-03-18 08:02:19,594 ] 87 root - INFO - Hypothesis ba_004: float64, float64 
[ 2023-03-18 08:02:19,604 ] 87 root - INFO - Hypothesis ba_005: float64, float64 
[ 2023-03-18 08:02:19,614 ] 87 root - INFO - Hypothesis ba_006: float64, float64 
[ 2023-03-18 08:02:19,624 ] 87 root - INFO - Hypothesis ba_007: float64, float64 
[ 2023-03-18 08:02:19,633 ] 87 root - INFO - Hypothesis ba_008: float64, float64 
[ 2023-03-18 08:02:19,673 ] 87 root - INFO - Hypothesis ba_009: float64, float64 
[ 2023-03-18 08:02:19,711 ] 87 root - INFO - Hypothesis bb_000: float64, float64 
[ 2023-03-18 08:02:19,722 ] 87 root - INFO - Hypothesis bc_000: float64, float64 
[ 2023-03-18 08:02:19,760 ] 87 root - INFO - Hypothesis bd_000: float64, float64 
[ 2023-03-18 08:02:19,768 ] 87 root - INFO - Hypothesis be_000: float64, float64 
[ 2023-03-18 08:02:19,777 ] 87 root - INFO - Hypothesis bf_000: float64, float64 
[ 2023-03-18 08:02:19,783 ] 87 root - INFO - Hypothesis bg_000: float64, float64 
[ 2023-03-18 08:02:19,794 ] 87 root - INFO - Hypothesis bh_000: float64, float64 
[ 2023-03-18 08:02:19,804 ] 87 root - INFO - Hypothesis bi_000: float64, float64 
[ 2023-03-18 08:02:19,814 ] 87 root - INFO - Hypothesis bj_000: float64, float64 
[ 2023-03-18 08:02:19,825 ] 87 root - INFO - Hypothesis bs_000: float64, float64 
[ 2023-03-18 08:02:19,835 ] 87 root - INFO - Hypothesis bt_000: float64, float64 
[ 2023-03-18 08:02:19,920 ] 87 root - INFO - Hypothesis bu_000: float64, float64 
[ 2023-03-18 08:02:19,931 ] 87 root - INFO - Hypothesis bv_000: float64, float64 
[ 2023-03-18 08:02:19,941 ] 87 root - INFO - Hypothesis bx_000: float64, float64 
[ 2023-03-18 08:02:19,951 ] 87 root - INFO - Hypothesis by_000: float64, float64 
[ 2023-03-18 08:02:19,962 ] 87 root - INFO - Hypothesis bz_000: float64, float64 
[ 2023-03-18 08:02:19,971 ] 87 root - INFO - Hypothesis ca_000: float64, float64 
[ 2023-03-18 08:02:19,981 ] 87 root - INFO - Hypothesis cb_000: float64, float64 
[ 2023-03-18 08:02:19,992 ] 87 root - INFO - Hypothesis cc_000: float64, float64 
[ 2023-03-18 08:02:20,003 ] 87 root - INFO - Hypothesis cd_000: float64, float64 
[ 2023-03-18 08:02:20,040 ] 87 root - INFO - Hypothesis ce_000: float64, float64 
[ 2023-03-18 08:02:20,050 ] 87 root - INFO - Hypothesis ci_000: float64, float64 
[ 2023-03-18 08:02:20,060 ] 87 root - INFO - Hypothesis cj_000: float64, float64 
[ 2023-03-18 08:02:20,097 ] 87 root - INFO - Hypothesis ck_000: float64, float64 
[ 2023-03-18 08:02:20,107 ] 87 root - INFO - Hypothesis cl_000: float64, float64 
[ 2023-03-18 08:02:20,113 ] 87 root - INFO - Hypothesis cm_000: float64, float64 
[ 2023-03-18 08:02:20,120 ] 87 root - INFO - Hypothesis cn_000: float64, float64 
[ 2023-03-18 08:02:20,156 ] 87 root - INFO - Hypothesis cn_001: float64, float64 
[ 2023-03-18 08:02:20,193 ] 87 root - INFO - Hypothesis cn_002: float64, float64 
[ 2023-03-18 08:02:20,201 ] 87 root - INFO - Hypothesis cn_003: float64, float64 
[ 2023-03-18 08:02:20,211 ] 87 root - INFO - Hypothesis cn_004: float64, float64 
[ 2023-03-18 08:02:20,222 ] 87 root - INFO - Hypothesis cn_005: float64, float64 
[ 2023-03-18 08:02:20,232 ] 87 root - INFO - Hypothesis cn_006: float64, float64 
[ 2023-03-18 08:02:20,242 ] 87 root - INFO - Hypothesis cn_007: float64, float64 
[ 2023-03-18 08:02:20,252 ] 87 root - INFO - Hypothesis cn_008: float64, float64 
[ 2023-03-18 08:02:20,260 ] 87 root - INFO - Hypothesis cn_009: float64, float64 
[ 2023-03-18 08:02:20,301 ] 87 root - INFO - Hypothesis cp_000: float64, float64 
[ 2023-03-18 08:02:20,340 ] 87 root - INFO - Hypothesis cq_000: float64, float64 
[ 2023-03-18 08:02:20,350 ] 87 root - INFO - Hypothesis cs_000: float64, float64 
[ 2023-03-18 08:02:20,360 ] 87 root - INFO - Hypothesis cs_001: float64, float64 
[ 2023-03-18 08:02:20,368 ] 87 root - INFO - Hypothesis cs_002: float64, float64 
[ 2023-03-18 08:02:20,378 ] 87 root - INFO - Hypothesis cs_003: float64, float64 
[ 2023-03-18 08:02:20,388 ] 87 root - INFO - Hypothesis cs_004: float64, float64 
[ 2023-03-18 08:02:20,399 ] 87 root - INFO - Hypothesis cs_005: float64, float64 
[ 2023-03-18 08:02:20,409 ] 87 root - INFO - Hypothesis cs_006: float64, float64 
[ 2023-03-18 08:02:20,419 ] 87 root - INFO - Hypothesis cs_007: float64, float64 
[ 2023-03-18 08:02:20,430 ] 87 root - INFO - Hypothesis cs_008: float64, float64 
[ 2023-03-18 08:02:20,469 ] 87 root - INFO - Hypothesis cs_009: float64, float64 
[ 2023-03-18 08:02:20,506 ] 87 root - INFO - Hypothesis dd_000: float64, float64 
[ 2023-03-18 08:02:20,515 ] 87 root - INFO - Hypothesis de_000: float64, float64 
[ 2023-03-18 08:02:20,524 ] 87 root - INFO - Hypothesis df_000: float64, float64 
[ 2023-03-18 08:02:20,559 ] 87 root - INFO - Hypothesis dg_000: float64, float64 
[ 2023-03-18 08:02:20,596 ] 87 root - INFO - Hypothesis dh_000: float64, float64 
[ 2023-03-18 08:02:20,601 ] 87 root - INFO - Hypothesis di_000: float64, float64 
[ 2023-03-18 08:02:20,640 ] 87 root - INFO - Hypothesis dj_000: float64, float64 
[ 2023-03-18 08:02:20,676 ] 87 root - INFO - Hypothesis dk_000: float64, float64 
[ 2023-03-18 08:02:20,712 ] 87 root - INFO - Hypothesis dl_000: float64, float64 
[ 2023-03-18 08:02:20,748 ] 87 root - INFO - Hypothesis dm_000: float64, float64 
[ 2023-03-18 08:02:20,783 ] 87 root - INFO - Hypothesis dn_000: float64, float64 
[ 2023-03-18 08:02:20,793 ] 87 root - INFO - Hypothesis do_000: float64, float64 
[ 2023-03-18 08:02:20,802 ] 87 root - INFO - Hypothesis dp_000: float64, float64 
[ 2023-03-18 08:02:20,811 ] 87 root - INFO - Hypothesis dq_000: float64, float64 
[ 2023-03-18 08:02:20,849 ] 87 root - INFO - Hypothesis dr_000: float64, float64 
[ 2023-03-18 08:02:20,891 ] 87 root - INFO - Hypothesis ds_000: float64, float64 
[ 2023-03-18 08:02:20,902 ] 87 root - INFO - Hypothesis dt_000: float64, float64 
[ 2023-03-18 08:02:20,912 ] 87 root - INFO - Hypothesis du_000: float64, float64 
[ 2023-03-18 08:02:20,922 ] 87 root - INFO - Hypothesis dv_000: float64, float64 
[ 2023-03-18 08:02:20,932 ] 87 root - INFO - Hypothesis dx_000: float64, float64 
[ 2023-03-18 08:02:20,970 ] 87 root - INFO - Hypothesis dy_000: float64, float64 
[ 2023-03-18 08:02:21,010 ] 87 root - INFO - Hypothesis dz_000: float64, float64 
[ 2023-03-18 08:02:21,046 ] 87 root - INFO - Hypothesis ea_000: float64, float64 
[ 2023-03-18 08:02:21,083 ] 87 root - INFO - Hypothesis eb_000: float64, float64 
[ 2023-03-18 08:02:21,092 ] 87 root - INFO - Hypothesis ec_00: float64, float64 
[ 2023-03-18 08:02:21,101 ] 87 root - INFO - Hypothesis ed_000: float64, float64 
[ 2023-03-18 08:02:21,110 ] 87 root - INFO - Hypothesis ee_000: float64, float64 
[ 2023-03-18 08:02:21,121 ] 87 root - INFO - Hypothesis ee_001: float64, float64 
[ 2023-03-18 08:02:21,131 ] 87 root - INFO - Hypothesis ee_002: float64, float64 
[ 2023-03-18 08:02:21,141 ] 87 root - INFO - Hypothesis ee_003: float64, float64 
[ 2023-03-18 08:02:21,151 ] 87 root - INFO - Hypothesis ee_004: float64, float64 
[ 2023-03-18 08:02:21,162 ] 87 root - INFO - Hypothesis ee_005: float64, float64 
[ 2023-03-18 08:02:21,172 ] 87 root - INFO - Hypothesis ee_006: float64, float64 
[ 2023-03-18 08:02:21,182 ] 87 root - INFO - Hypothesis ee_007: float64, float64 
[ 2023-03-18 08:02:21,192 ] 87 root - INFO - Hypothesis ee_008: float64, float64 
[ 2023-03-18 08:02:21,201 ] 87 root - INFO - Hypothesis ee_009: float64, float64 
[ 2023-03-18 08:02:21,208 ] 87 root - INFO - Hypothesis ef_000: float64, float64 
[ 2023-03-18 08:02:21,243 ] 87 root - INFO - Hypothesis eg_000: float64, float64 
[ 2023-03-18 08:02:21,278 ] 146 root - INFO - As all column are available in test df hence detecting data drift
[ 2023-03-18 08:02:21,278 ] 87 root - INFO - Hypothesis class: object, object 
[ 2023-03-18 08:02:21,352 ] 87 root - INFO - Hypothesis aa_000: float64, float64 
[ 2023-03-18 08:02:21,359 ] 87 root - INFO - Hypothesis ac_000: float64, float64 
[ 2023-03-18 08:02:21,364 ] 87 root - INFO - Hypothesis ae_000: float64, float64 
[ 2023-03-18 08:02:21,379 ] 87 root - INFO - Hypothesis af_000: float64, float64 
[ 2023-03-18 08:02:21,395 ] 87 root - INFO - Hypothesis ag_000: float64, float64 
[ 2023-03-18 08:02:21,409 ] 87 root - INFO - Hypothesis ag_001: float64, float64 
[ 2023-03-18 08:02:21,424 ] 87 root - INFO - Hypothesis ag_002: float64, float64 
[ 2023-03-18 08:02:21,428 ] 87 root - INFO - Hypothesis ag_003: float64, float64 
[ 2023-03-18 08:02:21,432 ] 87 root - INFO - Hypothesis ag_004: float64, float64 
[ 2023-03-18 08:02:21,438 ] 87 root - INFO - Hypothesis ag_005: float64, float64 
[ 2023-03-18 08:02:21,445 ] 87 root - INFO - Hypothesis ag_006: float64, float64 
[ 2023-03-18 08:02:21,452 ] 87 root - INFO - Hypothesis ag_007: float64, float64 
[ 2023-03-18 08:02:21,459 ] 87 root - INFO - Hypothesis ag_008: float64, float64 
[ 2023-03-18 08:02:21,464 ] 87 root - INFO - Hypothesis ag_009: float64, float64 
[ 2023-03-18 08:02:21,469 ] 87 root - INFO - Hypothesis ah_000: float64, float64 
[ 2023-03-18 08:02:21,476 ] 87 root - INFO - Hypothesis ai_000: float64, float64 
[ 2023-03-18 08:02:21,480 ] 87 root - INFO - Hypothesis aj_000: float64, float64 
[ 2023-03-18 08:02:21,484 ] 87 root - INFO - Hypothesis ak_000: float64, float64 
[ 2023-03-18 08:02:21,487 ] 87 root - INFO - Hypothesis al_000: float64, float64 
[ 2023-03-18 08:02:21,492 ] 87 root - INFO - Hypothesis am_0: float64, float64 
[ 2023-03-18 08:02:21,497 ] 87 root - INFO - Hypothesis an_000: float64, float64 
[ 2023-03-18 08:02:21,504 ] 87 root - INFO - Hypothesis ao_000: float64, float64 
[ 2023-03-18 08:02:21,511 ] 87 root - INFO - Hypothesis ap_000: float64, float64 
[ 2023-03-18 08:02:21,518 ] 87 root - INFO - Hypothesis aq_000: float64, float64 
[ 2023-03-18 08:02:21,525 ] 87 root - INFO - Hypothesis ar_000: float64, float64 
[ 2023-03-18 08:02:21,540 ] 87 root - INFO - Hypothesis as_000: float64, float64 
[ 2023-03-18 08:02:21,555 ] 87 root - INFO - Hypothesis at_000: float64, float64 
[ 2023-03-18 08:02:21,570 ] 87 root - INFO - Hypothesis au_000: float64, float64 
[ 2023-03-18 08:02:21,585 ] 87 root - INFO - Hypothesis av_000: float64, float64 
[ 2023-03-18 08:02:21,590 ] 87 root - INFO - Hypothesis ax_000: float64, float64 
[ 2023-03-18 08:02:21,596 ] 87 root - INFO - Hypothesis ay_000: float64, float64 
[ 2023-03-18 08:02:21,611 ] 87 root - INFO - Hypothesis ay_001: float64, float64 
[ 2023-03-18 08:02:21,626 ] 87 root - INFO - Hypothesis ay_002: float64, float64 
[ 2023-03-18 08:02:21,641 ] 87 root - INFO - Hypothesis ay_003: float64, float64 
[ 2023-03-18 08:02:21,656 ] 87 root - INFO - Hypothesis ay_004: float64, float64 
[ 2023-03-18 08:02:21,671 ] 87 root - INFO - Hypothesis ay_005: float64, float64 
[ 2023-03-18 08:02:21,677 ] 87 root - INFO - Hypothesis ay_006: float64, float64 
[ 2023-03-18 08:02:21,683 ] 87 root - INFO - Hypothesis ay_007: float64, float64 
[ 2023-03-18 08:02:21,690 ] 87 root - INFO - Hypothesis ay_008: float64, float64 
[ 2023-03-18 08:02:21,696 ] 87 root - INFO - Hypothesis ay_009: float64, float64 
[ 2023-03-18 08:02:21,712 ] 87 root - INFO - Hypothesis az_000: float64, float64 
[ 2023-03-18 08:02:21,718 ] 87 root - INFO - Hypothesis az_001: float64, float64 
[ 2023-03-18 08:02:21,724 ] 87 root - INFO - Hypothesis az_002: float64, float64 
[ 2023-03-18 08:02:21,731 ] 87 root - INFO - Hypothesis az_003: float64, float64 
[ 2023-03-18 08:02:21,737 ] 87 root - INFO - Hypothesis az_004: float64, float64 
[ 2023-03-18 08:02:21,744 ] 87 root - INFO - Hypothesis az_005: float64, float64 
[ 2023-03-18 08:02:21,751 ] 87 root - INFO - Hypothesis az_006: float64, float64 
[ 2023-03-18 08:02:21,757 ] 87 root - INFO - Hypothesis az_007: float64, float64 
[ 2023-03-18 08:02:21,761 ] 87 root - INFO - Hypothesis az_008: float64, float64 
[ 2023-03-18 08:02:21,777 ] 87 root - INFO - Hypothesis az_009: float64, float64 
[ 2023-03-18 08:02:21,792 ] 87 root - INFO - Hypothesis ba_000: float64, float64 
[ 2023-03-18 08:02:21,799 ] 87 root - INFO - Hypothesis ba_001: float64, float64 
[ 2023-03-18 08:02:21,806 ] 87 root - INFO - Hypothesis ba_002: float64, float64 
[ 2023-03-18 08:02:21,813 ] 87 root - INFO - Hypothesis ba_003: float64, float64 
[ 2023-03-18 08:02:21,819 ] 87 root - INFO - Hypothesis ba_004: float64, float64 
[ 2023-03-18 08:02:21,826 ] 87 root - INFO - Hypothesis ba_005: float64, float64 
[ 2023-03-18 08:02:21,833 ] 87 root - INFO - Hypothesis ba_006: float64, float64 
[ 2023-03-18 08:02:21,839 ] 87 root - INFO - Hypothesis ba_007: float64, float64 
[ 2023-03-18 08:02:21,846 ] 87 root - INFO - Hypothesis ba_008: float64, float64 
[ 2023-03-18 08:02:21,851 ] 87 root - INFO - Hypothesis ba_009: float64, float64 
[ 2023-03-18 08:02:21,856 ] 87 root - INFO - Hypothesis bb_000: float64, float64 
[ 2023-03-18 08:02:21,863 ] 87 root - INFO - Hypothesis bc_000: float64, float64 
[ 2023-03-18 08:02:21,868 ] 87 root - INFO - Hypothesis bd_000: float64, float64 
[ 2023-03-18 08:02:21,874 ] 87 root - INFO - Hypothesis be_000: float64, float64 
[ 2023-03-18 08:02:21,879 ] 87 root - INFO - Hypothesis bf_000: float64, float64 
[ 2023-03-18 08:02:21,884 ] 87 root - INFO - Hypothesis bg_000: float64, float64 
[ 2023-03-18 08:02:21,891 ] 87 root - INFO - Hypothesis bh_000: float64, float64 
[ 2023-03-18 08:02:21,898 ] 87 root - INFO - Hypothesis bi_000: float64, float64 
[ 2023-03-18 08:02:21,905 ] 87 root - INFO - Hypothesis bj_000: float64, float64 
[ 2023-03-18 08:02:21,912 ] 87 root - INFO - Hypothesis bs_000: float64, float64 
[ 2023-03-18 08:02:21,919 ] 87 root - INFO - Hypothesis bt_000: float64, float64 
[ 2023-03-18 08:02:21,926 ] 87 root - INFO - Hypothesis bu_000: float64, float64 
[ 2023-03-18 08:02:21,933 ] 87 root - INFO - Hypothesis bv_000: float64, float64 
[ 2023-03-18 08:02:21,940 ] 87 root - INFO - Hypothesis bx_000: float64, float64 
[ 2023-03-18 08:02:21,947 ] 87 root - INFO - Hypothesis by_000: float64, float64 
[ 2023-03-18 08:02:21,954 ] 87 root - INFO - Hypothesis bz_000: float64, float64 
[ 2023-03-18 08:02:21,960 ] 87 root - INFO - Hypothesis ca_000: float64, float64 
[ 2023-03-18 08:02:21,967 ] 87 root - INFO - Hypothesis cb_000: float64, float64 
[ 2023-03-18 08:02:21,974 ] 87 root - INFO - Hypothesis cc_000: float64, float64 
[ 2023-03-18 08:02:21,981 ] 87 root - INFO - Hypothesis cd_000: float64, float64 
[ 2023-03-18 08:02:21,996 ] 87 root - INFO - Hypothesis ce_000: float64, float64 
[ 2023-03-18 08:02:22,003 ] 87 root - INFO - Hypothesis ci_000: float64, float64 
[ 2023-03-18 08:02:22,010 ] 87 root - INFO - Hypothesis cj_000: float64, float64 
[ 2023-03-18 08:02:22,014 ] 87 root - INFO - Hypothesis ck_000: float64, float64 
[ 2023-03-18 08:02:22,021 ] 87 root - INFO - Hypothesis cl_000: float64, float64 
[ 2023-03-18 08:02:22,027 ] 87 root - INFO - Hypothesis cm_000: float64, float64 
[ 2023-03-18 08:02:22,032 ] 87 root - INFO - Hypothesis cn_000: float64, float64 
[ 2023-03-18 08:02:22,047 ] 87 root - INFO - Hypothesis cn_001: float64, float64 
[ 2023-03-18 08:02:22,051 ] 87 root - INFO - Hypothesis cn_002: float64, float64 
[ 2023-03-18 08:02:22,056 ] 87 root - INFO - Hypothesis cn_003: float64, float64 
[ 2023-03-18 08:02:22,063 ] 87 root - INFO - Hypothesis cn_004: float64, float64 
[ 2023-03-18 08:02:22,070 ] 87 root - INFO - Hypothesis cn_005: float64, float64 
[ 2023-03-18 08:02:22,077 ] 87 root - INFO - Hypothesis cn_006: float64, float64 
[ 2023-03-18 08:02:22,084 ] 87 root - INFO - Hypothesis cn_007: float64, float64 
[ 2023-03-18 08:02:22,090 ] 87 root - INFO - Hypothesis cn_008: float64, float64 
[ 2023-03-18 08:02:22,096 ] 87 root - INFO - Hypothesis cn_009: float64, float64 
[ 2023-03-18 08:02:22,101 ] 87 root - INFO - Hypothesis cp_000: float64, float64 
[ 2023-03-18 08:02:22,106 ] 87 root - INFO - Hypothesis cq_000: float64, float64 
[ 2023-03-18 08:02:22,113 ] 87 root - INFO - Hypothesis cs_000: float64, float64 
[ 2023-03-18 08:02:22,120 ] 87 root - INFO - Hypothesis cs_001: float64, float64 
[ 2023-03-18 08:02:22,126 ] 87 root - INFO - Hypothesis cs_002: float64, float64 
[ 2023-03-18 08:02:22,133 ] 87 root - INFO - Hypothesis cs_003: float64, float64 
[ 2023-03-18 08:02:22,139 ] 87 root - INFO - Hypothesis cs_004: float64, float64 
[ 2023-03-18 08:02:22,146 ] 87 root - INFO - Hypothesis cs_005: float64, float64 
[ 2023-03-18 08:02:22,153 ] 87 root - INFO - Hypothesis cs_006: float64, float64 
[ 2023-03-18 08:02:22,161 ] 87 root - INFO - Hypothesis cs_007: float64, float64 
[ 2023-03-18 08:02:22,167 ] 87 root - INFO - Hypothesis cs_008: float64, float64 
[ 2023-03-18 08:02:22,172 ] 87 root - INFO - Hypothesis cs_009: float64, float64 
[ 2023-03-18 08:02:22,187 ] 87 root - INFO - Hypothesis dd_000: float64, float64 
[ 2023-03-18 08:02:22,194 ] 87 root - INFO - Hypothesis de_000: float64, float64 
[ 2023-03-18 08:02:22,199 ] 87 root - INFO - Hypothesis df_000: float64, float64 
[ 2023-03-18 08:02:22,203 ] 87 root - INFO - Hypothesis dg_000: float64, float64 
[ 2023-03-18 08:02:22,206 ] 87 root - INFO - Hypothesis dh_000: float64, float64 
[ 2023-03-18 08:02:22,210 ] 87 root - INFO - Hypothesis di_000: float64, float64 
[ 2023-03-18 08:02:22,214 ] 87 root - INFO - Hypothesis dj_000: float64, float64 
[ 2023-03-18 08:02:22,229 ] 87 root - INFO - Hypothesis dk_000: float64, float64 
[ 2023-03-18 08:02:22,232 ] 87 root - INFO - Hypothesis dl_000: float64, float64 
[ 2023-03-18 08:02:22,248 ] 87 root - INFO - Hypothesis dm_000: float64, float64 
[ 2023-03-18 08:02:22,264 ] 87 root - INFO - Hypothesis dn_000: float64, float64 
[ 2023-03-18 08:02:22,270 ] 87 root - INFO - Hypothesis do_000: float64, float64 
[ 2023-03-18 08:02:22,277 ] 87 root - INFO - Hypothesis dp_000: float64, float64 
[ 2023-03-18 08:02:22,283 ] 87 root - INFO - Hypothesis dq_000: float64, float64 
[ 2023-03-18 08:02:22,287 ] 87 root - INFO - Hypothesis dr_000: float64, float64 
[ 2023-03-18 08:02:22,291 ] 87 root - INFO - Hypothesis ds_000: float64, float64 
[ 2023-03-18 08:02:22,298 ] 87 root - INFO - Hypothesis dt_000: float64, float64 
[ 2023-03-18 08:02:22,304 ] 87 root - INFO - Hypothesis du_000: float64, float64 
[ 2023-03-18 08:02:22,311 ] 87 root - INFO - Hypothesis dv_000: float64, float64 
[ 2023-03-18 08:02:22,318 ] 87 root - INFO - Hypothesis dx_000: float64, float64 
[ 2023-03-18 08:02:22,323 ] 87 root - INFO - Hypothesis dy_000: float64, float64 
[ 2023-03-18 08:02:22,327 ] 87 root - INFO - Hypothesis dz_000: float64, float64 
[ 2023-03-18 08:02:22,342 ] 87 root - INFO - Hypothesis ea_000: float64, float64 
[ 2023-03-18 08:02:22,357 ] 87 root - INFO - Hypothesis eb_000: float64, float64 
[ 2023-03-18 08:02:22,363 ] 87 root - INFO - Hypothesis ec_00: float64, float64 
[ 2023-03-18 08:02:22,370 ] 87 root - INFO - Hypothesis ed_000: float64, float64 
[ 2023-03-18 08:02:22,376 ] 87 root - INFO - Hypothesis ee_000: float64, float64 
[ 2023-03-18 08:02:22,383 ] 87 root - INFO - Hypothesis ee_001: float64, float64 
[ 2023-03-18 08:02:22,390 ] 87 root - INFO - Hypothesis ee_002: float64, float64 
[ 2023-03-18 08:02:22,397 ] 87 root - INFO - Hypothesis ee_003: float64, float64 
[ 2023-03-18 08:02:22,403 ] 87 root - INFO - Hypothesis ee_004: float64, float64 
[ 2023-03-18 08:02:22,410 ] 87 root - INFO - Hypothesis ee_005: float64, float64 
[ 2023-03-18 08:02:22,417 ] 87 root - INFO - Hypothesis ee_006: float64, float64 
[ 2023-03-18 08:02:22,423 ] 87 root - INFO - Hypothesis ee_007: float64, float64 
[ 2023-03-18 08:02:22,430 ] 87 root - INFO - Hypothesis ee_008: float64, float64 
[ 2023-03-18 08:02:22,436 ] 87 root - INFO - Hypothesis ee_009: float64, float64 
[ 2023-03-18 08:02:22,441 ] 87 root - INFO - Hypothesis ef_000: float64, float64 
[ 2023-03-18 08:02:22,455 ] 87 root - INFO - Hypothesis eg_000: float64, float64 
[ 2023-03-18 08:02:22,470 ] 150 root - INFO - Write reprt in yaml file
[ 2023-03-18 08:02:22,477 ] 154 root - INFO - Data validation artifact: DataValidationArtifact(report_file_path='/config/workspace/artifact/03182023__080158/data_validation/report.yaml')
