[ 2023-03-18 08:14:54,876 ] 16 root - INFO - >>>>>>>>>>>>>>>>>>>>>>>>>>>>>>>>>>>>>>>> Data Ingestion <<<<<<<<<<<<<<<<<<<<<<<<<<<<<<<<<<<<<<<<
[ 2023-03-18 08:14:54,876 ] 23 root - INFO - Exporting collection data as pandas dataframe
[ 2023-03-18 08:14:54,876 ] 17 root - INFO - Reading data from database: air_pressure_system and collection: Sensor
[ 2023-03-18 08:14:58,197 ] 19 root - INFO - Found columns: Index(['_id', 'class', 'aa_000', 'ab_000', 'ac_000', 'ad_000', 'ae_000',
       'af_000', 'ag_000', 'ag_001',
       ...
       'ee_002', 'ee_003', 'ee_004', 'ee_005', 'ee_006', 'ee_007', 'ee_008',
       'ee_009', 'ef_000', 'eg_000'],
      dtype='object', length=172)
[ 2023-03-18 08:14:58,197 ] 21 root - INFO - Dropping column: _id 
[ 2023-03-18 08:14:58,416 ] 23 root - INFO - Row and columns in df: (36188, 171)
[ 2023-03-18 08:14:58,417 ] 29 root - INFO - Save data in feature store
[ 2023-03-18 08:14:58,934 ] 35 root - INFO - Create feature store folder if not available
[ 2023-03-18 08:14:58,935 ] 39 root - INFO - Save df to feature store folder
[ 2023-03-18 08:15:01,241 ] 44 root - INFO - split dataset into train and test set
[ 2023-03-18 08:15:01,776 ] 48 root - INFO - create dataset directory folder if not available
[ 2023-03-18 08:15:01,776 ] 53 root - INFO - Save df to feature store folder
[ 2023-03-18 08:15:03,865 ] 65 root - INFO - Data ingestion artifact: DataIngestionArtifact(feature_store_file_path='/config/workspace/artifact/03182023__081454/data_ingestion/feature_store/sensor.csv', train_file_path='/config/workspace/artifact/03182023__081454/data_ingestion/dataset/train.csv', test_file_path='/config/workspace/artifact/03182023__081454/data_ingestion/dataset/test.csv')
[ 2023-03-18 08:15:04,264 ] 17 root - INFO - >>>>>>>>>>>>>>>>>>>>>>>>>>>>>>>>>>>>>>>> Data Validation <<<<<<<<<<<<<<<<<<<<<<<<<<<<<<<<<<<<<<<<
[ 2023-03-18 08:15:04,264 ] 113 root - INFO - Reading base dataframe
[ 2023-03-18 08:15:07,077 ] 116 root - INFO - Replace na value in base df
[ 2023-03-18 08:15:07,077 ] 118 root - INFO - Drop null values colums from base df
[ 2023-03-18 08:15:07,989 ] 42 root - INFO - Selecting Column Names which containing null values above to 0.2
[ 2023-03-18 08:15:07,990 ] 45 root - INFO - Columns to Drop :['ab_000', 'ad_000', 'bk_000', 'bl_000', 'bm_000', 'bn_000', 'bo_000', 'bp_000', 'bq_000', 'br_000', 'cf_000', 'cg_000', 'ch_000', 'co_000', 'cr_000', 'ct_000', 'cu_000', 'cv_000', 'cx_000', 'cy_000', 'cz_000', 'da_000', 'db_000', 'dc_000']
[ 2023-03-18 08:15:08,112 ] 121 root - INFO - Reading train dataframe
[ 2023-03-18 08:15:08,498 ] 123 root - INFO - Reading test dataframe
[ 2023-03-18 08:15:08,598 ] 126 root - INFO - Drop null values colums from train df
[ 2023-03-18 08:15:08,609 ] 42 root - INFO - Selecting Column Names which containing null values above to 0.2
[ 2023-03-18 08:15:08,609 ] 45 root - INFO - Columns to Drop :['ab_000', 'ad_000', 'bk_000', 'bl_000', 'bm_000', 'bn_000', 'bo_000', 'bp_000', 'bq_000', 'br_000', 'cf_000', 'cg_000', 'ch_000', 'co_000', 'cr_000', 'ct_000', 'cu_000', 'cv_000', 'cx_000', 'cy_000', 'cz_000', 'da_000', 'db_000', 'dc_000']
[ 2023-03-18 08:15:08,618 ] 128 root - INFO - Drop null values colums from test df
[ 2023-03-18 08:15:08,623 ] 42 root - INFO - Selecting Column Names which containing null values above to 0.2
[ 2023-03-18 08:15:08,623 ] 45 root - INFO - Columns to Drop :['ab_000', 'ad_000', 'bk_000', 'bl_000', 'bm_000', 'bn_000', 'bo_000', 'bp_000', 'bq_000', 'br_000', 'cf_000', 'cg_000', 'ch_000', 'co_000', 'cr_000', 'ct_000', 'cu_000', 'cv_000', 'cx_000', 'cy_000', 'cz_000', 'da_000', 'db_000', 'dc_000']
[ 2023-03-18 08:15:14,616 ] 136 root - INFO - Is all required columns present in train df
[ 2023-03-18 08:15:14,616 ] 138 root - INFO - Is all required columns present in test df
[ 2023-03-18 08:15:14,616 ] 142 root - INFO - As all column are available in train df hence detecting data drift
[ 2023-03-18 08:15:14,617 ] 87 root - INFO - Hypothesis class: object, object 
[ 2023-03-18 08:15:14,747 ] 87 root - INFO - Hypothesis aa_000: float64, float64 
[ 2023-03-18 08:15:14,757 ] 87 root - INFO - Hypothesis ac_000: float64, float64 
[ 2023-03-18 08:15:14,796 ] 87 root - INFO - Hypothesis ae_000: float64, float64 
[ 2023-03-18 08:15:14,832 ] 87 root - INFO - Hypothesis af_000: float64, float64 
[ 2023-03-18 08:15:14,867 ] 87 root - INFO - Hypothesis ag_000: float64, float64 
[ 2023-03-18 08:15:14,902 ] 87 root - INFO - Hypothesis ag_001: float64, float64 
[ 2023-03-18 08:15:14,936 ] 87 root - INFO - Hypothesis ag_002: float64, float64 
[ 2023-03-18 08:15:14,972 ] 87 root - INFO - Hypothesis ag_003: float64, float64 
[ 2023-03-18 08:15:14,978 ] 87 root - INFO - Hypothesis ag_004: float64, float64 
[ 2023-03-18 08:15:14,988 ] 87 root - INFO - Hypothesis ag_005: float64, float64 
[ 2023-03-18 08:15:14,999 ] 87 root - INFO - Hypothesis ag_006: float64, float64 
[ 2023-03-18 08:15:15,010 ] 87 root - INFO - Hypothesis ag_007: float64, float64 
[ 2023-03-18 08:15:15,019 ] 87 root - INFO - Hypothesis ag_008: float64, float64 
[ 2023-03-18 08:15:15,027 ] 87 root - INFO - Hypothesis ag_009: float64, float64 
[ 2023-03-18 08:15:15,034 ] 87 root - INFO - Hypothesis ah_000: float64, float64 
[ 2023-03-18 08:15:15,045 ] 87 root - INFO - Hypothesis ai_000: float64, float64 
[ 2023-03-18 08:15:15,083 ] 87 root - INFO - Hypothesis aj_000: float64, float64 
[ 2023-03-18 08:15:15,089 ] 87 root - INFO - Hypothesis ak_000: float64, float64 
[ 2023-03-18 08:15:15,127 ] 87 root - INFO - Hypothesis al_000: float64, float64 
[ 2023-03-18 08:15:15,134 ] 87 root - INFO - Hypothesis am_0: float64, float64 
[ 2023-03-18 08:15:15,141 ] 87 root - INFO - Hypothesis an_000: float64, float64 
[ 2023-03-18 08:15:15,152 ] 87 root - INFO - Hypothesis ao_000: float64, float64 
[ 2023-03-18 08:15:15,162 ] 87 root - INFO - Hypothesis ap_000: float64, float64 
[ 2023-03-18 08:15:15,172 ] 87 root - INFO - Hypothesis aq_000: float64, float64 
[ 2023-03-18 08:15:15,183 ] 87 root - INFO - Hypothesis ar_000: float64, float64 
[ 2023-03-18 08:15:15,219 ] 87 root - INFO - Hypothesis as_000: float64, float64 
[ 2023-03-18 08:15:15,254 ] 87 root - INFO - Hypothesis at_000: float64, float64 
[ 2023-03-18 08:15:15,290 ] 87 root - INFO - Hypothesis au_000: float64, float64 
[ 2023-03-18 08:15:15,325 ] 87 root - INFO - Hypothesis av_000: float64, float64 
[ 2023-03-18 08:15:15,333 ] 87 root - INFO - Hypothesis ax_000: float64, float64 
[ 2023-03-18 08:15:15,341 ] 87 root - INFO - Hypothesis ay_000: float64, float64 
[ 2023-03-18 08:15:15,375 ] 87 root - INFO - Hypothesis ay_001: float64, float64 
[ 2023-03-18 08:15:15,410 ] 87 root - INFO - Hypothesis ay_002: float64, float64 
[ 2023-03-18 08:15:15,445 ] 87 root - INFO - Hypothesis ay_003: float64, float64 
[ 2023-03-18 08:15:15,479 ] 87 root - INFO - Hypothesis ay_004: float64, float64 
[ 2023-03-18 08:15:15,515 ] 87 root - INFO - Hypothesis ay_005: float64, float64 
[ 2023-03-18 08:15:15,555 ] 87 root - INFO - Hypothesis ay_006: float64, float64 
[ 2023-03-18 08:15:15,564 ] 87 root - INFO - Hypothesis ay_007: float64, float64 
[ 2023-03-18 08:15:15,574 ] 87 root - INFO - Hypothesis ay_008: float64, float64 
[ 2023-03-18 08:15:15,584 ] 87 root - INFO - Hypothesis ay_009: float64, float64 
[ 2023-03-18 08:15:15,619 ] 87 root - INFO - Hypothesis az_000: float64, float64 
[ 2023-03-18 08:15:15,628 ] 87 root - INFO - Hypothesis az_001: float64, float64 
[ 2023-03-18 08:15:15,638 ] 87 root - INFO - Hypothesis az_002: float64, float64 
[ 2023-03-18 08:15:15,647 ] 87 root - INFO - Hypothesis az_003: float64, float64 
[ 2023-03-18 08:15:15,657 ] 87 root - INFO - Hypothesis az_004: float64, float64 
[ 2023-03-18 08:15:15,667 ] 87 root - INFO - Hypothesis az_005: float64, float64 
[ 2023-03-18 08:15:15,678 ] 87 root - INFO - Hypothesis az_006: float64, float64 
[ 2023-03-18 08:15:15,718 ] 87 root - INFO - Hypothesis az_007: float64, float64 
[ 2023-03-18 08:15:15,755 ] 87 root - INFO - Hypothesis az_008: float64, float64 
[ 2023-03-18 08:15:15,792 ] 87 root - INFO - Hypothesis az_009: float64, float64 
[ 2023-03-18 08:15:15,828 ] 87 root - INFO - Hypothesis ba_000: float64, float64 
[ 2023-03-18 08:15:15,838 ] 87 root - INFO - Hypothesis ba_001: float64, float64 
[ 2023-03-18 08:15:15,848 ] 87 root - INFO - Hypothesis ba_002: float64, float64 
[ 2023-03-18 08:15:15,859 ] 87 root - INFO - Hypothesis ba_003: float64, float64 
[ 2023-03-18 08:15:15,869 ] 87 root - INFO - Hypothesis ba_004: float64, float64 
[ 2023-03-18 08:15:15,879 ] 87 root - INFO - Hypothesis ba_005: float64, float64 
[ 2023-03-18 08:15:15,889 ] 87 root - INFO - Hypothesis ba_006: float64, float64 
[ 2023-03-18 08:15:15,899 ] 87 root - INFO - Hypothesis ba_007: float64, float64 
[ 2023-03-18 08:15:15,909 ] 87 root - INFO - Hypothesis ba_008: float64, float64 
[ 2023-03-18 08:15:15,948 ] 87 root - INFO - Hypothesis ba_009: float64, float64 
[ 2023-03-18 08:15:15,986 ] 87 root - INFO - Hypothesis bb_000: float64, float64 
[ 2023-03-18 08:15:15,996 ] 87 root - INFO - Hypothesis bc_000: float64, float64 
[ 2023-03-18 08:15:16,036 ] 87 root - INFO - Hypothesis bd_000: float64, float64 
[ 2023-03-18 08:15:16,044 ] 87 root - INFO - Hypothesis be_000: float64, float64 
[ 2023-03-18 08:15:16,052 ] 87 root - INFO - Hypothesis bf_000: float64, float64 
[ 2023-03-18 08:15:16,059 ] 87 root - INFO - Hypothesis bg_000: float64, float64 
[ 2023-03-18 08:15:16,069 ] 87 root - INFO - Hypothesis bh_000: float64, float64 
[ 2023-03-18 08:15:16,082 ] 87 root - INFO - Hypothesis bi_000: float64, float64 
[ 2023-03-18 08:15:16,093 ] 87 root - INFO - Hypothesis bj_000: float64, float64 
[ 2023-03-18 08:15:16,104 ] 87 root - INFO - Hypothesis bs_000: float64, float64 
[ 2023-03-18 08:15:16,114 ] 87 root - INFO - Hypothesis bt_000: float64, float64 
[ 2023-03-18 08:15:16,199 ] 87 root - INFO - Hypothesis bu_000: float64, float64 
[ 2023-03-18 08:15:16,210 ] 87 root - INFO - Hypothesis bv_000: float64, float64 
[ 2023-03-18 08:15:16,220 ] 87 root - INFO - Hypothesis bx_000: float64, float64 
[ 2023-03-18 08:15:16,230 ] 87 root - INFO - Hypothesis by_000: float64, float64 
[ 2023-03-18 08:15:16,240 ] 87 root - INFO - Hypothesis bz_000: float64, float64 
[ 2023-03-18 08:15:16,249 ] 87 root - INFO - Hypothesis ca_000: float64, float64 
[ 2023-03-18 08:15:16,259 ] 87 root - INFO - Hypothesis cb_000: float64, float64 
[ 2023-03-18 08:15:16,270 ] 87 root - INFO - Hypothesis cc_000: float64, float64 
[ 2023-03-18 08:15:16,280 ] 87 root - INFO - Hypothesis cd_000: float64, float64 
[ 2023-03-18 08:15:16,315 ] 87 root - INFO - Hypothesis ce_000: float64, float64 
[ 2023-03-18 08:15:16,324 ] 87 root - INFO - Hypothesis ci_000: float64, float64 
[ 2023-03-18 08:15:16,335 ] 87 root - INFO - Hypothesis cj_000: float64, float64 
[ 2023-03-18 08:15:16,371 ] 87 root - INFO - Hypothesis ck_000: float64, float64 
[ 2023-03-18 08:15:16,381 ] 87 root - INFO - Hypothesis cl_000: float64, float64 
[ 2023-03-18 08:15:16,387 ] 87 root - INFO - Hypothesis cm_000: float64, float64 
[ 2023-03-18 08:15:16,394 ] 87 root - INFO - Hypothesis cn_000: float64, float64 
[ 2023-03-18 08:15:16,430 ] 87 root - INFO - Hypothesis cn_001: float64, float64 
[ 2023-03-18 08:15:16,468 ] 87 root - INFO - Hypothesis cn_002: float64, float64 
[ 2023-03-18 08:15:16,476 ] 87 root - INFO - Hypothesis cn_003: float64, float64 
[ 2023-03-18 08:15:16,486 ] 87 root - INFO - Hypothesis cn_004: float64, float64 
[ 2023-03-18 08:15:16,497 ] 87 root - INFO - Hypothesis cn_005: float64, float64 
[ 2023-03-18 08:15:16,507 ] 87 root - INFO - Hypothesis cn_006: float64, float64 
[ 2023-03-18 08:15:16,517 ] 87 root - INFO - Hypothesis cn_007: float64, float64 
[ 2023-03-18 08:15:16,526 ] 87 root - INFO - Hypothesis cn_008: float64, float64 
[ 2023-03-18 08:15:16,535 ] 87 root - INFO - Hypothesis cn_009: float64, float64 
[ 2023-03-18 08:15:16,574 ] 87 root - INFO - Hypothesis cp_000: float64, float64 
[ 2023-03-18 08:15:16,613 ] 87 root - INFO - Hypothesis cq_000: float64, float64 
[ 2023-03-18 08:15:16,623 ] 87 root - INFO - Hypothesis cs_000: float64, float64 
[ 2023-03-18 08:15:16,633 ] 87 root - INFO - Hypothesis cs_001: float64, float64 
[ 2023-03-18 08:15:16,641 ] 87 root - INFO - Hypothesis cs_002: float64, float64 
[ 2023-03-18 08:15:16,651 ] 87 root - INFO - Hypothesis cs_003: float64, float64 
[ 2023-03-18 08:15:16,662 ] 87 root - INFO - Hypothesis cs_004: float64, float64 
[ 2023-03-18 08:15:16,672 ] 87 root - INFO - Hypothesis cs_005: float64, float64 
[ 2023-03-18 08:15:16,682 ] 87 root - INFO - Hypothesis cs_006: float64, float64 
[ 2023-03-18 08:15:16,693 ] 87 root - INFO - Hypothesis cs_007: float64, float64 
[ 2023-03-18 08:15:16,703 ] 87 root - INFO - Hypothesis cs_008: float64, float64 
[ 2023-03-18 08:15:16,742 ] 87 root - INFO - Hypothesis cs_009: float64, float64 
[ 2023-03-18 08:15:16,777 ] 87 root - INFO - Hypothesis dd_000: float64, float64 
[ 2023-03-18 08:15:16,786 ] 87 root - INFO - Hypothesis de_000: float64, float64 
[ 2023-03-18 08:15:16,794 ] 87 root - INFO - Hypothesis df_000: float64, float64 
[ 2023-03-18 08:15:16,830 ] 87 root - INFO - Hypothesis dg_000: float64, float64 
[ 2023-03-18 08:15:16,867 ] 87 root - INFO - Hypothesis dh_000: float64, float64 
[ 2023-03-18 08:15:16,872 ] 87 root - INFO - Hypothesis di_000: float64, float64 
[ 2023-03-18 08:15:16,910 ] 87 root - INFO - Hypothesis dj_000: float64, float64 
[ 2023-03-18 08:15:16,946 ] 87 root - INFO - Hypothesis dk_000: float64, float64 
[ 2023-03-18 08:15:16,982 ] 87 root - INFO - Hypothesis dl_000: float64, float64 
[ 2023-03-18 08:15:17,018 ] 87 root - INFO - Hypothesis dm_000: float64, float64 
[ 2023-03-18 08:15:17,056 ] 87 root - INFO - Hypothesis dn_000: float64, float64 
[ 2023-03-18 08:15:17,066 ] 87 root - INFO - Hypothesis do_000: float64, float64 
[ 2023-03-18 08:15:17,075 ] 87 root - INFO - Hypothesis dp_000: float64, float64 
[ 2023-03-18 08:15:17,084 ] 87 root - INFO - Hypothesis dq_000: float64, float64 
[ 2023-03-18 08:15:17,122 ] 87 root - INFO - Hypothesis dr_000: float64, float64 
[ 2023-03-18 08:15:17,160 ] 87 root - INFO - Hypothesis ds_000: float64, float64 
[ 2023-03-18 08:15:17,170 ] 87 root - INFO - Hypothesis dt_000: float64, float64 
[ 2023-03-18 08:15:17,180 ] 87 root - INFO - Hypothesis du_000: float64, float64 
[ 2023-03-18 08:15:17,190 ] 87 root - INFO - Hypothesis dv_000: float64, float64 
[ 2023-03-18 08:15:17,200 ] 87 root - INFO - Hypothesis dx_000: float64, float64 
[ 2023-03-18 08:15:17,238 ] 87 root - INFO - Hypothesis dy_000: float64, float64 
[ 2023-03-18 08:15:17,276 ] 87 root - INFO - Hypothesis dz_000: float64, float64 
[ 2023-03-18 08:15:17,311 ] 87 root - INFO - Hypothesis ea_000: float64, float64 
[ 2023-03-18 08:15:17,346 ] 87 root - INFO - Hypothesis eb_000: float64, float64 
[ 2023-03-18 08:15:17,355 ] 87 root - INFO - Hypothesis ec_00: float64, float64 
[ 2023-03-18 08:15:17,365 ] 87 root - INFO - Hypothesis ed_000: float64, float64 
[ 2023-03-18 08:15:17,373 ] 87 root - INFO - Hypothesis ee_000: float64, float64 
[ 2023-03-18 08:15:17,384 ] 87 root - INFO - Hypothesis ee_001: float64, float64 
[ 2023-03-18 08:15:17,394 ] 87 root - INFO - Hypothesis ee_002: float64, float64 
[ 2023-03-18 08:15:17,404 ] 87 root - INFO - Hypothesis ee_003: float64, float64 
[ 2023-03-18 08:15:17,414 ] 87 root - INFO - Hypothesis ee_004: float64, float64 
[ 2023-03-18 08:15:17,424 ] 87 root - INFO - Hypothesis ee_005: float64, float64 
[ 2023-03-18 08:15:17,434 ] 87 root - INFO - Hypothesis ee_006: float64, float64 
[ 2023-03-18 08:15:17,444 ] 87 root - INFO - Hypothesis ee_007: float64, float64 
[ 2023-03-18 08:15:17,454 ] 87 root - INFO - Hypothesis ee_008: float64, float64 
[ 2023-03-18 08:15:17,462 ] 87 root - INFO - Hypothesis ee_009: float64, float64 
[ 2023-03-18 08:15:17,470 ] 87 root - INFO - Hypothesis ef_000: float64, float64 
[ 2023-03-18 08:15:17,506 ] 87 root - INFO - Hypothesis eg_000: float64, float64 
[ 2023-03-18 08:15:17,541 ] 146 root - INFO - As all column are available in test df hence detecting data drift
[ 2023-03-18 08:15:17,542 ] 87 root - INFO - Hypothesis class: object, object 
[ 2023-03-18 08:15:17,615 ] 87 root - INFO - Hypothesis aa_000: float64, float64 
[ 2023-03-18 08:15:17,621 ] 87 root - INFO - Hypothesis ac_000: float64, float64 
[ 2023-03-18 08:15:17,627 ] 87 root - INFO - Hypothesis ae_000: float64, float64 
[ 2023-03-18 08:15:17,642 ] 87 root - INFO - Hypothesis af_000: float64, float64 
[ 2023-03-18 08:15:17,657 ] 87 root - INFO - Hypothesis ag_000: float64, float64 
[ 2023-03-18 08:15:17,671 ] 87 root - INFO - Hypothesis ag_001: float64, float64 
[ 2023-03-18 08:15:17,686 ] 87 root - INFO - Hypothesis ag_002: float64, float64 
[ 2023-03-18 08:15:17,689 ] 87 root - INFO - Hypothesis ag_003: float64, float64 
[ 2023-03-18 08:15:17,693 ] 87 root - INFO - Hypothesis ag_004: float64, float64 
[ 2023-03-18 08:15:17,699 ] 87 root - INFO - Hypothesis ag_005: float64, float64 
[ 2023-03-18 08:15:17,706 ] 87 root - INFO - Hypothesis ag_006: float64, float64 
[ 2023-03-18 08:15:17,714 ] 87 root - INFO - Hypothesis ag_007: float64, float64 
[ 2023-03-18 08:15:17,720 ] 87 root - INFO - Hypothesis ag_008: float64, float64 
[ 2023-03-18 08:15:17,725 ] 87 root - INFO - Hypothesis ag_009: float64, float64 
[ 2023-03-18 08:15:17,730 ] 87 root - INFO - Hypothesis ah_000: float64, float64 
[ 2023-03-18 08:15:17,737 ] 87 root - INFO - Hypothesis ai_000: float64, float64 
[ 2023-03-18 08:15:17,740 ] 87 root - INFO - Hypothesis aj_000: float64, float64 
[ 2023-03-18 08:15:17,744 ] 87 root - INFO - Hypothesis ak_000: float64, float64 
[ 2023-03-18 08:15:17,747 ] 87 root - INFO - Hypothesis al_000: float64, float64 
[ 2023-03-18 08:15:17,752 ] 87 root - INFO - Hypothesis am_0: float64, float64 
[ 2023-03-18 08:15:17,757 ] 87 root - INFO - Hypothesis an_000: float64, float64 
[ 2023-03-18 08:15:17,764 ] 87 root - INFO - Hypothesis ao_000: float64, float64 
[ 2023-03-18 08:15:17,771 ] 87 root - INFO - Hypothesis ap_000: float64, float64 
[ 2023-03-18 08:15:17,778 ] 87 root - INFO - Hypothesis aq_000: float64, float64 
[ 2023-03-18 08:15:17,785 ] 87 root - INFO - Hypothesis ar_000: float64, float64 
[ 2023-03-18 08:15:17,800 ] 87 root - INFO - Hypothesis as_000: float64, float64 
[ 2023-03-18 08:15:17,815 ] 87 root - INFO - Hypothesis at_000: float64, float64 
[ 2023-03-18 08:15:17,831 ] 87 root - INFO - Hypothesis au_000: float64, float64 
[ 2023-03-18 08:15:17,845 ] 87 root - INFO - Hypothesis av_000: float64, float64 
[ 2023-03-18 08:15:17,851 ] 87 root - INFO - Hypothesis ax_000: float64, float64 
[ 2023-03-18 08:15:17,856 ] 87 root - INFO - Hypothesis ay_000: float64, float64 
[ 2023-03-18 08:15:17,871 ] 87 root - INFO - Hypothesis ay_001: float64, float64 
[ 2023-03-18 08:15:17,886 ] 87 root - INFO - Hypothesis ay_002: float64, float64 
[ 2023-03-18 08:15:17,900 ] 87 root - INFO - Hypothesis ay_003: float64, float64 
[ 2023-03-18 08:15:17,915 ] 87 root - INFO - Hypothesis ay_004: float64, float64 
[ 2023-03-18 08:15:17,930 ] 87 root - INFO - Hypothesis ay_005: float64, float64 
[ 2023-03-18 08:15:17,935 ] 87 root - INFO - Hypothesis ay_006: float64, float64 
[ 2023-03-18 08:15:17,941 ] 87 root - INFO - Hypothesis ay_007: float64, float64 
[ 2023-03-18 08:15:17,948 ] 87 root - INFO - Hypothesis ay_008: float64, float64 
[ 2023-03-18 08:15:17,955 ] 87 root - INFO - Hypothesis ay_009: float64, float64 
[ 2023-03-18 08:15:17,969 ] 87 root - INFO - Hypothesis az_000: float64, float64 
[ 2023-03-18 08:15:17,976 ] 87 root - INFO - Hypothesis az_001: float64, float64 
[ 2023-03-18 08:15:17,982 ] 87 root - INFO - Hypothesis az_002: float64, float64 
[ 2023-03-18 08:15:17,988 ] 87 root - INFO - Hypothesis az_003: float64, float64 
[ 2023-03-18 08:15:17,995 ] 87 root - INFO - Hypothesis az_004: float64, float64 
[ 2023-03-18 08:15:18,002 ] 87 root - INFO - Hypothesis az_005: float64, float64 
[ 2023-03-18 08:15:18,009 ] 87 root - INFO - Hypothesis az_006: float64, float64 
[ 2023-03-18 08:15:18,015 ] 87 root - INFO - Hypothesis az_007: float64, float64 
[ 2023-03-18 08:15:18,019 ] 87 root - INFO - Hypothesis az_008: float64, float64 
[ 2023-03-18 08:15:18,035 ] 87 root - INFO - Hypothesis az_009: float64, float64 
[ 2023-03-18 08:15:18,050 ] 87 root - INFO - Hypothesis ba_000: float64, float64 
[ 2023-03-18 08:15:18,057 ] 87 root - INFO - Hypothesis ba_001: float64, float64 
[ 2023-03-18 08:15:18,064 ] 87 root - INFO - Hypothesis ba_002: float64, float64 
[ 2023-03-18 08:15:18,071 ] 87 root - INFO - Hypothesis ba_003: float64, float64 
[ 2023-03-18 08:15:18,078 ] 87 root - INFO - Hypothesis ba_004: float64, float64 
[ 2023-03-18 08:15:18,085 ] 87 root - INFO - Hypothesis ba_005: float64, float64 
[ 2023-03-18 08:15:18,091 ] 87 root - INFO - Hypothesis ba_006: float64, float64 
[ 2023-03-18 08:15:18,098 ] 87 root - INFO - Hypothesis ba_007: float64, float64 
[ 2023-03-18 08:15:18,105 ] 87 root - INFO - Hypothesis ba_008: float64, float64 
[ 2023-03-18 08:15:18,110 ] 87 root - INFO - Hypothesis ba_009: float64, float64 
[ 2023-03-18 08:15:18,115 ] 87 root - INFO - Hypothesis bb_000: float64, float64 
[ 2023-03-18 08:15:18,122 ] 87 root - INFO - Hypothesis bc_000: float64, float64 
[ 2023-03-18 08:15:18,127 ] 87 root - INFO - Hypothesis bd_000: float64, float64 
[ 2023-03-18 08:15:18,132 ] 87 root - INFO - Hypothesis be_000: float64, float64 
[ 2023-03-18 08:15:18,138 ] 87 root - INFO - Hypothesis bf_000: float64, float64 
[ 2023-03-18 08:15:18,143 ] 87 root - INFO - Hypothesis bg_000: float64, float64 
[ 2023-03-18 08:15:18,150 ] 87 root - INFO - Hypothesis bh_000: float64, float64 
[ 2023-03-18 08:15:18,156 ] 87 root - INFO - Hypothesis bi_000: float64, float64 
[ 2023-03-18 08:15:18,168 ] 87 root - INFO - Hypothesis bj_000: float64, float64 
[ 2023-03-18 08:15:18,176 ] 87 root - INFO - Hypothesis bs_000: float64, float64 
[ 2023-03-18 08:15:18,183 ] 87 root - INFO - Hypothesis bt_000: float64, float64 
[ 2023-03-18 08:15:18,190 ] 87 root - INFO - Hypothesis bu_000: float64, float64 
[ 2023-03-18 08:15:18,197 ] 87 root - INFO - Hypothesis bv_000: float64, float64 
[ 2023-03-18 08:15:18,204 ] 87 root - INFO - Hypothesis bx_000: float64, float64 
[ 2023-03-18 08:15:18,211 ] 87 root - INFO - Hypothesis by_000: float64, float64 
[ 2023-03-18 08:15:18,218 ] 87 root - INFO - Hypothesis bz_000: float64, float64 
[ 2023-03-18 08:15:18,224 ] 87 root - INFO - Hypothesis ca_000: float64, float64 
[ 2023-03-18 08:15:18,230 ] 87 root - INFO - Hypothesis cb_000: float64, float64 
[ 2023-03-18 08:15:18,238 ] 87 root - INFO - Hypothesis cc_000: float64, float64 
[ 2023-03-18 08:15:18,244 ] 87 root - INFO - Hypothesis cd_000: float64, float64 
[ 2023-03-18 08:15:18,260 ] 87 root - INFO - Hypothesis ce_000: float64, float64 
[ 2023-03-18 08:15:18,266 ] 87 root - INFO - Hypothesis ci_000: float64, float64 
[ 2023-03-18 08:15:18,273 ] 87 root - INFO - Hypothesis cj_000: float64, float64 
[ 2023-03-18 08:15:18,277 ] 87 root - INFO - Hypothesis ck_000: float64, float64 
[ 2023-03-18 08:15:18,284 ] 87 root - INFO - Hypothesis cl_000: float64, float64 
[ 2023-03-18 08:15:18,288 ] 87 root - INFO - Hypothesis cm_000: float64, float64 
[ 2023-03-18 08:15:18,293 ] 87 root - INFO - Hypothesis cn_000: float64, float64 
[ 2023-03-18 08:15:18,308 ] 87 root - INFO - Hypothesis cn_001: float64, float64 
[ 2023-03-18 08:15:18,312 ] 87 root - INFO - Hypothesis cn_002: float64, float64 
[ 2023-03-18 08:15:18,317 ] 87 root - INFO - Hypothesis cn_003: float64, float64 
[ 2023-03-18 08:15:18,324 ] 87 root - INFO - Hypothesis cn_004: float64, float64 
[ 2023-03-18 08:15:18,331 ] 87 root - INFO - Hypothesis cn_005: float64, float64 
[ 2023-03-18 08:15:18,338 ] 87 root - INFO - Hypothesis cn_006: float64, float64 
[ 2023-03-18 08:15:18,345 ] 87 root - INFO - Hypothesis cn_007: float64, float64 
[ 2023-03-18 08:15:18,351 ] 87 root - INFO - Hypothesis cn_008: float64, float64 
[ 2023-03-18 08:15:18,357 ] 87 root - INFO - Hypothesis cn_009: float64, float64 
[ 2023-03-18 08:15:18,362 ] 87 root - INFO - Hypothesis cp_000: float64, float64 
[ 2023-03-18 08:15:18,367 ] 87 root - INFO - Hypothesis cq_000: float64, float64 
[ 2023-03-18 08:15:18,374 ] 87 root - INFO - Hypothesis cs_000: float64, float64 
[ 2023-03-18 08:15:18,381 ] 87 root - INFO - Hypothesis cs_001: float64, float64 
[ 2023-03-18 08:15:18,387 ] 87 root - INFO - Hypothesis cs_002: float64, float64 
[ 2023-03-18 08:15:18,393 ] 87 root - INFO - Hypothesis cs_003: float64, float64 
[ 2023-03-18 08:15:18,400 ] 87 root - INFO - Hypothesis cs_004: float64, float64 
[ 2023-03-18 08:15:18,407 ] 87 root - INFO - Hypothesis cs_005: float64, float64 
[ 2023-03-18 08:15:18,414 ] 87 root - INFO - Hypothesis cs_006: float64, float64 
[ 2023-03-18 08:15:18,421 ] 87 root - INFO - Hypothesis cs_007: float64, float64 
[ 2023-03-18 08:15:18,428 ] 87 root - INFO - Hypothesis cs_008: float64, float64 
[ 2023-03-18 08:15:18,433 ] 87 root - INFO - Hypothesis cs_009: float64, float64 
[ 2023-03-18 08:15:18,448 ] 87 root - INFO - Hypothesis dd_000: float64, float64 
[ 2023-03-18 08:15:18,455 ] 87 root - INFO - Hypothesis de_000: float64, float64 
[ 2023-03-18 08:15:18,460 ] 87 root - INFO - Hypothesis df_000: float64, float64 
[ 2023-03-18 08:15:18,463 ] 87 root - INFO - Hypothesis dg_000: float64, float64 
[ 2023-03-18 08:15:18,467 ] 87 root - INFO - Hypothesis dh_000: float64, float64 
[ 2023-03-18 08:15:18,470 ] 87 root - INFO - Hypothesis di_000: float64, float64 
[ 2023-03-18 08:15:18,474 ] 87 root - INFO - Hypothesis dj_000: float64, float64 
[ 2023-03-18 08:15:18,490 ] 87 root - INFO - Hypothesis dk_000: float64, float64 
[ 2023-03-18 08:15:18,493 ] 87 root - INFO - Hypothesis dl_000: float64, float64 
[ 2023-03-18 08:15:18,508 ] 87 root - INFO - Hypothesis dm_000: float64, float64 
[ 2023-03-18 08:15:18,524 ] 87 root - INFO - Hypothesis dn_000: float64, float64 
[ 2023-03-18 08:15:18,530 ] 87 root - INFO - Hypothesis do_000: float64, float64 
[ 2023-03-18 08:15:18,537 ] 87 root - INFO - Hypothesis dp_000: float64, float64 
[ 2023-03-18 08:15:18,543 ] 87 root - INFO - Hypothesis dq_000: float64, float64 
[ 2023-03-18 08:15:18,547 ] 87 root - INFO - Hypothesis dr_000: float64, float64 
[ 2023-03-18 08:15:18,551 ] 87 root - INFO - Hypothesis ds_000: float64, float64 
[ 2023-03-18 08:15:18,558 ] 87 root - INFO - Hypothesis dt_000: float64, float64 
[ 2023-03-18 08:15:18,565 ] 87 root - INFO - Hypothesis du_000: float64, float64 
[ 2023-03-18 08:15:18,571 ] 87 root - INFO - Hypothesis dv_000: float64, float64 
[ 2023-03-18 08:15:18,578 ] 87 root - INFO - Hypothesis dx_000: float64, float64 
[ 2023-03-18 08:15:18,583 ] 87 root - INFO - Hypothesis dy_000: float64, float64 
[ 2023-03-18 08:15:18,587 ] 87 root - INFO - Hypothesis dz_000: float64, float64 
[ 2023-03-18 08:15:18,602 ] 87 root - INFO - Hypothesis ea_000: float64, float64 
[ 2023-03-18 08:15:18,618 ] 87 root - INFO - Hypothesis eb_000: float64, float64 
[ 2023-03-18 08:15:18,623 ] 87 root - INFO - Hypothesis ec_00: float64, float64 
[ 2023-03-18 08:15:18,630 ] 87 root - INFO - Hypothesis ed_000: float64, float64 
[ 2023-03-18 08:15:18,636 ] 87 root - INFO - Hypothesis ee_000: float64, float64 
[ 2023-03-18 08:15:18,643 ] 87 root - INFO - Hypothesis ee_001: float64, float64 
[ 2023-03-18 08:15:18,650 ] 87 root - INFO - Hypothesis ee_002: float64, float64 
[ 2023-03-18 08:15:18,657 ] 87 root - INFO - Hypothesis ee_003: float64, float64 
[ 2023-03-18 08:15:18,663 ] 87 root - INFO - Hypothesis ee_004: float64, float64 
[ 2023-03-18 08:15:18,670 ] 87 root - INFO - Hypothesis ee_005: float64, float64 
[ 2023-03-18 08:15:18,677 ] 87 root - INFO - Hypothesis ee_006: float64, float64 
[ 2023-03-18 08:15:18,684 ] 87 root - INFO - Hypothesis ee_007: float64, float64 
[ 2023-03-18 08:15:18,690 ] 87 root - INFO - Hypothesis ee_008: float64, float64 
[ 2023-03-18 08:15:18,696 ] 87 root - INFO - Hypothesis ee_009: float64, float64 
[ 2023-03-18 08:15:18,701 ] 87 root - INFO - Hypothesis ef_000: float64, float64 
[ 2023-03-18 08:15:18,717 ] 87 root - INFO - Hypothesis eg_000: float64, float64 
[ 2023-03-18 08:15:18,731 ] 150 root - INFO - Write reprt in yaml file
[ 2023-03-18 08:15:18,738 ] 154 root - INFO - Data validation artifact: DataValidationArtifact(report_file_path='/config/workspace/artifact/03182023__081454/data_validation/report.yaml')
