[ 2023-03-18 08:41:17,022 ] 16 root - INFO - >>>>>>>>>>>>>>>>>>>>>>>>>>>>>>>>>>>>>>>> Data Ingestion <<<<<<<<<<<<<<<<<<<<<<<<<<<<<<<<<<<<<<<<
[ 2023-03-18 08:41:17,022 ] 23 root - INFO - Exporting collection data as pandas dataframe
[ 2023-03-18 08:41:17,022 ] 17 root - INFO - Reading data from database: air_pressure_system and collection: Sensor
[ 2023-03-18 08:41:20,570 ] 19 root - INFO - Found columns: Index(['_id', 'class', 'aa_000', 'ab_000', 'ac_000', 'ad_000', 'ae_000',
       'af_000', 'ag_000', 'ag_001',
       ...
       'ee_002', 'ee_003', 'ee_004', 'ee_005', 'ee_006', 'ee_007', 'ee_008',
       'ee_009', 'ef_000', 'eg_000'],
      dtype='object', length=172)
[ 2023-03-18 08:41:20,571 ] 21 root - INFO - Dropping column: _id 
[ 2023-03-18 08:41:20,770 ] 23 root - INFO - Row and columns in df: (36188, 171)
[ 2023-03-18 08:41:20,770 ] 29 root - INFO - Save data in feature store
[ 2023-03-18 08:41:21,305 ] 35 root - INFO - Create feature store folder if not available
[ 2023-03-18 08:41:21,306 ] 39 root - INFO - Save df to feature store folder
[ 2023-03-18 08:41:23,639 ] 44 root - INFO - split dataset into train and test set
[ 2023-03-18 08:41:24,167 ] 48 root - INFO - create dataset directory folder if not available
[ 2023-03-18 08:41:24,167 ] 53 root - INFO - Save df to feature store folder
[ 2023-03-18 08:41:26,270 ] 65 root - INFO - Data ingestion artifact: DataIngestionArtifact(feature_store_file_path='/config/workspace/artifact/03182023__084117/data_ingestion/feature_store/sensor.csv', train_file_path='/config/workspace/artifact/03182023__084117/data_ingestion/dataset/train.csv', test_file_path='/config/workspace/artifact/03182023__084117/data_ingestion/dataset/test.csv')
[ 2023-03-18 08:41:26,674 ] 17 root - INFO - >>>>>>>>>>>>>>>>>>>>>>>>>>>>>>>>>>>>>>>> Data Validation <<<<<<<<<<<<<<<<<<<<<<<<<<<<<<<<<<<<<<<<
[ 2023-03-18 08:41:26,675 ] 113 root - INFO - Reading base dataframe
[ 2023-03-18 08:41:29,512 ] 116 root - INFO - Replace na value in base df
[ 2023-03-18 08:41:29,513 ] 118 root - INFO - Drop null values colums from base df
[ 2023-03-18 08:41:30,439 ] 42 root - INFO - Selecting Column Names which containing null values above to 0.2
[ 2023-03-18 08:41:30,440 ] 45 root - INFO - Columns to Drop :['ab_000', 'ad_000', 'bk_000', 'bl_000', 'bm_000', 'bn_000', 'bo_000', 'bp_000', 'bq_000', 'br_000', 'cf_000', 'cg_000', 'ch_000', 'co_000', 'cr_000', 'ct_000', 'cu_000', 'cv_000', 'cx_000', 'cy_000', 'cz_000', 'da_000', 'db_000', 'dc_000']
[ 2023-03-18 08:41:30,550 ] 121 root - INFO - Reading train dataframe
[ 2023-03-18 08:41:30,932 ] 123 root - INFO - Reading test dataframe
[ 2023-03-18 08:41:31,032 ] 126 root - INFO - Drop null values colums from train df
[ 2023-03-18 08:41:31,045 ] 42 root - INFO - Selecting Column Names which containing null values above to 0.2
[ 2023-03-18 08:41:31,045 ] 45 root - INFO - Columns to Drop :['ab_000', 'ad_000', 'bk_000', 'bl_000', 'bm_000', 'bn_000', 'bo_000', 'bp_000', 'bq_000', 'br_000', 'cf_000', 'cg_000', 'ch_000', 'co_000', 'cr_000', 'ct_000', 'cu_000', 'cv_000', 'cx_000', 'cy_000', 'cz_000', 'da_000', 'db_000', 'dc_000']
[ 2023-03-18 08:41:31,054 ] 128 root - INFO - Drop null values colums from test df
[ 2023-03-18 08:41:31,058 ] 42 root - INFO - Selecting Column Names which containing null values above to 0.2
[ 2023-03-18 08:41:31,059 ] 45 root - INFO - Columns to Drop :['ab_000', 'ad_000', 'bk_000', 'bl_000', 'bm_000', 'bn_000', 'bo_000', 'bp_000', 'bq_000', 'br_000', 'cf_000', 'cg_000', 'ch_000', 'co_000', 'cr_000', 'ct_000', 'cu_000', 'cv_000', 'cx_000', 'cy_000', 'cz_000', 'da_000', 'db_000', 'dc_000']
[ 2023-03-18 08:41:37,036 ] 136 root - INFO - Is all required columns present in train df
[ 2023-03-18 08:41:37,036 ] 138 root - INFO - Is all required columns present in test df
[ 2023-03-18 08:41:37,036 ] 142 root - INFO - As all column are available in train df hence detecting data drift
[ 2023-03-18 08:41:37,036 ] 87 root - INFO - Hypothesis class: object, object 
[ 2023-03-18 08:41:37,169 ] 87 root - INFO - Hypothesis aa_000: float64, float64 
[ 2023-03-18 08:41:37,180 ] 87 root - INFO - Hypothesis ac_000: float64, float64 
[ 2023-03-18 08:41:37,219 ] 87 root - INFO - Hypothesis ae_000: float64, float64 
[ 2023-03-18 08:41:37,254 ] 87 root - INFO - Hypothesis af_000: float64, float64 
[ 2023-03-18 08:41:37,291 ] 87 root - INFO - Hypothesis ag_000: float64, float64 
[ 2023-03-18 08:41:37,326 ] 87 root - INFO - Hypothesis ag_001: float64, float64 
[ 2023-03-18 08:41:37,361 ] 87 root - INFO - Hypothesis ag_002: float64, float64 
[ 2023-03-18 08:41:37,398 ] 87 root - INFO - Hypothesis ag_003: float64, float64 
[ 2023-03-18 08:41:37,404 ] 87 root - INFO - Hypothesis ag_004: float64, float64 
[ 2023-03-18 08:41:37,414 ] 87 root - INFO - Hypothesis ag_005: float64, float64 
[ 2023-03-18 08:41:37,424 ] 87 root - INFO - Hypothesis ag_006: float64, float64 
[ 2023-03-18 08:41:37,435 ] 87 root - INFO - Hypothesis ag_007: float64, float64 
[ 2023-03-18 08:41:37,444 ] 87 root - INFO - Hypothesis ag_008: float64, float64 
[ 2023-03-18 08:41:37,452 ] 87 root - INFO - Hypothesis ag_009: float64, float64 
[ 2023-03-18 08:41:37,459 ] 87 root - INFO - Hypothesis ah_000: float64, float64 
[ 2023-03-18 08:41:37,470 ] 87 root - INFO - Hypothesis ai_000: float64, float64 
[ 2023-03-18 08:41:37,506 ] 87 root - INFO - Hypothesis aj_000: float64, float64 
[ 2023-03-18 08:41:37,512 ] 87 root - INFO - Hypothesis ak_000: float64, float64 
[ 2023-03-18 08:41:37,548 ] 87 root - INFO - Hypothesis al_000: float64, float64 
[ 2023-03-18 08:41:37,556 ] 87 root - INFO - Hypothesis am_0: float64, float64 
[ 2023-03-18 08:41:37,563 ] 87 root - INFO - Hypothesis an_000: float64, float64 
[ 2023-03-18 08:41:37,573 ] 87 root - INFO - Hypothesis ao_000: float64, float64 
[ 2023-03-18 08:41:37,584 ] 87 root - INFO - Hypothesis ap_000: float64, float64 
[ 2023-03-18 08:41:37,594 ] 87 root - INFO - Hypothesis aq_000: float64, float64 
[ 2023-03-18 08:41:37,605 ] 87 root - INFO - Hypothesis ar_000: float64, float64 
[ 2023-03-18 08:41:37,641 ] 87 root - INFO - Hypothesis as_000: float64, float64 
[ 2023-03-18 08:41:37,676 ] 87 root - INFO - Hypothesis at_000: float64, float64 
[ 2023-03-18 08:41:37,712 ] 87 root - INFO - Hypothesis au_000: float64, float64 
[ 2023-03-18 08:41:37,747 ] 87 root - INFO - Hypothesis av_000: float64, float64 
[ 2023-03-18 08:41:37,755 ] 87 root - INFO - Hypothesis ax_000: float64, float64 
[ 2023-03-18 08:41:37,763 ] 87 root - INFO - Hypothesis ay_000: float64, float64 
[ 2023-03-18 08:41:37,798 ] 87 root - INFO - Hypothesis ay_001: float64, float64 
[ 2023-03-18 08:41:37,834 ] 87 root - INFO - Hypothesis ay_002: float64, float64 
[ 2023-03-18 08:41:37,868 ] 87 root - INFO - Hypothesis ay_003: float64, float64 
[ 2023-03-18 08:41:37,905 ] 87 root - INFO - Hypothesis ay_004: float64, float64 
[ 2023-03-18 08:41:37,942 ] 87 root - INFO - Hypothesis ay_005: float64, float64 
[ 2023-03-18 08:41:37,982 ] 87 root - INFO - Hypothesis ay_006: float64, float64 
[ 2023-03-18 08:41:37,992 ] 87 root - INFO - Hypothesis ay_007: float64, float64 
[ 2023-03-18 08:41:38,002 ] 87 root - INFO - Hypothesis ay_008: float64, float64 
[ 2023-03-18 08:41:38,013 ] 87 root - INFO - Hypothesis ay_009: float64, float64 
[ 2023-03-18 08:41:38,048 ] 87 root - INFO - Hypothesis az_000: float64, float64 
[ 2023-03-18 08:41:38,060 ] 87 root - INFO - Hypothesis az_001: float64, float64 
[ 2023-03-18 08:41:38,069 ] 87 root - INFO - Hypothesis az_002: float64, float64 
[ 2023-03-18 08:41:38,078 ] 87 root - INFO - Hypothesis az_003: float64, float64 
[ 2023-03-18 08:41:38,088 ] 87 root - INFO - Hypothesis az_004: float64, float64 
[ 2023-03-18 08:41:38,098 ] 87 root - INFO - Hypothesis az_005: float64, float64 
[ 2023-03-18 08:41:38,109 ] 87 root - INFO - Hypothesis az_006: float64, float64 
[ 2023-03-18 08:41:38,150 ] 87 root - INFO - Hypothesis az_007: float64, float64 
[ 2023-03-18 08:41:38,186 ] 87 root - INFO - Hypothesis az_008: float64, float64 
[ 2023-03-18 08:41:38,223 ] 87 root - INFO - Hypothesis az_009: float64, float64 
[ 2023-03-18 08:41:38,259 ] 87 root - INFO - Hypothesis ba_000: float64, float64 
[ 2023-03-18 08:41:38,269 ] 87 root - INFO - Hypothesis ba_001: float64, float64 
[ 2023-03-18 08:41:38,280 ] 87 root - INFO - Hypothesis ba_002: float64, float64 
[ 2023-03-18 08:41:38,290 ] 87 root - INFO - Hypothesis ba_003: float64, float64 
[ 2023-03-18 08:41:38,301 ] 87 root - INFO - Hypothesis ba_004: float64, float64 
[ 2023-03-18 08:41:38,311 ] 87 root - INFO - Hypothesis ba_005: float64, float64 
[ 2023-03-18 08:41:38,321 ] 87 root - INFO - Hypothesis ba_006: float64, float64 
[ 2023-03-18 08:41:38,331 ] 87 root - INFO - Hypothesis ba_007: float64, float64 
[ 2023-03-18 08:41:38,340 ] 87 root - INFO - Hypothesis ba_008: float64, float64 
[ 2023-03-18 08:41:38,379 ] 87 root - INFO - Hypothesis ba_009: float64, float64 
[ 2023-03-18 08:41:38,417 ] 87 root - INFO - Hypothesis bb_000: float64, float64 
[ 2023-03-18 08:41:38,428 ] 87 root - INFO - Hypothesis bc_000: float64, float64 
[ 2023-03-18 08:41:38,467 ] 87 root - INFO - Hypothesis bd_000: float64, float64 
[ 2023-03-18 08:41:38,475 ] 87 root - INFO - Hypothesis be_000: float64, float64 
[ 2023-03-18 08:41:38,483 ] 87 root - INFO - Hypothesis bf_000: float64, float64 
[ 2023-03-18 08:41:38,490 ] 87 root - INFO - Hypothesis bg_000: float64, float64 
[ 2023-03-18 08:41:38,500 ] 87 root - INFO - Hypothesis bh_000: float64, float64 
[ 2023-03-18 08:41:38,510 ] 87 root - INFO - Hypothesis bi_000: float64, float64 
[ 2023-03-18 08:41:38,521 ] 87 root - INFO - Hypothesis bj_000: float64, float64 
[ 2023-03-18 08:41:38,531 ] 87 root - INFO - Hypothesis bs_000: float64, float64 
[ 2023-03-18 08:41:38,542 ] 87 root - INFO - Hypothesis bt_000: float64, float64 
[ 2023-03-18 08:41:38,627 ] 87 root - INFO - Hypothesis bu_000: float64, float64 
[ 2023-03-18 08:41:38,638 ] 87 root - INFO - Hypothesis bv_000: float64, float64 
[ 2023-03-18 08:41:38,648 ] 87 root - INFO - Hypothesis bx_000: float64, float64 
[ 2023-03-18 08:41:38,658 ] 87 root - INFO - Hypothesis by_000: float64, float64 
[ 2023-03-18 08:41:38,668 ] 87 root - INFO - Hypothesis bz_000: float64, float64 
[ 2023-03-18 08:41:38,677 ] 87 root - INFO - Hypothesis ca_000: float64, float64 
[ 2023-03-18 08:41:38,688 ] 87 root - INFO - Hypothesis cb_000: float64, float64 
[ 2023-03-18 08:41:38,699 ] 87 root - INFO - Hypothesis cc_000: float64, float64 
[ 2023-03-18 08:41:38,709 ] 87 root - INFO - Hypothesis cd_000: float64, float64 
[ 2023-03-18 08:41:38,745 ] 87 root - INFO - Hypothesis ce_000: float64, float64 
[ 2023-03-18 08:41:38,754 ] 87 root - INFO - Hypothesis ci_000: float64, float64 
[ 2023-03-18 08:41:38,764 ] 87 root - INFO - Hypothesis cj_000: float64, float64 
[ 2023-03-18 08:41:38,801 ] 87 root - INFO - Hypothesis ck_000: float64, float64 
[ 2023-03-18 08:41:38,812 ] 87 root - INFO - Hypothesis cl_000: float64, float64 
[ 2023-03-18 08:41:38,817 ] 87 root - INFO - Hypothesis cm_000: float64, float64 
[ 2023-03-18 08:41:38,824 ] 87 root - INFO - Hypothesis cn_000: float64, float64 
[ 2023-03-18 08:41:38,860 ] 87 root - INFO - Hypothesis cn_001: float64, float64 
[ 2023-03-18 08:41:38,897 ] 87 root - INFO - Hypothesis cn_002: float64, float64 
[ 2023-03-18 08:41:38,904 ] 87 root - INFO - Hypothesis cn_003: float64, float64 
[ 2023-03-18 08:41:38,915 ] 87 root - INFO - Hypothesis cn_004: float64, float64 
[ 2023-03-18 08:41:38,926 ] 87 root - INFO - Hypothesis cn_005: float64, float64 
[ 2023-03-18 08:41:38,936 ] 87 root - INFO - Hypothesis cn_006: float64, float64 
[ 2023-03-18 08:41:38,946 ] 87 root - INFO - Hypothesis cn_007: float64, float64 
[ 2023-03-18 08:41:38,955 ] 87 root - INFO - Hypothesis cn_008: float64, float64 
[ 2023-03-18 08:41:38,964 ] 87 root - INFO - Hypothesis cn_009: float64, float64 
[ 2023-03-18 08:41:39,005 ] 87 root - INFO - Hypothesis cp_000: float64, float64 
[ 2023-03-18 08:41:39,047 ] 87 root - INFO - Hypothesis cq_000: float64, float64 
[ 2023-03-18 08:41:39,058 ] 87 root - INFO - Hypothesis cs_000: float64, float64 
[ 2023-03-18 08:41:39,069 ] 87 root - INFO - Hypothesis cs_001: float64, float64 
[ 2023-03-18 08:41:39,078 ] 87 root - INFO - Hypothesis cs_002: float64, float64 
[ 2023-03-18 08:41:39,088 ] 87 root - INFO - Hypothesis cs_003: float64, float64 
[ 2023-03-18 08:41:39,099 ] 87 root - INFO - Hypothesis cs_004: float64, float64 
[ 2023-03-18 08:41:39,109 ] 87 root - INFO - Hypothesis cs_005: float64, float64 
[ 2023-03-18 08:41:39,119 ] 87 root - INFO - Hypothesis cs_006: float64, float64 
[ 2023-03-18 08:41:39,130 ] 87 root - INFO - Hypothesis cs_007: float64, float64 
[ 2023-03-18 08:41:39,140 ] 87 root - INFO - Hypothesis cs_008: float64, float64 
[ 2023-03-18 08:41:39,179 ] 87 root - INFO - Hypothesis cs_009: float64, float64 
[ 2023-03-18 08:41:39,215 ] 87 root - INFO - Hypothesis dd_000: float64, float64 
[ 2023-03-18 08:41:39,224 ] 87 root - INFO - Hypothesis de_000: float64, float64 
[ 2023-03-18 08:41:39,233 ] 87 root - INFO - Hypothesis df_000: float64, float64 
[ 2023-03-18 08:41:39,268 ] 87 root - INFO - Hypothesis dg_000: float64, float64 
[ 2023-03-18 08:41:39,305 ] 87 root - INFO - Hypothesis dh_000: float64, float64 
[ 2023-03-18 08:41:39,310 ] 87 root - INFO - Hypothesis di_000: float64, float64 
[ 2023-03-18 08:41:39,348 ] 87 root - INFO - Hypothesis dj_000: float64, float64 
[ 2023-03-18 08:41:39,384 ] 87 root - INFO - Hypothesis dk_000: float64, float64 
[ 2023-03-18 08:41:39,421 ] 87 root - INFO - Hypothesis dl_000: float64, float64 
[ 2023-03-18 08:41:39,457 ] 87 root - INFO - Hypothesis dm_000: float64, float64 
[ 2023-03-18 08:41:39,494 ] 87 root - INFO - Hypothesis dn_000: float64, float64 
[ 2023-03-18 08:41:39,504 ] 87 root - INFO - Hypothesis do_000: float64, float64 
[ 2023-03-18 08:41:39,513 ] 87 root - INFO - Hypothesis dp_000: float64, float64 
[ 2023-03-18 08:41:39,522 ] 87 root - INFO - Hypothesis dq_000: float64, float64 
[ 2023-03-18 08:41:39,560 ] 87 root - INFO - Hypothesis dr_000: float64, float64 
[ 2023-03-18 08:41:39,599 ] 87 root - INFO - Hypothesis ds_000: float64, float64 
[ 2023-03-18 08:41:39,609 ] 87 root - INFO - Hypothesis dt_000: float64, float64 
[ 2023-03-18 08:41:39,619 ] 87 root - INFO - Hypothesis du_000: float64, float64 
[ 2023-03-18 08:41:39,629 ] 87 root - INFO - Hypothesis dv_000: float64, float64 
[ 2023-03-18 08:41:39,639 ] 87 root - INFO - Hypothesis dx_000: float64, float64 
[ 2023-03-18 08:41:39,678 ] 87 root - INFO - Hypothesis dy_000: float64, float64 
[ 2023-03-18 08:41:39,715 ] 87 root - INFO - Hypothesis dz_000: float64, float64 
[ 2023-03-18 08:41:39,751 ] 87 root - INFO - Hypothesis ea_000: float64, float64 
[ 2023-03-18 08:41:39,787 ] 87 root - INFO - Hypothesis eb_000: float64, float64 
[ 2023-03-18 08:41:39,795 ] 87 root - INFO - Hypothesis ec_00: float64, float64 
[ 2023-03-18 08:41:39,805 ] 87 root - INFO - Hypothesis ed_000: float64, float64 
[ 2023-03-18 08:41:39,814 ] 87 root - INFO - Hypothesis ee_000: float64, float64 
[ 2023-03-18 08:41:39,824 ] 87 root - INFO - Hypothesis ee_001: float64, float64 
[ 2023-03-18 08:41:39,834 ] 87 root - INFO - Hypothesis ee_002: float64, float64 
[ 2023-03-18 08:41:39,845 ] 87 root - INFO - Hypothesis ee_003: float64, float64 
[ 2023-03-18 08:41:39,855 ] 87 root - INFO - Hypothesis ee_004: float64, float64 
[ 2023-03-18 08:41:39,865 ] 87 root - INFO - Hypothesis ee_005: float64, float64 
[ 2023-03-18 08:41:39,875 ] 87 root - INFO - Hypothesis ee_006: float64, float64 
[ 2023-03-18 08:41:39,885 ] 87 root - INFO - Hypothesis ee_007: float64, float64 
[ 2023-03-18 08:41:39,894 ] 87 root - INFO - Hypothesis ee_008: float64, float64 
[ 2023-03-18 08:41:39,903 ] 87 root - INFO - Hypothesis ee_009: float64, float64 
[ 2023-03-18 08:41:39,911 ] 87 root - INFO - Hypothesis ef_000: float64, float64 
[ 2023-03-18 08:41:39,947 ] 87 root - INFO - Hypothesis eg_000: float64, float64 
[ 2023-03-18 08:41:39,983 ] 146 root - INFO - As all column are available in test df hence detecting data drift
[ 2023-03-18 08:41:39,983 ] 87 root - INFO - Hypothesis class: object, object 
[ 2023-03-18 08:41:40,059 ] 87 root - INFO - Hypothesis aa_000: float64, float64 
[ 2023-03-18 08:41:40,066 ] 87 root - INFO - Hypothesis ac_000: float64, float64 
[ 2023-03-18 08:41:40,071 ] 87 root - INFO - Hypothesis ae_000: float64, float64 
[ 2023-03-18 08:41:40,087 ] 87 root - INFO - Hypothesis af_000: float64, float64 
[ 2023-03-18 08:41:40,102 ] 87 root - INFO - Hypothesis ag_000: float64, float64 
[ 2023-03-18 08:41:40,116 ] 87 root - INFO - Hypothesis ag_001: float64, float64 
[ 2023-03-18 08:41:40,131 ] 87 root - INFO - Hypothesis ag_002: float64, float64 
[ 2023-03-18 08:41:40,134 ] 87 root - INFO - Hypothesis ag_003: float64, float64 
[ 2023-03-18 08:41:40,138 ] 87 root - INFO - Hypothesis ag_004: float64, float64 
[ 2023-03-18 08:41:40,145 ] 87 root - INFO - Hypothesis ag_005: float64, float64 
[ 2023-03-18 08:41:40,152 ] 87 root - INFO - Hypothesis ag_006: float64, float64 
[ 2023-03-18 08:41:40,159 ] 87 root - INFO - Hypothesis ag_007: float64, float64 
[ 2023-03-18 08:41:40,165 ] 87 root - INFO - Hypothesis ag_008: float64, float64 
[ 2023-03-18 08:41:40,171 ] 87 root - INFO - Hypothesis ag_009: float64, float64 
[ 2023-03-18 08:41:40,175 ] 87 root - INFO - Hypothesis ah_000: float64, float64 
[ 2023-03-18 08:41:40,182 ] 87 root - INFO - Hypothesis ai_000: float64, float64 
[ 2023-03-18 08:41:40,186 ] 87 root - INFO - Hypothesis aj_000: float64, float64 
[ 2023-03-18 08:41:40,189 ] 87 root - INFO - Hypothesis ak_000: float64, float64 
[ 2023-03-18 08:41:40,193 ] 87 root - INFO - Hypothesis al_000: float64, float64 
[ 2023-03-18 08:41:40,197 ] 87 root - INFO - Hypothesis am_0: float64, float64 
[ 2023-03-18 08:41:40,202 ] 87 root - INFO - Hypothesis an_000: float64, float64 
[ 2023-03-18 08:41:40,209 ] 87 root - INFO - Hypothesis ao_000: float64, float64 
[ 2023-03-18 08:41:40,217 ] 87 root - INFO - Hypothesis ap_000: float64, float64 
[ 2023-03-18 08:41:40,224 ] 87 root - INFO - Hypothesis aq_000: float64, float64 
[ 2023-03-18 08:41:40,230 ] 87 root - INFO - Hypothesis ar_000: float64, float64 
[ 2023-03-18 08:41:40,246 ] 87 root - INFO - Hypothesis as_000: float64, float64 
[ 2023-03-18 08:41:40,260 ] 87 root - INFO - Hypothesis at_000: float64, float64 
[ 2023-03-18 08:41:40,276 ] 87 root - INFO - Hypothesis au_000: float64, float64 
[ 2023-03-18 08:41:40,290 ] 87 root - INFO - Hypothesis av_000: float64, float64 
[ 2023-03-18 08:41:40,296 ] 87 root - INFO - Hypothesis ax_000: float64, float64 
[ 2023-03-18 08:41:40,301 ] 87 root - INFO - Hypothesis ay_000: float64, float64 
[ 2023-03-18 08:41:40,316 ] 87 root - INFO - Hypothesis ay_001: float64, float64 
[ 2023-03-18 08:41:40,330 ] 87 root - INFO - Hypothesis ay_002: float64, float64 
[ 2023-03-18 08:41:40,350 ] 87 root - INFO - Hypothesis ay_003: float64, float64 
[ 2023-03-18 08:41:40,366 ] 87 root - INFO - Hypothesis ay_004: float64, float64 
[ 2023-03-18 08:41:40,381 ] 87 root - INFO - Hypothesis ay_005: float64, float64 
[ 2023-03-18 08:41:40,386 ] 87 root - INFO - Hypothesis ay_006: float64, float64 
[ 2023-03-18 08:41:40,392 ] 87 root - INFO - Hypothesis ay_007: float64, float64 
[ 2023-03-18 08:41:40,399 ] 87 root - INFO - Hypothesis ay_008: float64, float64 
[ 2023-03-18 08:41:40,406 ] 87 root - INFO - Hypothesis ay_009: float64, float64 
[ 2023-03-18 08:41:40,421 ] 87 root - INFO - Hypothesis az_000: float64, float64 
[ 2023-03-18 08:41:40,428 ] 87 root - INFO - Hypothesis az_001: float64, float64 
[ 2023-03-18 08:41:40,434 ] 87 root - INFO - Hypothesis az_002: float64, float64 
[ 2023-03-18 08:41:40,440 ] 87 root - INFO - Hypothesis az_003: float64, float64 
[ 2023-03-18 08:41:40,447 ] 87 root - INFO - Hypothesis az_004: float64, float64 
[ 2023-03-18 08:41:40,454 ] 87 root - INFO - Hypothesis az_005: float64, float64 
[ 2023-03-18 08:41:40,461 ] 87 root - INFO - Hypothesis az_006: float64, float64 
[ 2023-03-18 08:41:40,467 ] 87 root - INFO - Hypothesis az_007: float64, float64 
[ 2023-03-18 08:41:40,471 ] 87 root - INFO - Hypothesis az_008: float64, float64 
[ 2023-03-18 08:41:40,486 ] 87 root - INFO - Hypothesis az_009: float64, float64 
[ 2023-03-18 08:41:40,501 ] 87 root - INFO - Hypothesis ba_000: float64, float64 
[ 2023-03-18 08:41:40,508 ] 87 root - INFO - Hypothesis ba_001: float64, float64 
[ 2023-03-18 08:41:40,515 ] 87 root - INFO - Hypothesis ba_002: float64, float64 
[ 2023-03-18 08:41:40,522 ] 87 root - INFO - Hypothesis ba_003: float64, float64 
[ 2023-03-18 08:41:40,529 ] 87 root - INFO - Hypothesis ba_004: float64, float64 
[ 2023-03-18 08:41:40,536 ] 87 root - INFO - Hypothesis ba_005: float64, float64 
[ 2023-03-18 08:41:40,542 ] 87 root - INFO - Hypothesis ba_006: float64, float64 
[ 2023-03-18 08:41:40,549 ] 87 root - INFO - Hypothesis ba_007: float64, float64 
[ 2023-03-18 08:41:40,556 ] 87 root - INFO - Hypothesis ba_008: float64, float64 
[ 2023-03-18 08:41:40,561 ] 87 root - INFO - Hypothesis ba_009: float64, float64 
[ 2023-03-18 08:41:40,565 ] 87 root - INFO - Hypothesis bb_000: float64, float64 
[ 2023-03-18 08:41:40,572 ] 87 root - INFO - Hypothesis bc_000: float64, float64 
[ 2023-03-18 08:41:40,577 ] 87 root - INFO - Hypothesis bd_000: float64, float64 
[ 2023-03-18 08:41:40,583 ] 87 root - INFO - Hypothesis be_000: float64, float64 
[ 2023-03-18 08:41:40,589 ] 87 root - INFO - Hypothesis bf_000: float64, float64 
[ 2023-03-18 08:41:40,593 ] 87 root - INFO - Hypothesis bg_000: float64, float64 
[ 2023-03-18 08:41:40,601 ] 87 root - INFO - Hypothesis bh_000: float64, float64 
[ 2023-03-18 08:41:40,607 ] 87 root - INFO - Hypothesis bi_000: float64, float64 
[ 2023-03-18 08:41:40,615 ] 87 root - INFO - Hypothesis bj_000: float64, float64 
[ 2023-03-18 08:41:40,622 ] 87 root - INFO - Hypothesis bs_000: float64, float64 
[ 2023-03-18 08:41:40,629 ] 87 root - INFO - Hypothesis bt_000: float64, float64 
[ 2023-03-18 08:41:40,636 ] 87 root - INFO - Hypothesis bu_000: float64, float64 
[ 2023-03-18 08:41:40,643 ] 87 root - INFO - Hypothesis bv_000: float64, float64 
[ 2023-03-18 08:41:40,650 ] 87 root - INFO - Hypothesis bx_000: float64, float64 
[ 2023-03-18 08:41:40,656 ] 87 root - INFO - Hypothesis by_000: float64, float64 
[ 2023-03-18 08:41:40,663 ] 87 root - INFO - Hypothesis bz_000: float64, float64 
[ 2023-03-18 08:41:40,669 ] 87 root - INFO - Hypothesis ca_000: float64, float64 
[ 2023-03-18 08:41:40,676 ] 87 root - INFO - Hypothesis cb_000: float64, float64 
[ 2023-03-18 08:41:40,683 ] 87 root - INFO - Hypothesis cc_000: float64, float64 
[ 2023-03-18 08:41:40,690 ] 87 root - INFO - Hypothesis cd_000: float64, float64 
[ 2023-03-18 08:41:40,705 ] 87 root - INFO - Hypothesis ce_000: float64, float64 
[ 2023-03-18 08:41:40,711 ] 87 root - INFO - Hypothesis ci_000: float64, float64 
[ 2023-03-18 08:41:40,718 ] 87 root - INFO - Hypothesis cj_000: float64, float64 
[ 2023-03-18 08:41:40,722 ] 87 root - INFO - Hypothesis ck_000: float64, float64 
[ 2023-03-18 08:41:40,729 ] 87 root - INFO - Hypothesis cl_000: float64, float64 
[ 2023-03-18 08:41:40,733 ] 87 root - INFO - Hypothesis cm_000: float64, float64 
[ 2023-03-18 08:41:40,738 ] 87 root - INFO - Hypothesis cn_000: float64, float64 
[ 2023-03-18 08:41:40,753 ] 87 root - INFO - Hypothesis cn_001: float64, float64 
[ 2023-03-18 08:41:40,757 ] 87 root - INFO - Hypothesis cn_002: float64, float64 
[ 2023-03-18 08:41:40,763 ] 87 root - INFO - Hypothesis cn_003: float64, float64 
[ 2023-03-18 08:41:40,770 ] 87 root - INFO - Hypothesis cn_004: float64, float64 
[ 2023-03-18 08:41:40,777 ] 87 root - INFO - Hypothesis cn_005: float64, float64 
[ 2023-03-18 08:41:40,784 ] 87 root - INFO - Hypothesis cn_006: float64, float64 
[ 2023-03-18 08:41:40,790 ] 87 root - INFO - Hypothesis cn_007: float64, float64 
[ 2023-03-18 08:41:40,797 ] 87 root - INFO - Hypothesis cn_008: float64, float64 
[ 2023-03-18 08:41:40,803 ] 87 root - INFO - Hypothesis cn_009: float64, float64 
[ 2023-03-18 08:41:40,808 ] 87 root - INFO - Hypothesis cp_000: float64, float64 
[ 2023-03-18 08:41:40,813 ] 87 root - INFO - Hypothesis cq_000: float64, float64 
[ 2023-03-18 08:41:40,820 ] 87 root - INFO - Hypothesis cs_000: float64, float64 
[ 2023-03-18 08:41:40,827 ] 87 root - INFO - Hypothesis cs_001: float64, float64 
[ 2023-03-18 08:41:40,832 ] 87 root - INFO - Hypothesis cs_002: float64, float64 
[ 2023-03-18 08:41:40,839 ] 87 root - INFO - Hypothesis cs_003: float64, float64 
[ 2023-03-18 08:41:40,846 ] 87 root - INFO - Hypothesis cs_004: float64, float64 
[ 2023-03-18 08:41:40,853 ] 87 root - INFO - Hypothesis cs_005: float64, float64 
[ 2023-03-18 08:41:40,860 ] 87 root - INFO - Hypothesis cs_006: float64, float64 
[ 2023-03-18 08:41:40,867 ] 87 root - INFO - Hypothesis cs_007: float64, float64 
[ 2023-03-18 08:41:40,874 ] 87 root - INFO - Hypothesis cs_008: float64, float64 
[ 2023-03-18 08:41:40,879 ] 87 root - INFO - Hypothesis cs_009: float64, float64 
[ 2023-03-18 08:41:40,894 ] 87 root - INFO - Hypothesis dd_000: float64, float64 
[ 2023-03-18 08:41:40,900 ] 87 root - INFO - Hypothesis de_000: float64, float64 
[ 2023-03-18 08:41:40,906 ] 87 root - INFO - Hypothesis df_000: float64, float64 
[ 2023-03-18 08:41:40,909 ] 87 root - INFO - Hypothesis dg_000: float64, float64 
[ 2023-03-18 08:41:40,912 ] 87 root - INFO - Hypothesis dh_000: float64, float64 
[ 2023-03-18 08:41:40,916 ] 87 root - INFO - Hypothesis di_000: float64, float64 
[ 2023-03-18 08:41:40,920 ] 87 root - INFO - Hypothesis dj_000: float64, float64 
[ 2023-03-18 08:41:40,936 ] 87 root - INFO - Hypothesis dk_000: float64, float64 
[ 2023-03-18 08:41:40,939 ] 87 root - INFO - Hypothesis dl_000: float64, float64 
[ 2023-03-18 08:41:40,954 ] 87 root - INFO - Hypothesis dm_000: float64, float64 
[ 2023-03-18 08:41:40,970 ] 87 root - INFO - Hypothesis dn_000: float64, float64 
[ 2023-03-18 08:41:40,977 ] 87 root - INFO - Hypothesis do_000: float64, float64 
[ 2023-03-18 08:41:40,983 ] 87 root - INFO - Hypothesis dp_000: float64, float64 
[ 2023-03-18 08:41:40,989 ] 87 root - INFO - Hypothesis dq_000: float64, float64 
[ 2023-03-18 08:41:40,993 ] 87 root - INFO - Hypothesis dr_000: float64, float64 
[ 2023-03-18 08:41:40,997 ] 87 root - INFO - Hypothesis ds_000: float64, float64 
[ 2023-03-18 08:41:41,005 ] 87 root - INFO - Hypothesis dt_000: float64, float64 
[ 2023-03-18 08:41:41,011 ] 87 root - INFO - Hypothesis du_000: float64, float64 
[ 2023-03-18 08:41:41,019 ] 87 root - INFO - Hypothesis dv_000: float64, float64 
[ 2023-03-18 08:41:41,026 ] 87 root - INFO - Hypothesis dx_000: float64, float64 
[ 2023-03-18 08:41:41,030 ] 87 root - INFO - Hypothesis dy_000: float64, float64 
[ 2023-03-18 08:41:41,035 ] 87 root - INFO - Hypothesis dz_000: float64, float64 
[ 2023-03-18 08:41:41,050 ] 87 root - INFO - Hypothesis ea_000: float64, float64 
[ 2023-03-18 08:41:41,065 ] 87 root - INFO - Hypothesis eb_000: float64, float64 
[ 2023-03-18 08:41:41,071 ] 87 root - INFO - Hypothesis ec_00: float64, float64 
[ 2023-03-18 08:41:41,078 ] 87 root - INFO - Hypothesis ed_000: float64, float64 
[ 2023-03-18 08:41:41,084 ] 87 root - INFO - Hypothesis ee_000: float64, float64 
[ 2023-03-18 08:41:41,091 ] 87 root - INFO - Hypothesis ee_001: float64, float64 
[ 2023-03-18 08:41:41,099 ] 87 root - INFO - Hypothesis ee_002: float64, float64 
[ 2023-03-18 08:41:41,106 ] 87 root - INFO - Hypothesis ee_003: float64, float64 
[ 2023-03-18 08:41:41,112 ] 87 root - INFO - Hypothesis ee_004: float64, float64 
[ 2023-03-18 08:41:41,119 ] 87 root - INFO - Hypothesis ee_005: float64, float64 
[ 2023-03-18 08:41:41,126 ] 87 root - INFO - Hypothesis ee_006: float64, float64 
[ 2023-03-18 08:41:41,133 ] 87 root - INFO - Hypothesis ee_007: float64, float64 
[ 2023-03-18 08:41:41,139 ] 87 root - INFO - Hypothesis ee_008: float64, float64 
[ 2023-03-18 08:41:41,145 ] 87 root - INFO - Hypothesis ee_009: float64, float64 
[ 2023-03-18 08:41:41,150 ] 87 root - INFO - Hypothesis ef_000: float64, float64 
[ 2023-03-18 08:41:41,166 ] 87 root - INFO - Hypothesis eg_000: float64, float64 
[ 2023-03-18 08:41:41,180 ] 150 root - INFO - Write reprt in yaml file
[ 2023-03-18 08:41:41,184 ] 154 root - INFO - Data validation artifact: DataValidationArtifact(report_file_path='/config/workspace/artifact/03182023__084117/data_validation/report.yaml')
